<?xml version="1.0" encoding="UTF-8"?>
<testsuites name="jest tests" tests="149" failures="149" errors="0" time="121.501">
  <testsuite name="党费管理API测试" errors="0" failures="43" skipped="0" timestamp="2025-08-25T10:38:39" time="30.404" tests="43">
    <testcase classname="党费管理API测试 › 党费标准管理 › 创建党费标准" name="管理员创建党费标准" time="0.001">
      <failure>Error: thrown: &quot;Exceeded timeout of 30000 ms for a hook.
Add a timeout value to this test to increase the timeout, if this is a long-running test. See https://jestjs.io/docs/api#testname-fn-timeout.&quot;
    at Object.beforeAll (/Users/mysoft/Code/AI Coding/party-management-system/api-tests/setup.js:361:1)
    at Runtime._execModule (/Users/mysoft/Code/AI Coding/party-management-system/api-tests/node_modules/jest-runtime/build/index.js:1439:24)
    at Runtime._loadModule (/Users/mysoft/Code/AI Coding/party-management-system/api-tests/node_modules/jest-runtime/build/index.js:1022:12)
    at Runtime.requireModule (/Users/mysoft/Code/AI Coding/party-management-system/api-tests/node_modules/jest-runtime/build/index.js:882:12)
    at jestAdapter (/Users/mysoft/Code/AI Coding/party-management-system/api-tests/node_modules/jest-circus/build/legacy-code-todo-rewrite/jestAdapter.js:70:15)
    at processTicksAndRejections (node:internal/process/task_queues:105:5)
    at runTestInternal (/Users/mysoft/Code/AI Coding/party-management-system/api-tests/node_modules/jest-runner/build/runTest.js:367:16)
    at runTest (/Users/mysoft/Code/AI Coding/party-management-system/api-tests/node_modules/jest-runner/build/runTest.js:444:34)</failure>
      <failure>AggregateError: 
    at AxiosError.Object.&lt;anonymous&gt;.AxiosError.from (/Users/mysoft/Code/AI Coding/party-management-system/api-tests/node_modules/axios/lib/core/AxiosError.js:92:14)
    at RedirectableRequest.handleRequestError (/Users/mysoft/Code/AI Coding/party-management-system/api-tests/node_modules/axios/lib/adapters/http.js:620:25)
    at RedirectableRequest.emit (node:events:519:35)
    at ClientRequest.eventHandlers.&lt;computed&gt; (/Users/mysoft/Code/AI Coding/party-management-system/api-tests/node_modules/follow-redirects/index.js:49:24)
    at ClientRequest.emit (node:events:507:28)
    at emitErrorEvent (node:_http_client:104:11)
    at Socket.socketErrorListener (node:_http_client:518:5)
    at Socket.emit (node:events:507:28)
    at emitErrorNT (node:internal/streams/destroy:170:8)
    at emitErrorCloseNT (node:internal/streams/destroy:129:3)
    at processTicksAndRejections (node:internal/process/task_queues:90:21)
    at Axios.request (/Users/mysoft/Code/AI Coding/party-management-system/api-tests/node_modules/axios/lib/core/Axios.js:45:41)
    at processTicksAndRejections (node:internal/process/task_queues:105:5)
    at Object.loginAsAdmin (/Users/mysoft/Code/AI Coding/party-management-system/api-tests/setup.js:39:24)
    at Object.getAdminAuthHeaders (/Users/mysoft/Code/AI Coding/party-management-system/api-tests/setup.js:80:7)
    at Object.&lt;anonymous&gt; (/Users/mysoft/Code/AI Coding/party-management-system/api-tests/fees.test.js:14:20)</failure>
    </testcase>
    <testcase classname="党费管理API测试 › 党费标准管理 › 创建党费标准" name="普通用户创建党费标准应失败" time="0">
      <failure>Error: thrown: &quot;Exceeded timeout of 30000 ms for a hook.
Add a timeout value to this test to increase the timeout, if this is a long-running test. See https://jestjs.io/docs/api#testname-fn-timeout.&quot;
    at Object.beforeAll (/Users/mysoft/Code/AI Coding/party-management-system/api-tests/setup.js:361:1)
    at Runtime._execModule (/Users/mysoft/Code/AI Coding/party-management-system/api-tests/node_modules/jest-runtime/build/index.js:1439:24)
    at Runtime._loadModule (/Users/mysoft/Code/AI Coding/party-management-system/api-tests/node_modules/jest-runtime/build/index.js:1022:12)
    at Runtime.requireModule (/Users/mysoft/Code/AI Coding/party-management-system/api-tests/node_modules/jest-runtime/build/index.js:882:12)
    at jestAdapter (/Users/mysoft/Code/AI Coding/party-management-system/api-tests/node_modules/jest-circus/build/legacy-code-todo-rewrite/jestAdapter.js:70:15)
    at processTicksAndRejections (node:internal/process/task_queues:105:5)
    at runTestInternal (/Users/mysoft/Code/AI Coding/party-management-system/api-tests/node_modules/jest-runner/build/runTest.js:367:16)
    at runTest (/Users/mysoft/Code/AI Coding/party-management-system/api-tests/node_modules/jest-runner/build/runTest.js:444:34)</failure>
      <failure>AggregateError: 
    at AxiosError.Object.&lt;anonymous&gt;.AxiosError.from (/Users/mysoft/Code/AI Coding/party-management-system/api-tests/node_modules/axios/lib/core/AxiosError.js:92:14)
    at RedirectableRequest.handleRequestError (/Users/mysoft/Code/AI Coding/party-management-system/api-tests/node_modules/axios/lib/adapters/http.js:620:25)
    at RedirectableRequest.emit (node:events:519:35)
    at ClientRequest.eventHandlers.&lt;computed&gt; (/Users/mysoft/Code/AI Coding/party-management-system/api-tests/node_modules/follow-redirects/index.js:49:24)
    at ClientRequest.emit (node:events:507:28)
    at emitErrorEvent (node:_http_client:104:11)
    at Socket.socketErrorListener (node:_http_client:518:5)
    at Socket.emit (node:events:507:28)
    at emitErrorNT (node:internal/streams/destroy:170:8)
    at emitErrorCloseNT (node:internal/streams/destroy:129:3)
    at processTicksAndRejections (node:internal/process/task_queues:90:21)
    at Axios.request (/Users/mysoft/Code/AI Coding/party-management-system/api-tests/node_modules/axios/lib/core/Axios.js:45:41)
    at processTicksAndRejections (node:internal/process/task_queues:105:5)
    at Object.loginAsAdmin (/Users/mysoft/Code/AI Coding/party-management-system/api-tests/setup.js:39:24)
    at Object.getAdminAuthHeaders (/Users/mysoft/Code/AI Coding/party-management-system/api-tests/setup.js:80:7)
    at Object.&lt;anonymous&gt; (/Users/mysoft/Code/AI Coding/party-management-system/api-tests/fees.test.js:14:20)</failure>
    </testcase>
    <testcase classname="党费管理API测试 › 党费标准管理 › 创建党费标准" name="缺少必填字段创建应失败" time="0">
      <failure>Error: thrown: &quot;Exceeded timeout of 30000 ms for a hook.
Add a timeout value to this test to increase the timeout, if this is a long-running test. See https://jestjs.io/docs/api#testname-fn-timeout.&quot;
    at Object.beforeAll (/Users/mysoft/Code/AI Coding/party-management-system/api-tests/setup.js:361:1)
    at Runtime._execModule (/Users/mysoft/Code/AI Coding/party-management-system/api-tests/node_modules/jest-runtime/build/index.js:1439:24)
    at Runtime._loadModule (/Users/mysoft/Code/AI Coding/party-management-system/api-tests/node_modules/jest-runtime/build/index.js:1022:12)
    at Runtime.requireModule (/Users/mysoft/Code/AI Coding/party-management-system/api-tests/node_modules/jest-runtime/build/index.js:882:12)
    at jestAdapter (/Users/mysoft/Code/AI Coding/party-management-system/api-tests/node_modules/jest-circus/build/legacy-code-todo-rewrite/jestAdapter.js:70:15)
    at processTicksAndRejections (node:internal/process/task_queues:105:5)
    at runTestInternal (/Users/mysoft/Code/AI Coding/party-management-system/api-tests/node_modules/jest-runner/build/runTest.js:367:16)
    at runTest (/Users/mysoft/Code/AI Coding/party-management-system/api-tests/node_modules/jest-runner/build/runTest.js:444:34)</failure>
      <failure>AggregateError: 
    at AxiosError.Object.&lt;anonymous&gt;.AxiosError.from (/Users/mysoft/Code/AI Coding/party-management-system/api-tests/node_modules/axios/lib/core/AxiosError.js:92:14)
    at RedirectableRequest.handleRequestError (/Users/mysoft/Code/AI Coding/party-management-system/api-tests/node_modules/axios/lib/adapters/http.js:620:25)
    at RedirectableRequest.emit (node:events:519:35)
    at ClientRequest.eventHandlers.&lt;computed&gt; (/Users/mysoft/Code/AI Coding/party-management-system/api-tests/node_modules/follow-redirects/index.js:49:24)
    at ClientRequest.emit (node:events:507:28)
    at emitErrorEvent (node:_http_client:104:11)
    at Socket.socketErrorListener (node:_http_client:518:5)
    at Socket.emit (node:events:507:28)
    at emitErrorNT (node:internal/streams/destroy:170:8)
    at emitErrorCloseNT (node:internal/streams/destroy:129:3)
    at processTicksAndRejections (node:internal/process/task_queues:90:21)
    at Axios.request (/Users/mysoft/Code/AI Coding/party-management-system/api-tests/node_modules/axios/lib/core/Axios.js:45:41)
    at processTicksAndRejections (node:internal/process/task_queues:105:5)
    at Object.loginAsAdmin (/Users/mysoft/Code/AI Coding/party-management-system/api-tests/setup.js:39:24)
    at Object.getAdminAuthHeaders (/Users/mysoft/Code/AI Coding/party-management-system/api-tests/setup.js:80:7)
    at Object.&lt;anonymous&gt; (/Users/mysoft/Code/AI Coding/party-management-system/api-tests/fees.test.js:14:20)</failure>
    </testcase>
    <testcase classname="党费管理API测试 › 党费标准管理 › 创建党费标准" name="无效金额创建应失败" time="0">
      <failure>Error: thrown: &quot;Exceeded timeout of 30000 ms for a hook.
Add a timeout value to this test to increase the timeout, if this is a long-running test. See https://jestjs.io/docs/api#testname-fn-timeout.&quot;
    at Object.beforeAll (/Users/mysoft/Code/AI Coding/party-management-system/api-tests/setup.js:361:1)
    at Runtime._execModule (/Users/mysoft/Code/AI Coding/party-management-system/api-tests/node_modules/jest-runtime/build/index.js:1439:24)
    at Runtime._loadModule (/Users/mysoft/Code/AI Coding/party-management-system/api-tests/node_modules/jest-runtime/build/index.js:1022:12)
    at Runtime.requireModule (/Users/mysoft/Code/AI Coding/party-management-system/api-tests/node_modules/jest-runtime/build/index.js:882:12)
    at jestAdapter (/Users/mysoft/Code/AI Coding/party-management-system/api-tests/node_modules/jest-circus/build/legacy-code-todo-rewrite/jestAdapter.js:70:15)
    at processTicksAndRejections (node:internal/process/task_queues:105:5)
    at runTestInternal (/Users/mysoft/Code/AI Coding/party-management-system/api-tests/node_modules/jest-runner/build/runTest.js:367:16)
    at runTest (/Users/mysoft/Code/AI Coding/party-management-system/api-tests/node_modules/jest-runner/build/runTest.js:444:34)</failure>
      <failure>AggregateError: 
    at AxiosError.Object.&lt;anonymous&gt;.AxiosError.from (/Users/mysoft/Code/AI Coding/party-management-system/api-tests/node_modules/axios/lib/core/AxiosError.js:92:14)
    at RedirectableRequest.handleRequestError (/Users/mysoft/Code/AI Coding/party-management-system/api-tests/node_modules/axios/lib/adapters/http.js:620:25)
    at RedirectableRequest.emit (node:events:519:35)
    at ClientRequest.eventHandlers.&lt;computed&gt; (/Users/mysoft/Code/AI Coding/party-management-system/api-tests/node_modules/follow-redirects/index.js:49:24)
    at ClientRequest.emit (node:events:507:28)
    at emitErrorEvent (node:_http_client:104:11)
    at Socket.socketErrorListener (node:_http_client:518:5)
    at Socket.emit (node:events:507:28)
    at emitErrorNT (node:internal/streams/destroy:170:8)
    at emitErrorCloseNT (node:internal/streams/destroy:129:3)
    at processTicksAndRejections (node:internal/process/task_queues:90:21)
    at Axios.request (/Users/mysoft/Code/AI Coding/party-management-system/api-tests/node_modules/axios/lib/core/Axios.js:45:41)
    at processTicksAndRejections (node:internal/process/task_queues:105:5)
    at Object.loginAsAdmin (/Users/mysoft/Code/AI Coding/party-management-system/api-tests/setup.js:39:24)
    at Object.getAdminAuthHeaders (/Users/mysoft/Code/AI Coding/party-management-system/api-tests/setup.js:80:7)
    at Object.&lt;anonymous&gt; (/Users/mysoft/Code/AI Coding/party-management-system/api-tests/fees.test.js:14:20)</failure>
    </testcase>
    <testcase classname="党费管理API测试 › 党费标准管理 › 创建党费标准" name="重复名称创建应失败" time="0">
      <failure>Error: thrown: &quot;Exceeded timeout of 30000 ms for a hook.
Add a timeout value to this test to increase the timeout, if this is a long-running test. See https://jestjs.io/docs/api#testname-fn-timeout.&quot;
    at Object.beforeAll (/Users/mysoft/Code/AI Coding/party-management-system/api-tests/setup.js:361:1)
    at Runtime._execModule (/Users/mysoft/Code/AI Coding/party-management-system/api-tests/node_modules/jest-runtime/build/index.js:1439:24)
    at Runtime._loadModule (/Users/mysoft/Code/AI Coding/party-management-system/api-tests/node_modules/jest-runtime/build/index.js:1022:12)
    at Runtime.requireModule (/Users/mysoft/Code/AI Coding/party-management-system/api-tests/node_modules/jest-runtime/build/index.js:882:12)
    at jestAdapter (/Users/mysoft/Code/AI Coding/party-management-system/api-tests/node_modules/jest-circus/build/legacy-code-todo-rewrite/jestAdapter.js:70:15)
    at processTicksAndRejections (node:internal/process/task_queues:105:5)
    at runTestInternal (/Users/mysoft/Code/AI Coding/party-management-system/api-tests/node_modules/jest-runner/build/runTest.js:367:16)
    at runTest (/Users/mysoft/Code/AI Coding/party-management-system/api-tests/node_modules/jest-runner/build/runTest.js:444:34)</failure>
      <failure>AggregateError: 
    at AxiosError.Object.&lt;anonymous&gt;.AxiosError.from (/Users/mysoft/Code/AI Coding/party-management-system/api-tests/node_modules/axios/lib/core/AxiosError.js:92:14)
    at RedirectableRequest.handleRequestError (/Users/mysoft/Code/AI Coding/party-management-system/api-tests/node_modules/axios/lib/adapters/http.js:620:25)
    at RedirectableRequest.emit (node:events:519:35)
    at ClientRequest.eventHandlers.&lt;computed&gt; (/Users/mysoft/Code/AI Coding/party-management-system/api-tests/node_modules/follow-redirects/index.js:49:24)
    at ClientRequest.emit (node:events:507:28)
    at emitErrorEvent (node:_http_client:104:11)
    at Socket.socketErrorListener (node:_http_client:518:5)
    at Socket.emit (node:events:507:28)
    at emitErrorNT (node:internal/streams/destroy:170:8)
    at emitErrorCloseNT (node:internal/streams/destroy:129:3)
    at processTicksAndRejections (node:internal/process/task_queues:90:21)
    at Axios.request (/Users/mysoft/Code/AI Coding/party-management-system/api-tests/node_modules/axios/lib/core/Axios.js:45:41)
    at processTicksAndRejections (node:internal/process/task_queues:105:5)
    at Object.loginAsAdmin (/Users/mysoft/Code/AI Coding/party-management-system/api-tests/setup.js:39:24)
    at Object.getAdminAuthHeaders (/Users/mysoft/Code/AI Coding/party-management-system/api-tests/setup.js:80:7)
    at Object.&lt;anonymous&gt; (/Users/mysoft/Code/AI Coding/party-management-system/api-tests/fees.test.js:14:20)</failure>
    </testcase>
    <testcase classname="党费管理API测试 › 党费标准管理 › 查询党费标准" name="获取党费标准列表" time="0">
      <failure>Error: thrown: &quot;Exceeded timeout of 30000 ms for a hook.
Add a timeout value to this test to increase the timeout, if this is a long-running test. See https://jestjs.io/docs/api#testname-fn-timeout.&quot;
    at Object.beforeAll (/Users/mysoft/Code/AI Coding/party-management-system/api-tests/setup.js:361:1)
    at Runtime._execModule (/Users/mysoft/Code/AI Coding/party-management-system/api-tests/node_modules/jest-runtime/build/index.js:1439:24)
    at Runtime._loadModule (/Users/mysoft/Code/AI Coding/party-management-system/api-tests/node_modules/jest-runtime/build/index.js:1022:12)
    at Runtime.requireModule (/Users/mysoft/Code/AI Coding/party-management-system/api-tests/node_modules/jest-runtime/build/index.js:882:12)
    at jestAdapter (/Users/mysoft/Code/AI Coding/party-management-system/api-tests/node_modules/jest-circus/build/legacy-code-todo-rewrite/jestAdapter.js:70:15)
    at processTicksAndRejections (node:internal/process/task_queues:105:5)
    at runTestInternal (/Users/mysoft/Code/AI Coding/party-management-system/api-tests/node_modules/jest-runner/build/runTest.js:367:16)
    at runTest (/Users/mysoft/Code/AI Coding/party-management-system/api-tests/node_modules/jest-runner/build/runTest.js:444:34)</failure>
      <failure>AggregateError: 
    at AxiosError.Object.&lt;anonymous&gt;.AxiosError.from (/Users/mysoft/Code/AI Coding/party-management-system/api-tests/node_modules/axios/lib/core/AxiosError.js:92:14)
    at RedirectableRequest.handleRequestError (/Users/mysoft/Code/AI Coding/party-management-system/api-tests/node_modules/axios/lib/adapters/http.js:620:25)
    at RedirectableRequest.emit (node:events:519:35)
    at ClientRequest.eventHandlers.&lt;computed&gt; (/Users/mysoft/Code/AI Coding/party-management-system/api-tests/node_modules/follow-redirects/index.js:49:24)
    at ClientRequest.emit (node:events:507:28)
    at emitErrorEvent (node:_http_client:104:11)
    at Socket.socketErrorListener (node:_http_client:518:5)
    at Socket.emit (node:events:507:28)
    at emitErrorNT (node:internal/streams/destroy:170:8)
    at emitErrorCloseNT (node:internal/streams/destroy:129:3)
    at processTicksAndRejections (node:internal/process/task_queues:90:21)
    at Axios.request (/Users/mysoft/Code/AI Coding/party-management-system/api-tests/node_modules/axios/lib/core/Axios.js:45:41)
    at processTicksAndRejections (node:internal/process/task_queues:105:5)
    at Object.loginAsAdmin (/Users/mysoft/Code/AI Coding/party-management-system/api-tests/setup.js:39:24)
    at Object.getAdminAuthHeaders (/Users/mysoft/Code/AI Coding/party-management-system/api-tests/setup.js:80:7)
    at Object.&lt;anonymous&gt; (/Users/mysoft/Code/AI Coding/party-management-system/api-tests/fees.test.js:14:20)</failure>
    </testcase>
    <testcase classname="党费管理API测试 › 党费标准管理 › 查询党费标准" name="按会员类型筛选党费标准" time="0">
      <failure>Error: thrown: &quot;Exceeded timeout of 30000 ms for a hook.
Add a timeout value to this test to increase the timeout, if this is a long-running test. See https://jestjs.io/docs/api#testname-fn-timeout.&quot;
    at Object.beforeAll (/Users/mysoft/Code/AI Coding/party-management-system/api-tests/setup.js:361:1)
    at Runtime._execModule (/Users/mysoft/Code/AI Coding/party-management-system/api-tests/node_modules/jest-runtime/build/index.js:1439:24)
    at Runtime._loadModule (/Users/mysoft/Code/AI Coding/party-management-system/api-tests/node_modules/jest-runtime/build/index.js:1022:12)
    at Runtime.requireModule (/Users/mysoft/Code/AI Coding/party-management-system/api-tests/node_modules/jest-runtime/build/index.js:882:12)
    at jestAdapter (/Users/mysoft/Code/AI Coding/party-management-system/api-tests/node_modules/jest-circus/build/legacy-code-todo-rewrite/jestAdapter.js:70:15)
    at processTicksAndRejections (node:internal/process/task_queues:105:5)
    at runTestInternal (/Users/mysoft/Code/AI Coding/party-management-system/api-tests/node_modules/jest-runner/build/runTest.js:367:16)
    at runTest (/Users/mysoft/Code/AI Coding/party-management-system/api-tests/node_modules/jest-runner/build/runTest.js:444:34)</failure>
      <failure>AggregateError: 
    at AxiosError.Object.&lt;anonymous&gt;.AxiosError.from (/Users/mysoft/Code/AI Coding/party-management-system/api-tests/node_modules/axios/lib/core/AxiosError.js:92:14)
    at RedirectableRequest.handleRequestError (/Users/mysoft/Code/AI Coding/party-management-system/api-tests/node_modules/axios/lib/adapters/http.js:620:25)
    at RedirectableRequest.emit (node:events:519:35)
    at ClientRequest.eventHandlers.&lt;computed&gt; (/Users/mysoft/Code/AI Coding/party-management-system/api-tests/node_modules/follow-redirects/index.js:49:24)
    at ClientRequest.emit (node:events:507:28)
    at emitErrorEvent (node:_http_client:104:11)
    at Socket.socketErrorListener (node:_http_client:518:5)
    at Socket.emit (node:events:507:28)
    at emitErrorNT (node:internal/streams/destroy:170:8)
    at emitErrorCloseNT (node:internal/streams/destroy:129:3)
    at processTicksAndRejections (node:internal/process/task_queues:90:21)
    at Axios.request (/Users/mysoft/Code/AI Coding/party-management-system/api-tests/node_modules/axios/lib/core/Axios.js:45:41)
    at processTicksAndRejections (node:internal/process/task_queues:105:5)
    at Object.loginAsAdmin (/Users/mysoft/Code/AI Coding/party-management-system/api-tests/setup.js:39:24)
    at Object.getAdminAuthHeaders (/Users/mysoft/Code/AI Coding/party-management-system/api-tests/setup.js:80:7)
    at Object.&lt;anonymous&gt; (/Users/mysoft/Code/AI Coding/party-management-system/api-tests/fees.test.js:14:20)</failure>
    </testcase>
    <testcase classname="党费管理API测试 › 党费标准管理 › 查询党费标准" name="按状态筛选党费标准" time="0">
      <failure>Error: thrown: &quot;Exceeded timeout of 30000 ms for a hook.
Add a timeout value to this test to increase the timeout, if this is a long-running test. See https://jestjs.io/docs/api#testname-fn-timeout.&quot;
    at Object.beforeAll (/Users/mysoft/Code/AI Coding/party-management-system/api-tests/setup.js:361:1)
    at Runtime._execModule (/Users/mysoft/Code/AI Coding/party-management-system/api-tests/node_modules/jest-runtime/build/index.js:1439:24)
    at Runtime._loadModule (/Users/mysoft/Code/AI Coding/party-management-system/api-tests/node_modules/jest-runtime/build/index.js:1022:12)
    at Runtime.requireModule (/Users/mysoft/Code/AI Coding/party-management-system/api-tests/node_modules/jest-runtime/build/index.js:882:12)
    at jestAdapter (/Users/mysoft/Code/AI Coding/party-management-system/api-tests/node_modules/jest-circus/build/legacy-code-todo-rewrite/jestAdapter.js:70:15)
    at processTicksAndRejections (node:internal/process/task_queues:105:5)
    at runTestInternal (/Users/mysoft/Code/AI Coding/party-management-system/api-tests/node_modules/jest-runner/build/runTest.js:367:16)
    at runTest (/Users/mysoft/Code/AI Coding/party-management-system/api-tests/node_modules/jest-runner/build/runTest.js:444:34)</failure>
      <failure>AggregateError: 
    at AxiosError.Object.&lt;anonymous&gt;.AxiosError.from (/Users/mysoft/Code/AI Coding/party-management-system/api-tests/node_modules/axios/lib/core/AxiosError.js:92:14)
    at RedirectableRequest.handleRequestError (/Users/mysoft/Code/AI Coding/party-management-system/api-tests/node_modules/axios/lib/adapters/http.js:620:25)
    at RedirectableRequest.emit (node:events:519:35)
    at ClientRequest.eventHandlers.&lt;computed&gt; (/Users/mysoft/Code/AI Coding/party-management-system/api-tests/node_modules/follow-redirects/index.js:49:24)
    at ClientRequest.emit (node:events:507:28)
    at emitErrorEvent (node:_http_client:104:11)
    at Socket.socketErrorListener (node:_http_client:518:5)
    at Socket.emit (node:events:507:28)
    at emitErrorNT (node:internal/streams/destroy:170:8)
    at emitErrorCloseNT (node:internal/streams/destroy:129:3)
    at processTicksAndRejections (node:internal/process/task_queues:90:21)
    at Axios.request (/Users/mysoft/Code/AI Coding/party-management-system/api-tests/node_modules/axios/lib/core/Axios.js:45:41)
    at processTicksAndRejections (node:internal/process/task_queues:105:5)
    at Object.loginAsAdmin (/Users/mysoft/Code/AI Coding/party-management-system/api-tests/setup.js:39:24)
    at Object.getAdminAuthHeaders (/Users/mysoft/Code/AI Coding/party-management-system/api-tests/setup.js:80:7)
    at Object.&lt;anonymous&gt; (/Users/mysoft/Code/AI Coding/party-management-system/api-tests/fees.test.js:14:20)</failure>
    </testcase>
    <testcase classname="党费管理API测试 › 党费标准管理 › 查询党费标准" name="分页查询党费标准" time="0">
      <failure>Error: thrown: &quot;Exceeded timeout of 30000 ms for a hook.
Add a timeout value to this test to increase the timeout, if this is a long-running test. See https://jestjs.io/docs/api#testname-fn-timeout.&quot;
    at Object.beforeAll (/Users/mysoft/Code/AI Coding/party-management-system/api-tests/setup.js:361:1)
    at Runtime._execModule (/Users/mysoft/Code/AI Coding/party-management-system/api-tests/node_modules/jest-runtime/build/index.js:1439:24)
    at Runtime._loadModule (/Users/mysoft/Code/AI Coding/party-management-system/api-tests/node_modules/jest-runtime/build/index.js:1022:12)
    at Runtime.requireModule (/Users/mysoft/Code/AI Coding/party-management-system/api-tests/node_modules/jest-runtime/build/index.js:882:12)
    at jestAdapter (/Users/mysoft/Code/AI Coding/party-management-system/api-tests/node_modules/jest-circus/build/legacy-code-todo-rewrite/jestAdapter.js:70:15)
    at processTicksAndRejections (node:internal/process/task_queues:105:5)
    at runTestInternal (/Users/mysoft/Code/AI Coding/party-management-system/api-tests/node_modules/jest-runner/build/runTest.js:367:16)
    at runTest (/Users/mysoft/Code/AI Coding/party-management-system/api-tests/node_modules/jest-runner/build/runTest.js:444:34)</failure>
      <failure>AggregateError: 
    at AxiosError.Object.&lt;anonymous&gt;.AxiosError.from (/Users/mysoft/Code/AI Coding/party-management-system/api-tests/node_modules/axios/lib/core/AxiosError.js:92:14)
    at RedirectableRequest.handleRequestError (/Users/mysoft/Code/AI Coding/party-management-system/api-tests/node_modules/axios/lib/adapters/http.js:620:25)
    at RedirectableRequest.emit (node:events:519:35)
    at ClientRequest.eventHandlers.&lt;computed&gt; (/Users/mysoft/Code/AI Coding/party-management-system/api-tests/node_modules/follow-redirects/index.js:49:24)
    at ClientRequest.emit (node:events:507:28)
    at emitErrorEvent (node:_http_client:104:11)
    at Socket.socketErrorListener (node:_http_client:518:5)
    at Socket.emit (node:events:507:28)
    at emitErrorNT (node:internal/streams/destroy:170:8)
    at emitErrorCloseNT (node:internal/streams/destroy:129:3)
    at processTicksAndRejections (node:internal/process/task_queues:90:21)
    at Axios.request (/Users/mysoft/Code/AI Coding/party-management-system/api-tests/node_modules/axios/lib/core/Axios.js:45:41)
    at processTicksAndRejections (node:internal/process/task_queues:105:5)
    at Object.loginAsAdmin (/Users/mysoft/Code/AI Coding/party-management-system/api-tests/setup.js:39:24)
    at Object.getAdminAuthHeaders (/Users/mysoft/Code/AI Coding/party-management-system/api-tests/setup.js:80:7)
    at Object.&lt;anonymous&gt; (/Users/mysoft/Code/AI Coding/party-management-system/api-tests/fees.test.js:14:20)</failure>
    </testcase>
    <testcase classname="党费管理API测试 › 党费标准管理 › 查询党费标准" name="获取单个党费标准详情" time="0">
      <failure>Error: thrown: &quot;Exceeded timeout of 30000 ms for a hook.
Add a timeout value to this test to increase the timeout, if this is a long-running test. See https://jestjs.io/docs/api#testname-fn-timeout.&quot;
    at Object.beforeAll (/Users/mysoft/Code/AI Coding/party-management-system/api-tests/setup.js:361:1)
    at Runtime._execModule (/Users/mysoft/Code/AI Coding/party-management-system/api-tests/node_modules/jest-runtime/build/index.js:1439:24)
    at Runtime._loadModule (/Users/mysoft/Code/AI Coding/party-management-system/api-tests/node_modules/jest-runtime/build/index.js:1022:12)
    at Runtime.requireModule (/Users/mysoft/Code/AI Coding/party-management-system/api-tests/node_modules/jest-runtime/build/index.js:882:12)
    at jestAdapter (/Users/mysoft/Code/AI Coding/party-management-system/api-tests/node_modules/jest-circus/build/legacy-code-todo-rewrite/jestAdapter.js:70:15)
    at processTicksAndRejections (node:internal/process/task_queues:105:5)
    at runTestInternal (/Users/mysoft/Code/AI Coding/party-management-system/api-tests/node_modules/jest-runner/build/runTest.js:367:16)
    at runTest (/Users/mysoft/Code/AI Coding/party-management-system/api-tests/node_modules/jest-runner/build/runTest.js:444:34)</failure>
      <failure>AggregateError: 
    at AxiosError.Object.&lt;anonymous&gt;.AxiosError.from (/Users/mysoft/Code/AI Coding/party-management-system/api-tests/node_modules/axios/lib/core/AxiosError.js:92:14)
    at RedirectableRequest.handleRequestError (/Users/mysoft/Code/AI Coding/party-management-system/api-tests/node_modules/axios/lib/adapters/http.js:620:25)
    at RedirectableRequest.emit (node:events:519:35)
    at ClientRequest.eventHandlers.&lt;computed&gt; (/Users/mysoft/Code/AI Coding/party-management-system/api-tests/node_modules/follow-redirects/index.js:49:24)
    at ClientRequest.emit (node:events:507:28)
    at emitErrorEvent (node:_http_client:104:11)
    at Socket.socketErrorListener (node:_http_client:518:5)
    at Socket.emit (node:events:507:28)
    at emitErrorNT (node:internal/streams/destroy:170:8)
    at emitErrorCloseNT (node:internal/streams/destroy:129:3)
    at processTicksAndRejections (node:internal/process/task_queues:90:21)
    at Axios.request (/Users/mysoft/Code/AI Coding/party-management-system/api-tests/node_modules/axios/lib/core/Axios.js:45:41)
    at processTicksAndRejections (node:internal/process/task_queues:105:5)
    at Object.loginAsAdmin (/Users/mysoft/Code/AI Coding/party-management-system/api-tests/setup.js:39:24)
    at Object.getAdminAuthHeaders (/Users/mysoft/Code/AI Coding/party-management-system/api-tests/setup.js:80:7)
    at Object.&lt;anonymous&gt; (/Users/mysoft/Code/AI Coding/party-management-system/api-tests/fees.test.js:14:20)</failure>
    </testcase>
    <testcase classname="党费管理API测试 › 党费标准管理 › 查询党费标准" name="获取不存在的党费标准应失败" time="0">
      <failure>Error: thrown: &quot;Exceeded timeout of 30000 ms for a hook.
Add a timeout value to this test to increase the timeout, if this is a long-running test. See https://jestjs.io/docs/api#testname-fn-timeout.&quot;
    at Object.beforeAll (/Users/mysoft/Code/AI Coding/party-management-system/api-tests/setup.js:361:1)
    at Runtime._execModule (/Users/mysoft/Code/AI Coding/party-management-system/api-tests/node_modules/jest-runtime/build/index.js:1439:24)
    at Runtime._loadModule (/Users/mysoft/Code/AI Coding/party-management-system/api-tests/node_modules/jest-runtime/build/index.js:1022:12)
    at Runtime.requireModule (/Users/mysoft/Code/AI Coding/party-management-system/api-tests/node_modules/jest-runtime/build/index.js:882:12)
    at jestAdapter (/Users/mysoft/Code/AI Coding/party-management-system/api-tests/node_modules/jest-circus/build/legacy-code-todo-rewrite/jestAdapter.js:70:15)
    at processTicksAndRejections (node:internal/process/task_queues:105:5)
    at runTestInternal (/Users/mysoft/Code/AI Coding/party-management-system/api-tests/node_modules/jest-runner/build/runTest.js:367:16)
    at runTest (/Users/mysoft/Code/AI Coding/party-management-system/api-tests/node_modules/jest-runner/build/runTest.js:444:34)</failure>
      <failure>AggregateError: 
    at AxiosError.Object.&lt;anonymous&gt;.AxiosError.from (/Users/mysoft/Code/AI Coding/party-management-system/api-tests/node_modules/axios/lib/core/AxiosError.js:92:14)
    at RedirectableRequest.handleRequestError (/Users/mysoft/Code/AI Coding/party-management-system/api-tests/node_modules/axios/lib/adapters/http.js:620:25)
    at RedirectableRequest.emit (node:events:519:35)
    at ClientRequest.eventHandlers.&lt;computed&gt; (/Users/mysoft/Code/AI Coding/party-management-system/api-tests/node_modules/follow-redirects/index.js:49:24)
    at ClientRequest.emit (node:events:507:28)
    at emitErrorEvent (node:_http_client:104:11)
    at Socket.socketErrorListener (node:_http_client:518:5)
    at Socket.emit (node:events:507:28)
    at emitErrorNT (node:internal/streams/destroy:170:8)
    at emitErrorCloseNT (node:internal/streams/destroy:129:3)
    at processTicksAndRejections (node:internal/process/task_queues:90:21)
    at Axios.request (/Users/mysoft/Code/AI Coding/party-management-system/api-tests/node_modules/axios/lib/core/Axios.js:45:41)
    at processTicksAndRejections (node:internal/process/task_queues:105:5)
    at Object.loginAsAdmin (/Users/mysoft/Code/AI Coding/party-management-system/api-tests/setup.js:39:24)
    at Object.getAdminAuthHeaders (/Users/mysoft/Code/AI Coding/party-management-system/api-tests/setup.js:80:7)
    at Object.&lt;anonymous&gt; (/Users/mysoft/Code/AI Coding/party-management-system/api-tests/fees.test.js:14:20)</failure>
    </testcase>
    <testcase classname="党费管理API测试 › 党费标准管理 › 更新党费标准" name="管理员更新党费标准" time="0">
      <failure>Error: thrown: &quot;Exceeded timeout of 30000 ms for a hook.
Add a timeout value to this test to increase the timeout, if this is a long-running test. See https://jestjs.io/docs/api#testname-fn-timeout.&quot;
    at Object.beforeAll (/Users/mysoft/Code/AI Coding/party-management-system/api-tests/setup.js:361:1)
    at Runtime._execModule (/Users/mysoft/Code/AI Coding/party-management-system/api-tests/node_modules/jest-runtime/build/index.js:1439:24)
    at Runtime._loadModule (/Users/mysoft/Code/AI Coding/party-management-system/api-tests/node_modules/jest-runtime/build/index.js:1022:12)
    at Runtime.requireModule (/Users/mysoft/Code/AI Coding/party-management-system/api-tests/node_modules/jest-runtime/build/index.js:882:12)
    at jestAdapter (/Users/mysoft/Code/AI Coding/party-management-system/api-tests/node_modules/jest-circus/build/legacy-code-todo-rewrite/jestAdapter.js:70:15)
    at processTicksAndRejections (node:internal/process/task_queues:105:5)
    at runTestInternal (/Users/mysoft/Code/AI Coding/party-management-system/api-tests/node_modules/jest-runner/build/runTest.js:367:16)
    at runTest (/Users/mysoft/Code/AI Coding/party-management-system/api-tests/node_modules/jest-runner/build/runTest.js:444:34)</failure>
      <failure>AggregateError: 
    at AxiosError.Object.&lt;anonymous&gt;.AxiosError.from (/Users/mysoft/Code/AI Coding/party-management-system/api-tests/node_modules/axios/lib/core/AxiosError.js:92:14)
    at RedirectableRequest.handleRequestError (/Users/mysoft/Code/AI Coding/party-management-system/api-tests/node_modules/axios/lib/adapters/http.js:620:25)
    at RedirectableRequest.emit (node:events:519:35)
    at ClientRequest.eventHandlers.&lt;computed&gt; (/Users/mysoft/Code/AI Coding/party-management-system/api-tests/node_modules/follow-redirects/index.js:49:24)
    at ClientRequest.emit (node:events:507:28)
    at emitErrorEvent (node:_http_client:104:11)
    at Socket.socketErrorListener (node:_http_client:518:5)
    at Socket.emit (node:events:507:28)
    at emitErrorNT (node:internal/streams/destroy:170:8)
    at emitErrorCloseNT (node:internal/streams/destroy:129:3)
    at processTicksAndRejections (node:internal/process/task_queues:90:21)
    at Axios.request (/Users/mysoft/Code/AI Coding/party-management-system/api-tests/node_modules/axios/lib/core/Axios.js:45:41)
    at processTicksAndRejections (node:internal/process/task_queues:105:5)
    at Object.loginAsAdmin (/Users/mysoft/Code/AI Coding/party-management-system/api-tests/setup.js:39:24)
    at Object.getAdminAuthHeaders (/Users/mysoft/Code/AI Coding/party-management-system/api-tests/setup.js:80:7)
    at Object.&lt;anonymous&gt; (/Users/mysoft/Code/AI Coding/party-management-system/api-tests/fees.test.js:14:20)</failure>
    </testcase>
    <testcase classname="党费管理API测试 › 党费标准管理 › 更新党费标准" name="普通用户更新党费标准应失败" time="0">
      <failure>Error: thrown: &quot;Exceeded timeout of 30000 ms for a hook.
Add a timeout value to this test to increase the timeout, if this is a long-running test. See https://jestjs.io/docs/api#testname-fn-timeout.&quot;
    at Object.beforeAll (/Users/mysoft/Code/AI Coding/party-management-system/api-tests/setup.js:361:1)
    at Runtime._execModule (/Users/mysoft/Code/AI Coding/party-management-system/api-tests/node_modules/jest-runtime/build/index.js:1439:24)
    at Runtime._loadModule (/Users/mysoft/Code/AI Coding/party-management-system/api-tests/node_modules/jest-runtime/build/index.js:1022:12)
    at Runtime.requireModule (/Users/mysoft/Code/AI Coding/party-management-system/api-tests/node_modules/jest-runtime/build/index.js:882:12)
    at jestAdapter (/Users/mysoft/Code/AI Coding/party-management-system/api-tests/node_modules/jest-circus/build/legacy-code-todo-rewrite/jestAdapter.js:70:15)
    at processTicksAndRejections (node:internal/process/task_queues:105:5)
    at runTestInternal (/Users/mysoft/Code/AI Coding/party-management-system/api-tests/node_modules/jest-runner/build/runTest.js:367:16)
    at runTest (/Users/mysoft/Code/AI Coding/party-management-system/api-tests/node_modules/jest-runner/build/runTest.js:444:34)</failure>
      <failure>AggregateError: 
    at AxiosError.Object.&lt;anonymous&gt;.AxiosError.from (/Users/mysoft/Code/AI Coding/party-management-system/api-tests/node_modules/axios/lib/core/AxiosError.js:92:14)
    at RedirectableRequest.handleRequestError (/Users/mysoft/Code/AI Coding/party-management-system/api-tests/node_modules/axios/lib/adapters/http.js:620:25)
    at RedirectableRequest.emit (node:events:519:35)
    at ClientRequest.eventHandlers.&lt;computed&gt; (/Users/mysoft/Code/AI Coding/party-management-system/api-tests/node_modules/follow-redirects/index.js:49:24)
    at ClientRequest.emit (node:events:507:28)
    at emitErrorEvent (node:_http_client:104:11)
    at Socket.socketErrorListener (node:_http_client:518:5)
    at Socket.emit (node:events:507:28)
    at emitErrorNT (node:internal/streams/destroy:170:8)
    at emitErrorCloseNT (node:internal/streams/destroy:129:3)
    at processTicksAndRejections (node:internal/process/task_queues:90:21)
    at Axios.request (/Users/mysoft/Code/AI Coding/party-management-system/api-tests/node_modules/axios/lib/core/Axios.js:45:41)
    at processTicksAndRejections (node:internal/process/task_queues:105:5)
    at Object.loginAsAdmin (/Users/mysoft/Code/AI Coding/party-management-system/api-tests/setup.js:39:24)
    at Object.getAdminAuthHeaders (/Users/mysoft/Code/AI Coding/party-management-system/api-tests/setup.js:80:7)
    at Object.&lt;anonymous&gt; (/Users/mysoft/Code/AI Coding/party-management-system/api-tests/fees.test.js:14:20)</failure>
    </testcase>
    <testcase classname="党费管理API测试 › 党费标准管理 › 更新党费标准" name="更新不存在的党费标准应失败" time="0">
      <failure>Error: thrown: &quot;Exceeded timeout of 30000 ms for a hook.
Add a timeout value to this test to increase the timeout, if this is a long-running test. See https://jestjs.io/docs/api#testname-fn-timeout.&quot;
    at Object.beforeAll (/Users/mysoft/Code/AI Coding/party-management-system/api-tests/setup.js:361:1)
    at Runtime._execModule (/Users/mysoft/Code/AI Coding/party-management-system/api-tests/node_modules/jest-runtime/build/index.js:1439:24)
    at Runtime._loadModule (/Users/mysoft/Code/AI Coding/party-management-system/api-tests/node_modules/jest-runtime/build/index.js:1022:12)
    at Runtime.requireModule (/Users/mysoft/Code/AI Coding/party-management-system/api-tests/node_modules/jest-runtime/build/index.js:882:12)
    at jestAdapter (/Users/mysoft/Code/AI Coding/party-management-system/api-tests/node_modules/jest-circus/build/legacy-code-todo-rewrite/jestAdapter.js:70:15)
    at processTicksAndRejections (node:internal/process/task_queues:105:5)
    at runTestInternal (/Users/mysoft/Code/AI Coding/party-management-system/api-tests/node_modules/jest-runner/build/runTest.js:367:16)
    at runTest (/Users/mysoft/Code/AI Coding/party-management-system/api-tests/node_modules/jest-runner/build/runTest.js:444:34)</failure>
      <failure>AggregateError: 
    at AxiosError.Object.&lt;anonymous&gt;.AxiosError.from (/Users/mysoft/Code/AI Coding/party-management-system/api-tests/node_modules/axios/lib/core/AxiosError.js:92:14)
    at RedirectableRequest.handleRequestError (/Users/mysoft/Code/AI Coding/party-management-system/api-tests/node_modules/axios/lib/adapters/http.js:620:25)
    at RedirectableRequest.emit (node:events:519:35)
    at ClientRequest.eventHandlers.&lt;computed&gt; (/Users/mysoft/Code/AI Coding/party-management-system/api-tests/node_modules/follow-redirects/index.js:49:24)
    at ClientRequest.emit (node:events:507:28)
    at emitErrorEvent (node:_http_client:104:11)
    at Socket.socketErrorListener (node:_http_client:518:5)
    at Socket.emit (node:events:507:28)
    at emitErrorNT (node:internal/streams/destroy:170:8)
    at emitErrorCloseNT (node:internal/streams/destroy:129:3)
    at processTicksAndRejections (node:internal/process/task_queues:90:21)
    at Axios.request (/Users/mysoft/Code/AI Coding/party-management-system/api-tests/node_modules/axios/lib/core/Axios.js:45:41)
    at processTicksAndRejections (node:internal/process/task_queues:105:5)
    at Object.loginAsAdmin (/Users/mysoft/Code/AI Coding/party-management-system/api-tests/setup.js:39:24)
    at Object.getAdminAuthHeaders (/Users/mysoft/Code/AI Coding/party-management-system/api-tests/setup.js:80:7)
    at Object.&lt;anonymous&gt; (/Users/mysoft/Code/AI Coding/party-management-system/api-tests/fees.test.js:14:20)</failure>
    </testcase>
    <testcase classname="党费管理API测试 › 党费标准管理 › 删除党费标准" name="管理员删除党费标准" time="0">
      <failure>Error: thrown: &quot;Exceeded timeout of 30000 ms for a hook.
Add a timeout value to this test to increase the timeout, if this is a long-running test. See https://jestjs.io/docs/api#testname-fn-timeout.&quot;
    at Object.beforeAll (/Users/mysoft/Code/AI Coding/party-management-system/api-tests/setup.js:361:1)
    at Runtime._execModule (/Users/mysoft/Code/AI Coding/party-management-system/api-tests/node_modules/jest-runtime/build/index.js:1439:24)
    at Runtime._loadModule (/Users/mysoft/Code/AI Coding/party-management-system/api-tests/node_modules/jest-runtime/build/index.js:1022:12)
    at Runtime.requireModule (/Users/mysoft/Code/AI Coding/party-management-system/api-tests/node_modules/jest-runtime/build/index.js:882:12)
    at jestAdapter (/Users/mysoft/Code/AI Coding/party-management-system/api-tests/node_modules/jest-circus/build/legacy-code-todo-rewrite/jestAdapter.js:70:15)
    at processTicksAndRejections (node:internal/process/task_queues:105:5)
    at runTestInternal (/Users/mysoft/Code/AI Coding/party-management-system/api-tests/node_modules/jest-runner/build/runTest.js:367:16)
    at runTest (/Users/mysoft/Code/AI Coding/party-management-system/api-tests/node_modules/jest-runner/build/runTest.js:444:34)</failure>
      <failure>AggregateError: 
    at AxiosError.Object.&lt;anonymous&gt;.AxiosError.from (/Users/mysoft/Code/AI Coding/party-management-system/api-tests/node_modules/axios/lib/core/AxiosError.js:92:14)
    at RedirectableRequest.handleRequestError (/Users/mysoft/Code/AI Coding/party-management-system/api-tests/node_modules/axios/lib/adapters/http.js:620:25)
    at RedirectableRequest.emit (node:events:519:35)
    at ClientRequest.eventHandlers.&lt;computed&gt; (/Users/mysoft/Code/AI Coding/party-management-system/api-tests/node_modules/follow-redirects/index.js:49:24)
    at ClientRequest.emit (node:events:507:28)
    at emitErrorEvent (node:_http_client:104:11)
    at Socket.socketErrorListener (node:_http_client:518:5)
    at Socket.emit (node:events:507:28)
    at emitErrorNT (node:internal/streams/destroy:170:8)
    at emitErrorCloseNT (node:internal/streams/destroy:129:3)
    at processTicksAndRejections (node:internal/process/task_queues:90:21)
    at Axios.request (/Users/mysoft/Code/AI Coding/party-management-system/api-tests/node_modules/axios/lib/core/Axios.js:45:41)
    at processTicksAndRejections (node:internal/process/task_queues:105:5)
    at Object.loginAsAdmin (/Users/mysoft/Code/AI Coding/party-management-system/api-tests/setup.js:39:24)
    at Object.getAdminAuthHeaders (/Users/mysoft/Code/AI Coding/party-management-system/api-tests/setup.js:80:7)
    at Object.&lt;anonymous&gt; (/Users/mysoft/Code/AI Coding/party-management-system/api-tests/fees.test.js:14:20)</failure>
    </testcase>
    <testcase classname="党费管理API测试 › 党费标准管理 › 删除党费标准" name="普通用户删除党费标准应失败" time="0">
      <failure>Error: thrown: &quot;Exceeded timeout of 30000 ms for a hook.
Add a timeout value to this test to increase the timeout, if this is a long-running test. See https://jestjs.io/docs/api#testname-fn-timeout.&quot;
    at Object.beforeAll (/Users/mysoft/Code/AI Coding/party-management-system/api-tests/setup.js:361:1)
    at Runtime._execModule (/Users/mysoft/Code/AI Coding/party-management-system/api-tests/node_modules/jest-runtime/build/index.js:1439:24)
    at Runtime._loadModule (/Users/mysoft/Code/AI Coding/party-management-system/api-tests/node_modules/jest-runtime/build/index.js:1022:12)
    at Runtime.requireModule (/Users/mysoft/Code/AI Coding/party-management-system/api-tests/node_modules/jest-runtime/build/index.js:882:12)
    at jestAdapter (/Users/mysoft/Code/AI Coding/party-management-system/api-tests/node_modules/jest-circus/build/legacy-code-todo-rewrite/jestAdapter.js:70:15)
    at processTicksAndRejections (node:internal/process/task_queues:105:5)
    at runTestInternal (/Users/mysoft/Code/AI Coding/party-management-system/api-tests/node_modules/jest-runner/build/runTest.js:367:16)
    at runTest (/Users/mysoft/Code/AI Coding/party-management-system/api-tests/node_modules/jest-runner/build/runTest.js:444:34)</failure>
      <failure>AggregateError: 
    at AxiosError.Object.&lt;anonymous&gt;.AxiosError.from (/Users/mysoft/Code/AI Coding/party-management-system/api-tests/node_modules/axios/lib/core/AxiosError.js:92:14)
    at RedirectableRequest.handleRequestError (/Users/mysoft/Code/AI Coding/party-management-system/api-tests/node_modules/axios/lib/adapters/http.js:620:25)
    at RedirectableRequest.emit (node:events:519:35)
    at ClientRequest.eventHandlers.&lt;computed&gt; (/Users/mysoft/Code/AI Coding/party-management-system/api-tests/node_modules/follow-redirects/index.js:49:24)
    at ClientRequest.emit (node:events:507:28)
    at emitErrorEvent (node:_http_client:104:11)
    at Socket.socketErrorListener (node:_http_client:518:5)
    at Socket.emit (node:events:507:28)
    at emitErrorNT (node:internal/streams/destroy:170:8)
    at emitErrorCloseNT (node:internal/streams/destroy:129:3)
    at processTicksAndRejections (node:internal/process/task_queues:90:21)
    at Axios.request (/Users/mysoft/Code/AI Coding/party-management-system/api-tests/node_modules/axios/lib/core/Axios.js:45:41)
    at processTicksAndRejections (node:internal/process/task_queues:105:5)
    at Object.loginAsAdmin (/Users/mysoft/Code/AI Coding/party-management-system/api-tests/setup.js:39:24)
    at Object.getAdminAuthHeaders (/Users/mysoft/Code/AI Coding/party-management-system/api-tests/setup.js:80:7)
    at Object.&lt;anonymous&gt; (/Users/mysoft/Code/AI Coding/party-management-system/api-tests/fees.test.js:14:20)</failure>
    </testcase>
    <testcase classname="党费管理API测试 › 党费标准管理 › 删除党费标准" name="删除不存在的党费标准应失败" time="0">
      <failure>Error: thrown: &quot;Exceeded timeout of 30000 ms for a hook.
Add a timeout value to this test to increase the timeout, if this is a long-running test. See https://jestjs.io/docs/api#testname-fn-timeout.&quot;
    at Object.beforeAll (/Users/mysoft/Code/AI Coding/party-management-system/api-tests/setup.js:361:1)
    at Runtime._execModule (/Users/mysoft/Code/AI Coding/party-management-system/api-tests/node_modules/jest-runtime/build/index.js:1439:24)
    at Runtime._loadModule (/Users/mysoft/Code/AI Coding/party-management-system/api-tests/node_modules/jest-runtime/build/index.js:1022:12)
    at Runtime.requireModule (/Users/mysoft/Code/AI Coding/party-management-system/api-tests/node_modules/jest-runtime/build/index.js:882:12)
    at jestAdapter (/Users/mysoft/Code/AI Coding/party-management-system/api-tests/node_modules/jest-circus/build/legacy-code-todo-rewrite/jestAdapter.js:70:15)
    at processTicksAndRejections (node:internal/process/task_queues:105:5)
    at runTestInternal (/Users/mysoft/Code/AI Coding/party-management-system/api-tests/node_modules/jest-runner/build/runTest.js:367:16)
    at runTest (/Users/mysoft/Code/AI Coding/party-management-system/api-tests/node_modules/jest-runner/build/runTest.js:444:34)</failure>
      <failure>AggregateError: 
    at AxiosError.Object.&lt;anonymous&gt;.AxiosError.from (/Users/mysoft/Code/AI Coding/party-management-system/api-tests/node_modules/axios/lib/core/AxiosError.js:92:14)
    at RedirectableRequest.handleRequestError (/Users/mysoft/Code/AI Coding/party-management-system/api-tests/node_modules/axios/lib/adapters/http.js:620:25)
    at RedirectableRequest.emit (node:events:519:35)
    at ClientRequest.eventHandlers.&lt;computed&gt; (/Users/mysoft/Code/AI Coding/party-management-system/api-tests/node_modules/follow-redirects/index.js:49:24)
    at ClientRequest.emit (node:events:507:28)
    at emitErrorEvent (node:_http_client:104:11)
    at Socket.socketErrorListener (node:_http_client:518:5)
    at Socket.emit (node:events:507:28)
    at emitErrorNT (node:internal/streams/destroy:170:8)
    at emitErrorCloseNT (node:internal/streams/destroy:129:3)
    at processTicksAndRejections (node:internal/process/task_queues:90:21)
    at Axios.request (/Users/mysoft/Code/AI Coding/party-management-system/api-tests/node_modules/axios/lib/core/Axios.js:45:41)
    at processTicksAndRejections (node:internal/process/task_queues:105:5)
    at Object.loginAsAdmin (/Users/mysoft/Code/AI Coding/party-management-system/api-tests/setup.js:39:24)
    at Object.getAdminAuthHeaders (/Users/mysoft/Code/AI Coding/party-management-system/api-tests/setup.js:80:7)
    at Object.&lt;anonymous&gt; (/Users/mysoft/Code/AI Coding/party-management-system/api-tests/fees.test.js:14:20)</failure>
    </testcase>
    <testcase classname="党费管理API测试 › 党费缴纳记录管理 › 创建缴费记录" name="管理员创建缴费记录" time="0">
      <failure>Error: thrown: &quot;Exceeded timeout of 30000 ms for a hook.
Add a timeout value to this test to increase the timeout, if this is a long-running test. See https://jestjs.io/docs/api#testname-fn-timeout.&quot;
    at Object.beforeAll (/Users/mysoft/Code/AI Coding/party-management-system/api-tests/setup.js:361:1)
    at Runtime._execModule (/Users/mysoft/Code/AI Coding/party-management-system/api-tests/node_modules/jest-runtime/build/index.js:1439:24)
    at Runtime._loadModule (/Users/mysoft/Code/AI Coding/party-management-system/api-tests/node_modules/jest-runtime/build/index.js:1022:12)
    at Runtime.requireModule (/Users/mysoft/Code/AI Coding/party-management-system/api-tests/node_modules/jest-runtime/build/index.js:882:12)
    at jestAdapter (/Users/mysoft/Code/AI Coding/party-management-system/api-tests/node_modules/jest-circus/build/legacy-code-todo-rewrite/jestAdapter.js:70:15)
    at processTicksAndRejections (node:internal/process/task_queues:105:5)
    at runTestInternal (/Users/mysoft/Code/AI Coding/party-management-system/api-tests/node_modules/jest-runner/build/runTest.js:367:16)
    at runTest (/Users/mysoft/Code/AI Coding/party-management-system/api-tests/node_modules/jest-runner/build/runTest.js:444:34)</failure>
      <failure>AggregateError: 
    at AxiosError.Object.&lt;anonymous&gt;.AxiosError.from (/Users/mysoft/Code/AI Coding/party-management-system/api-tests/node_modules/axios/lib/core/AxiosError.js:92:14)
    at RedirectableRequest.handleRequestError (/Users/mysoft/Code/AI Coding/party-management-system/api-tests/node_modules/axios/lib/adapters/http.js:620:25)
    at RedirectableRequest.emit (node:events:519:35)
    at ClientRequest.eventHandlers.&lt;computed&gt; (/Users/mysoft/Code/AI Coding/party-management-system/api-tests/node_modules/follow-redirects/index.js:49:24)
    at ClientRequest.emit (node:events:507:28)
    at emitErrorEvent (node:_http_client:104:11)
    at Socket.socketErrorListener (node:_http_client:518:5)
    at Socket.emit (node:events:507:28)
    at emitErrorNT (node:internal/streams/destroy:170:8)
    at emitErrorCloseNT (node:internal/streams/destroy:129:3)
    at processTicksAndRejections (node:internal/process/task_queues:90:21)
    at Axios.request (/Users/mysoft/Code/AI Coding/party-management-system/api-tests/node_modules/axios/lib/core/Axios.js:45:41)
    at processTicksAndRejections (node:internal/process/task_queues:105:5)
    at Object.loginAsAdmin (/Users/mysoft/Code/AI Coding/party-management-system/api-tests/setup.js:39:24)
    at Object.getAdminAuthHeaders (/Users/mysoft/Code/AI Coding/party-management-system/api-tests/setup.js:80:7)
    at Object.&lt;anonymous&gt; (/Users/mysoft/Code/AI Coding/party-management-system/api-tests/fees.test.js:14:20)</failure>
      <failure>TypeError: Cannot read properties of undefined (reading &apos;id&apos;)
    at Object.id (/Users/mysoft/Code/AI Coding/party-management-system/api-tests/fees.test.js:207:34)
    at Promise.then.completed (/Users/mysoft/Code/AI Coding/party-management-system/api-tests/node_modules/jest-circus/build/utils.js:298:28)
    at new Promise (&lt;anonymous&gt;)
    at callAsyncCircusFn (/Users/mysoft/Code/AI Coding/party-management-system/api-tests/node_modules/jest-circus/build/utils.js:231:10)
    at _callCircusHook (/Users/mysoft/Code/AI Coding/party-management-system/api-tests/node_modules/jest-circus/build/run.js:281:40)
    at processTicksAndRejections (node:internal/process/task_queues:105:5)
    at _runTestsForDescribeBlock (/Users/mysoft/Code/AI Coding/party-management-system/api-tests/node_modules/jest-circus/build/run.js:95:7)
    at _runTestsForDescribeBlock (/Users/mysoft/Code/AI Coding/party-management-system/api-tests/node_modules/jest-circus/build/run.js:121:9)
    at _runTestsForDescribeBlock (/Users/mysoft/Code/AI Coding/party-management-system/api-tests/node_modules/jest-circus/build/run.js:121:9)
    at run (/Users/mysoft/Code/AI Coding/party-management-system/api-tests/node_modules/jest-circus/build/run.js:71:3)
    at runAndTransformResultsToJestFormat (/Users/mysoft/Code/AI Coding/party-management-system/api-tests/node_modules/jest-circus/build/legacy-code-todo-rewrite/jestAdapterInit.js:122:21)
    at jestAdapter (/Users/mysoft/Code/AI Coding/party-management-system/api-tests/node_modules/jest-circus/build/legacy-code-todo-rewrite/jestAdapter.js:79:19)
    at runTestInternal (/Users/mysoft/Code/AI Coding/party-management-system/api-tests/node_modules/jest-runner/build/runTest.js:367:16)
    at runTest (/Users/mysoft/Code/AI Coding/party-management-system/api-tests/node_modules/jest-runner/build/runTest.js:444:34)</failure>
    </testcase>
    <testcase classname="党费管理API测试 › 党费缴纳记录管理 › 创建缴费记录" name="用户为自己创建缴费记录" time="0">
      <failure>Error: thrown: &quot;Exceeded timeout of 30000 ms for a hook.
Add a timeout value to this test to increase the timeout, if this is a long-running test. See https://jestjs.io/docs/api#testname-fn-timeout.&quot;
    at Object.beforeAll (/Users/mysoft/Code/AI Coding/party-management-system/api-tests/setup.js:361:1)
    at Runtime._execModule (/Users/mysoft/Code/AI Coding/party-management-system/api-tests/node_modules/jest-runtime/build/index.js:1439:24)
    at Runtime._loadModule (/Users/mysoft/Code/AI Coding/party-management-system/api-tests/node_modules/jest-runtime/build/index.js:1022:12)
    at Runtime.requireModule (/Users/mysoft/Code/AI Coding/party-management-system/api-tests/node_modules/jest-runtime/build/index.js:882:12)
    at jestAdapter (/Users/mysoft/Code/AI Coding/party-management-system/api-tests/node_modules/jest-circus/build/legacy-code-todo-rewrite/jestAdapter.js:70:15)
    at processTicksAndRejections (node:internal/process/task_queues:105:5)
    at runTestInternal (/Users/mysoft/Code/AI Coding/party-management-system/api-tests/node_modules/jest-runner/build/runTest.js:367:16)
    at runTest (/Users/mysoft/Code/AI Coding/party-management-system/api-tests/node_modules/jest-runner/build/runTest.js:444:34)</failure>
      <failure>AggregateError: 
    at AxiosError.Object.&lt;anonymous&gt;.AxiosError.from (/Users/mysoft/Code/AI Coding/party-management-system/api-tests/node_modules/axios/lib/core/AxiosError.js:92:14)
    at RedirectableRequest.handleRequestError (/Users/mysoft/Code/AI Coding/party-management-system/api-tests/node_modules/axios/lib/adapters/http.js:620:25)
    at RedirectableRequest.emit (node:events:519:35)
    at ClientRequest.eventHandlers.&lt;computed&gt; (/Users/mysoft/Code/AI Coding/party-management-system/api-tests/node_modules/follow-redirects/index.js:49:24)
    at ClientRequest.emit (node:events:507:28)
    at emitErrorEvent (node:_http_client:104:11)
    at Socket.socketErrorListener (node:_http_client:518:5)
    at Socket.emit (node:events:507:28)
    at emitErrorNT (node:internal/streams/destroy:170:8)
    at emitErrorCloseNT (node:internal/streams/destroy:129:3)
    at processTicksAndRejections (node:internal/process/task_queues:90:21)
    at Axios.request (/Users/mysoft/Code/AI Coding/party-management-system/api-tests/node_modules/axios/lib/core/Axios.js:45:41)
    at processTicksAndRejections (node:internal/process/task_queues:105:5)
    at Object.loginAsAdmin (/Users/mysoft/Code/AI Coding/party-management-system/api-tests/setup.js:39:24)
    at Object.getAdminAuthHeaders (/Users/mysoft/Code/AI Coding/party-management-system/api-tests/setup.js:80:7)
    at Object.&lt;anonymous&gt; (/Users/mysoft/Code/AI Coding/party-management-system/api-tests/fees.test.js:14:20)</failure>
      <failure>TypeError: Cannot read properties of undefined (reading &apos;id&apos;)
    at Object.id (/Users/mysoft/Code/AI Coding/party-management-system/api-tests/fees.test.js:207:34)
    at Promise.then.completed (/Users/mysoft/Code/AI Coding/party-management-system/api-tests/node_modules/jest-circus/build/utils.js:298:28)
    at new Promise (&lt;anonymous&gt;)
    at callAsyncCircusFn (/Users/mysoft/Code/AI Coding/party-management-system/api-tests/node_modules/jest-circus/build/utils.js:231:10)
    at _callCircusHook (/Users/mysoft/Code/AI Coding/party-management-system/api-tests/node_modules/jest-circus/build/run.js:281:40)
    at processTicksAndRejections (node:internal/process/task_queues:105:5)
    at _runTestsForDescribeBlock (/Users/mysoft/Code/AI Coding/party-management-system/api-tests/node_modules/jest-circus/build/run.js:95:7)
    at _runTestsForDescribeBlock (/Users/mysoft/Code/AI Coding/party-management-system/api-tests/node_modules/jest-circus/build/run.js:121:9)
    at _runTestsForDescribeBlock (/Users/mysoft/Code/AI Coding/party-management-system/api-tests/node_modules/jest-circus/build/run.js:121:9)
    at run (/Users/mysoft/Code/AI Coding/party-management-system/api-tests/node_modules/jest-circus/build/run.js:71:3)
    at runAndTransformResultsToJestFormat (/Users/mysoft/Code/AI Coding/party-management-system/api-tests/node_modules/jest-circus/build/legacy-code-todo-rewrite/jestAdapterInit.js:122:21)
    at jestAdapter (/Users/mysoft/Code/AI Coding/party-management-system/api-tests/node_modules/jest-circus/build/legacy-code-todo-rewrite/jestAdapter.js:79:19)
    at runTestInternal (/Users/mysoft/Code/AI Coding/party-management-system/api-tests/node_modules/jest-runner/build/runTest.js:367:16)
    at runTest (/Users/mysoft/Code/AI Coding/party-management-system/api-tests/node_modules/jest-runner/build/runTest.js:444:34)</failure>
    </testcase>
    <testcase classname="党费管理API测试 › 党费缴纳记录管理 › 创建缴费记录" name="缺少必填字段创建应失败" time="0.001">
      <failure>Error: thrown: &quot;Exceeded timeout of 30000 ms for a hook.
Add a timeout value to this test to increase the timeout, if this is a long-running test. See https://jestjs.io/docs/api#testname-fn-timeout.&quot;
    at Object.beforeAll (/Users/mysoft/Code/AI Coding/party-management-system/api-tests/setup.js:361:1)
    at Runtime._execModule (/Users/mysoft/Code/AI Coding/party-management-system/api-tests/node_modules/jest-runtime/build/index.js:1439:24)
    at Runtime._loadModule (/Users/mysoft/Code/AI Coding/party-management-system/api-tests/node_modules/jest-runtime/build/index.js:1022:12)
    at Runtime.requireModule (/Users/mysoft/Code/AI Coding/party-management-system/api-tests/node_modules/jest-runtime/build/index.js:882:12)
    at jestAdapter (/Users/mysoft/Code/AI Coding/party-management-system/api-tests/node_modules/jest-circus/build/legacy-code-todo-rewrite/jestAdapter.js:70:15)
    at processTicksAndRejections (node:internal/process/task_queues:105:5)
    at runTestInternal (/Users/mysoft/Code/AI Coding/party-management-system/api-tests/node_modules/jest-runner/build/runTest.js:367:16)
    at runTest (/Users/mysoft/Code/AI Coding/party-management-system/api-tests/node_modules/jest-runner/build/runTest.js:444:34)</failure>
      <failure>AggregateError: 
    at AxiosError.Object.&lt;anonymous&gt;.AxiosError.from (/Users/mysoft/Code/AI Coding/party-management-system/api-tests/node_modules/axios/lib/core/AxiosError.js:92:14)
    at RedirectableRequest.handleRequestError (/Users/mysoft/Code/AI Coding/party-management-system/api-tests/node_modules/axios/lib/adapters/http.js:620:25)
    at RedirectableRequest.emit (node:events:519:35)
    at ClientRequest.eventHandlers.&lt;computed&gt; (/Users/mysoft/Code/AI Coding/party-management-system/api-tests/node_modules/follow-redirects/index.js:49:24)
    at ClientRequest.emit (node:events:507:28)
    at emitErrorEvent (node:_http_client:104:11)
    at Socket.socketErrorListener (node:_http_client:518:5)
    at Socket.emit (node:events:507:28)
    at emitErrorNT (node:internal/streams/destroy:170:8)
    at emitErrorCloseNT (node:internal/streams/destroy:129:3)
    at processTicksAndRejections (node:internal/process/task_queues:90:21)
    at Axios.request (/Users/mysoft/Code/AI Coding/party-management-system/api-tests/node_modules/axios/lib/core/Axios.js:45:41)
    at processTicksAndRejections (node:internal/process/task_queues:105:5)
    at Object.loginAsAdmin (/Users/mysoft/Code/AI Coding/party-management-system/api-tests/setup.js:39:24)
    at Object.getAdminAuthHeaders (/Users/mysoft/Code/AI Coding/party-management-system/api-tests/setup.js:80:7)
    at Object.&lt;anonymous&gt; (/Users/mysoft/Code/AI Coding/party-management-system/api-tests/fees.test.js:14:20)</failure>
      <failure>TypeError: Cannot read properties of undefined (reading &apos;id&apos;)
    at Object.id (/Users/mysoft/Code/AI Coding/party-management-system/api-tests/fees.test.js:207:34)
    at Promise.then.completed (/Users/mysoft/Code/AI Coding/party-management-system/api-tests/node_modules/jest-circus/build/utils.js:298:28)
    at new Promise (&lt;anonymous&gt;)
    at callAsyncCircusFn (/Users/mysoft/Code/AI Coding/party-management-system/api-tests/node_modules/jest-circus/build/utils.js:231:10)
    at _callCircusHook (/Users/mysoft/Code/AI Coding/party-management-system/api-tests/node_modules/jest-circus/build/run.js:281:40)
    at processTicksAndRejections (node:internal/process/task_queues:105:5)
    at _runTestsForDescribeBlock (/Users/mysoft/Code/AI Coding/party-management-system/api-tests/node_modules/jest-circus/build/run.js:95:7)
    at _runTestsForDescribeBlock (/Users/mysoft/Code/AI Coding/party-management-system/api-tests/node_modules/jest-circus/build/run.js:121:9)
    at _runTestsForDescribeBlock (/Users/mysoft/Code/AI Coding/party-management-system/api-tests/node_modules/jest-circus/build/run.js:121:9)
    at run (/Users/mysoft/Code/AI Coding/party-management-system/api-tests/node_modules/jest-circus/build/run.js:71:3)
    at runAndTransformResultsToJestFormat (/Users/mysoft/Code/AI Coding/party-management-system/api-tests/node_modules/jest-circus/build/legacy-code-todo-rewrite/jestAdapterInit.js:122:21)
    at jestAdapter (/Users/mysoft/Code/AI Coding/party-management-system/api-tests/node_modules/jest-circus/build/legacy-code-todo-rewrite/jestAdapter.js:79:19)
    at runTestInternal (/Users/mysoft/Code/AI Coding/party-management-system/api-tests/node_modules/jest-runner/build/runTest.js:367:16)
    at runTest (/Users/mysoft/Code/AI Coding/party-management-system/api-tests/node_modules/jest-runner/build/runTest.js:444:34)</failure>
    </testcase>
    <testcase classname="党费管理API测试 › 党费缴纳记录管理 › 创建缴费记录" name="无效金额创建应失败" time="0">
      <failure>Error: thrown: &quot;Exceeded timeout of 30000 ms for a hook.
Add a timeout value to this test to increase the timeout, if this is a long-running test. See https://jestjs.io/docs/api#testname-fn-timeout.&quot;
    at Object.beforeAll (/Users/mysoft/Code/AI Coding/party-management-system/api-tests/setup.js:361:1)
    at Runtime._execModule (/Users/mysoft/Code/AI Coding/party-management-system/api-tests/node_modules/jest-runtime/build/index.js:1439:24)
    at Runtime._loadModule (/Users/mysoft/Code/AI Coding/party-management-system/api-tests/node_modules/jest-runtime/build/index.js:1022:12)
    at Runtime.requireModule (/Users/mysoft/Code/AI Coding/party-management-system/api-tests/node_modules/jest-runtime/build/index.js:882:12)
    at jestAdapter (/Users/mysoft/Code/AI Coding/party-management-system/api-tests/node_modules/jest-circus/build/legacy-code-todo-rewrite/jestAdapter.js:70:15)
    at processTicksAndRejections (node:internal/process/task_queues:105:5)
    at runTestInternal (/Users/mysoft/Code/AI Coding/party-management-system/api-tests/node_modules/jest-runner/build/runTest.js:367:16)
    at runTest (/Users/mysoft/Code/AI Coding/party-management-system/api-tests/node_modules/jest-runner/build/runTest.js:444:34)</failure>
      <failure>AggregateError: 
    at AxiosError.Object.&lt;anonymous&gt;.AxiosError.from (/Users/mysoft/Code/AI Coding/party-management-system/api-tests/node_modules/axios/lib/core/AxiosError.js:92:14)
    at RedirectableRequest.handleRequestError (/Users/mysoft/Code/AI Coding/party-management-system/api-tests/node_modules/axios/lib/adapters/http.js:620:25)
    at RedirectableRequest.emit (node:events:519:35)
    at ClientRequest.eventHandlers.&lt;computed&gt; (/Users/mysoft/Code/AI Coding/party-management-system/api-tests/node_modules/follow-redirects/index.js:49:24)
    at ClientRequest.emit (node:events:507:28)
    at emitErrorEvent (node:_http_client:104:11)
    at Socket.socketErrorListener (node:_http_client:518:5)
    at Socket.emit (node:events:507:28)
    at emitErrorNT (node:internal/streams/destroy:170:8)
    at emitErrorCloseNT (node:internal/streams/destroy:129:3)
    at processTicksAndRejections (node:internal/process/task_queues:90:21)
    at Axios.request (/Users/mysoft/Code/AI Coding/party-management-system/api-tests/node_modules/axios/lib/core/Axios.js:45:41)
    at processTicksAndRejections (node:internal/process/task_queues:105:5)
    at Object.loginAsAdmin (/Users/mysoft/Code/AI Coding/party-management-system/api-tests/setup.js:39:24)
    at Object.getAdminAuthHeaders (/Users/mysoft/Code/AI Coding/party-management-system/api-tests/setup.js:80:7)
    at Object.&lt;anonymous&gt; (/Users/mysoft/Code/AI Coding/party-management-system/api-tests/fees.test.js:14:20)</failure>
      <failure>TypeError: Cannot read properties of undefined (reading &apos;id&apos;)
    at Object.id (/Users/mysoft/Code/AI Coding/party-management-system/api-tests/fees.test.js:207:34)
    at Promise.then.completed (/Users/mysoft/Code/AI Coding/party-management-system/api-tests/node_modules/jest-circus/build/utils.js:298:28)
    at new Promise (&lt;anonymous&gt;)
    at callAsyncCircusFn (/Users/mysoft/Code/AI Coding/party-management-system/api-tests/node_modules/jest-circus/build/utils.js:231:10)
    at _callCircusHook (/Users/mysoft/Code/AI Coding/party-management-system/api-tests/node_modules/jest-circus/build/run.js:281:40)
    at processTicksAndRejections (node:internal/process/task_queues:105:5)
    at _runTestsForDescribeBlock (/Users/mysoft/Code/AI Coding/party-management-system/api-tests/node_modules/jest-circus/build/run.js:95:7)
    at _runTestsForDescribeBlock (/Users/mysoft/Code/AI Coding/party-management-system/api-tests/node_modules/jest-circus/build/run.js:121:9)
    at _runTestsForDescribeBlock (/Users/mysoft/Code/AI Coding/party-management-system/api-tests/node_modules/jest-circus/build/run.js:121:9)
    at run (/Users/mysoft/Code/AI Coding/party-management-system/api-tests/node_modules/jest-circus/build/run.js:71:3)
    at runAndTransformResultsToJestFormat (/Users/mysoft/Code/AI Coding/party-management-system/api-tests/node_modules/jest-circus/build/legacy-code-todo-rewrite/jestAdapterInit.js:122:21)
    at jestAdapter (/Users/mysoft/Code/AI Coding/party-management-system/api-tests/node_modules/jest-circus/build/legacy-code-todo-rewrite/jestAdapter.js:79:19)
    at runTestInternal (/Users/mysoft/Code/AI Coding/party-management-system/api-tests/node_modules/jest-runner/build/runTest.js:367:16)
    at runTest (/Users/mysoft/Code/AI Coding/party-management-system/api-tests/node_modules/jest-runner/build/runTest.js:444:34)</failure>
    </testcase>
    <testcase classname="党费管理API测试 › 党费缴纳记录管理 › 创建缴费记录" name="无效标准ID创建应失败" time="0">
      <failure>Error: thrown: &quot;Exceeded timeout of 30000 ms for a hook.
Add a timeout value to this test to increase the timeout, if this is a long-running test. See https://jestjs.io/docs/api#testname-fn-timeout.&quot;
    at Object.beforeAll (/Users/mysoft/Code/AI Coding/party-management-system/api-tests/setup.js:361:1)
    at Runtime._execModule (/Users/mysoft/Code/AI Coding/party-management-system/api-tests/node_modules/jest-runtime/build/index.js:1439:24)
    at Runtime._loadModule (/Users/mysoft/Code/AI Coding/party-management-system/api-tests/node_modules/jest-runtime/build/index.js:1022:12)
    at Runtime.requireModule (/Users/mysoft/Code/AI Coding/party-management-system/api-tests/node_modules/jest-runtime/build/index.js:882:12)
    at jestAdapter (/Users/mysoft/Code/AI Coding/party-management-system/api-tests/node_modules/jest-circus/build/legacy-code-todo-rewrite/jestAdapter.js:70:15)
    at processTicksAndRejections (node:internal/process/task_queues:105:5)
    at runTestInternal (/Users/mysoft/Code/AI Coding/party-management-system/api-tests/node_modules/jest-runner/build/runTest.js:367:16)
    at runTest (/Users/mysoft/Code/AI Coding/party-management-system/api-tests/node_modules/jest-runner/build/runTest.js:444:34)</failure>
      <failure>AggregateError: 
    at AxiosError.Object.&lt;anonymous&gt;.AxiosError.from (/Users/mysoft/Code/AI Coding/party-management-system/api-tests/node_modules/axios/lib/core/AxiosError.js:92:14)
    at RedirectableRequest.handleRequestError (/Users/mysoft/Code/AI Coding/party-management-system/api-tests/node_modules/axios/lib/adapters/http.js:620:25)
    at RedirectableRequest.emit (node:events:519:35)
    at ClientRequest.eventHandlers.&lt;computed&gt; (/Users/mysoft/Code/AI Coding/party-management-system/api-tests/node_modules/follow-redirects/index.js:49:24)
    at ClientRequest.emit (node:events:507:28)
    at emitErrorEvent (node:_http_client:104:11)
    at Socket.socketErrorListener (node:_http_client:518:5)
    at Socket.emit (node:events:507:28)
    at emitErrorNT (node:internal/streams/destroy:170:8)
    at emitErrorCloseNT (node:internal/streams/destroy:129:3)
    at processTicksAndRejections (node:internal/process/task_queues:90:21)
    at Axios.request (/Users/mysoft/Code/AI Coding/party-management-system/api-tests/node_modules/axios/lib/core/Axios.js:45:41)
    at processTicksAndRejections (node:internal/process/task_queues:105:5)
    at Object.loginAsAdmin (/Users/mysoft/Code/AI Coding/party-management-system/api-tests/setup.js:39:24)
    at Object.getAdminAuthHeaders (/Users/mysoft/Code/AI Coding/party-management-system/api-tests/setup.js:80:7)
    at Object.&lt;anonymous&gt; (/Users/mysoft/Code/AI Coding/party-management-system/api-tests/fees.test.js:14:20)</failure>
      <failure>TypeError: Cannot read properties of undefined (reading &apos;id&apos;)
    at Object.id (/Users/mysoft/Code/AI Coding/party-management-system/api-tests/fees.test.js:207:34)
    at Promise.then.completed (/Users/mysoft/Code/AI Coding/party-management-system/api-tests/node_modules/jest-circus/build/utils.js:298:28)
    at new Promise (&lt;anonymous&gt;)
    at callAsyncCircusFn (/Users/mysoft/Code/AI Coding/party-management-system/api-tests/node_modules/jest-circus/build/utils.js:231:10)
    at _callCircusHook (/Users/mysoft/Code/AI Coding/party-management-system/api-tests/node_modules/jest-circus/build/run.js:281:40)
    at processTicksAndRejections (node:internal/process/task_queues:105:5)
    at _runTestsForDescribeBlock (/Users/mysoft/Code/AI Coding/party-management-system/api-tests/node_modules/jest-circus/build/run.js:95:7)
    at _runTestsForDescribeBlock (/Users/mysoft/Code/AI Coding/party-management-system/api-tests/node_modules/jest-circus/build/run.js:121:9)
    at _runTestsForDescribeBlock (/Users/mysoft/Code/AI Coding/party-management-system/api-tests/node_modules/jest-circus/build/run.js:121:9)
    at run (/Users/mysoft/Code/AI Coding/party-management-system/api-tests/node_modules/jest-circus/build/run.js:71:3)
    at runAndTransformResultsToJestFormat (/Users/mysoft/Code/AI Coding/party-management-system/api-tests/node_modules/jest-circus/build/legacy-code-todo-rewrite/jestAdapterInit.js:122:21)
    at jestAdapter (/Users/mysoft/Code/AI Coding/party-management-system/api-tests/node_modules/jest-circus/build/legacy-code-todo-rewrite/jestAdapter.js:79:19)
    at runTestInternal (/Users/mysoft/Code/AI Coding/party-management-system/api-tests/node_modules/jest-runner/build/runTest.js:367:16)
    at runTest (/Users/mysoft/Code/AI Coding/party-management-system/api-tests/node_modules/jest-runner/build/runTest.js:444:34)</failure>
    </testcase>
    <testcase classname="党费管理API测试 › 党费缴纳记录管理 › 查询缴费记录" name="获取缴费记录列表" time="0">
      <failure>Error: thrown: &quot;Exceeded timeout of 30000 ms for a hook.
Add a timeout value to this test to increase the timeout, if this is a long-running test. See https://jestjs.io/docs/api#testname-fn-timeout.&quot;
    at Object.beforeAll (/Users/mysoft/Code/AI Coding/party-management-system/api-tests/setup.js:361:1)
    at Runtime._execModule (/Users/mysoft/Code/AI Coding/party-management-system/api-tests/node_modules/jest-runtime/build/index.js:1439:24)
    at Runtime._loadModule (/Users/mysoft/Code/AI Coding/party-management-system/api-tests/node_modules/jest-runtime/build/index.js:1022:12)
    at Runtime.requireModule (/Users/mysoft/Code/AI Coding/party-management-system/api-tests/node_modules/jest-runtime/build/index.js:882:12)
    at jestAdapter (/Users/mysoft/Code/AI Coding/party-management-system/api-tests/node_modules/jest-circus/build/legacy-code-todo-rewrite/jestAdapter.js:70:15)
    at processTicksAndRejections (node:internal/process/task_queues:105:5)
    at runTestInternal (/Users/mysoft/Code/AI Coding/party-management-system/api-tests/node_modules/jest-runner/build/runTest.js:367:16)
    at runTest (/Users/mysoft/Code/AI Coding/party-management-system/api-tests/node_modules/jest-runner/build/runTest.js:444:34)</failure>
      <failure>AggregateError: 
    at AxiosError.Object.&lt;anonymous&gt;.AxiosError.from (/Users/mysoft/Code/AI Coding/party-management-system/api-tests/node_modules/axios/lib/core/AxiosError.js:92:14)
    at RedirectableRequest.handleRequestError (/Users/mysoft/Code/AI Coding/party-management-system/api-tests/node_modules/axios/lib/adapters/http.js:620:25)
    at RedirectableRequest.emit (node:events:519:35)
    at ClientRequest.eventHandlers.&lt;computed&gt; (/Users/mysoft/Code/AI Coding/party-management-system/api-tests/node_modules/follow-redirects/index.js:49:24)
    at ClientRequest.emit (node:events:507:28)
    at emitErrorEvent (node:_http_client:104:11)
    at Socket.socketErrorListener (node:_http_client:518:5)
    at Socket.emit (node:events:507:28)
    at emitErrorNT (node:internal/streams/destroy:170:8)
    at emitErrorCloseNT (node:internal/streams/destroy:129:3)
    at processTicksAndRejections (node:internal/process/task_queues:90:21)
    at Axios.request (/Users/mysoft/Code/AI Coding/party-management-system/api-tests/node_modules/axios/lib/core/Axios.js:45:41)
    at processTicksAndRejections (node:internal/process/task_queues:105:5)
    at Object.loginAsAdmin (/Users/mysoft/Code/AI Coding/party-management-system/api-tests/setup.js:39:24)
    at Object.getAdminAuthHeaders (/Users/mysoft/Code/AI Coding/party-management-system/api-tests/setup.js:80:7)
    at Object.&lt;anonymous&gt; (/Users/mysoft/Code/AI Coding/party-management-system/api-tests/fees.test.js:14:20)</failure>
      <failure>TypeError: Cannot read properties of undefined (reading &apos;id&apos;)
    at Object.id (/Users/mysoft/Code/AI Coding/party-management-system/api-tests/fees.test.js:207:34)
    at Promise.then.completed (/Users/mysoft/Code/AI Coding/party-management-system/api-tests/node_modules/jest-circus/build/utils.js:298:28)
    at new Promise (&lt;anonymous&gt;)
    at callAsyncCircusFn (/Users/mysoft/Code/AI Coding/party-management-system/api-tests/node_modules/jest-circus/build/utils.js:231:10)
    at _callCircusHook (/Users/mysoft/Code/AI Coding/party-management-system/api-tests/node_modules/jest-circus/build/run.js:281:40)
    at processTicksAndRejections (node:internal/process/task_queues:105:5)
    at _runTestsForDescribeBlock (/Users/mysoft/Code/AI Coding/party-management-system/api-tests/node_modules/jest-circus/build/run.js:95:7)
    at _runTestsForDescribeBlock (/Users/mysoft/Code/AI Coding/party-management-system/api-tests/node_modules/jest-circus/build/run.js:121:9)
    at _runTestsForDescribeBlock (/Users/mysoft/Code/AI Coding/party-management-system/api-tests/node_modules/jest-circus/build/run.js:121:9)
    at run (/Users/mysoft/Code/AI Coding/party-management-system/api-tests/node_modules/jest-circus/build/run.js:71:3)
    at runAndTransformResultsToJestFormat (/Users/mysoft/Code/AI Coding/party-management-system/api-tests/node_modules/jest-circus/build/legacy-code-todo-rewrite/jestAdapterInit.js:122:21)
    at jestAdapter (/Users/mysoft/Code/AI Coding/party-management-system/api-tests/node_modules/jest-circus/build/legacy-code-todo-rewrite/jestAdapter.js:79:19)
    at runTestInternal (/Users/mysoft/Code/AI Coding/party-management-system/api-tests/node_modules/jest-runner/build/runTest.js:367:16)
    at runTest (/Users/mysoft/Code/AI Coding/party-management-system/api-tests/node_modules/jest-runner/build/runTest.js:444:34)</failure>
    </testcase>
    <testcase classname="党费管理API测试 › 党费缴纳记录管理 › 查询缴费记录" name="按标准ID筛选缴费记录" time="0">
      <failure>Error: thrown: &quot;Exceeded timeout of 30000 ms for a hook.
Add a timeout value to this test to increase the timeout, if this is a long-running test. See https://jestjs.io/docs/api#testname-fn-timeout.&quot;
    at Object.beforeAll (/Users/mysoft/Code/AI Coding/party-management-system/api-tests/setup.js:361:1)
    at Runtime._execModule (/Users/mysoft/Code/AI Coding/party-management-system/api-tests/node_modules/jest-runtime/build/index.js:1439:24)
    at Runtime._loadModule (/Users/mysoft/Code/AI Coding/party-management-system/api-tests/node_modules/jest-runtime/build/index.js:1022:12)
    at Runtime.requireModule (/Users/mysoft/Code/AI Coding/party-management-system/api-tests/node_modules/jest-runtime/build/index.js:882:12)
    at jestAdapter (/Users/mysoft/Code/AI Coding/party-management-system/api-tests/node_modules/jest-circus/build/legacy-code-todo-rewrite/jestAdapter.js:70:15)
    at processTicksAndRejections (node:internal/process/task_queues:105:5)
    at runTestInternal (/Users/mysoft/Code/AI Coding/party-management-system/api-tests/node_modules/jest-runner/build/runTest.js:367:16)
    at runTest (/Users/mysoft/Code/AI Coding/party-management-system/api-tests/node_modules/jest-runner/build/runTest.js:444:34)</failure>
      <failure>AggregateError: 
    at AxiosError.Object.&lt;anonymous&gt;.AxiosError.from (/Users/mysoft/Code/AI Coding/party-management-system/api-tests/node_modules/axios/lib/core/AxiosError.js:92:14)
    at RedirectableRequest.handleRequestError (/Users/mysoft/Code/AI Coding/party-management-system/api-tests/node_modules/axios/lib/adapters/http.js:620:25)
    at RedirectableRequest.emit (node:events:519:35)
    at ClientRequest.eventHandlers.&lt;computed&gt; (/Users/mysoft/Code/AI Coding/party-management-system/api-tests/node_modules/follow-redirects/index.js:49:24)
    at ClientRequest.emit (node:events:507:28)
    at emitErrorEvent (node:_http_client:104:11)
    at Socket.socketErrorListener (node:_http_client:518:5)
    at Socket.emit (node:events:507:28)
[...]
    at Runtime.requireModule (/Users/mysoft/Code/AI Coding/party-management-system/api-tests/node_modules/jest-runtime/build/index.js:882:12)
    at jestAdapter (/Users/mysoft/Code/AI Coding/party-management-system/api-tests/node_modules/jest-circus/build/legacy-code-todo-rewrite/jestAdapter.js:70:15)
    at runTestInternal (/Users/mysoft/Code/AI Coding/party-management-system/api-tests/node_modules/jest-runner/build/runTest.js:367:16)
    at runTest (/Users/mysoft/Code/AI Coding/party-management-system/api-tests/node_modules/jest-runner/build/runTest.js:444:34)</failure>
      <failure>TypeError: Cannot read properties of undefined (reading &apos;data&apos;)
    at Object.data (/Users/mysoft/Code/AI Coding/party-management-system/api-tests/auth.test.js:199:38)
    at processTicksAndRejections (node:internal/process/task_queues:105:5)</failure>
    </testcase>
    <testcase classname="认证API测试 › 用户信息管理" name="错误旧密码修改密码应失败" time="0">
      <failure>Error: thrown: &quot;Exceeded timeout of 30000 ms for a hook.
Add a timeout value to this test to increase the timeout, if this is a long-running test. See https://jestjs.io/docs/api#testname-fn-timeout.&quot;
    at Object.beforeAll (/Users/mysoft/Code/AI Coding/party-management-system/api-tests/setup.js:361:1)
    at Runtime._execModule (/Users/mysoft/Code/AI Coding/party-management-system/api-tests/node_modules/jest-runtime/build/index.js:1439:24)
    at Runtime._loadModule (/Users/mysoft/Code/AI Coding/party-management-system/api-tests/node_modules/jest-runtime/build/index.js:1022:12)
    at Runtime.requireModule (/Users/mysoft/Code/AI Coding/party-management-system/api-tests/node_modules/jest-runtime/build/index.js:882:12)
    at jestAdapter (/Users/mysoft/Code/AI Coding/party-management-system/api-tests/node_modules/jest-circus/build/legacy-code-todo-rewrite/jestAdapter.js:70:15)
    at runTestInternal (/Users/mysoft/Code/AI Coding/party-management-system/api-tests/node_modules/jest-runner/build/runTest.js:367:16)
    at runTest (/Users/mysoft/Code/AI Coding/party-management-system/api-tests/node_modules/jest-runner/build/runTest.js:444:34)</failure>
      <failure>TypeError: Cannot read properties of undefined (reading &apos;data&apos;)
    at Object.data (/Users/mysoft/Code/AI Coding/party-management-system/api-tests/auth.test.js:199:38)
    at processTicksAndRejections (node:internal/process/task_queues:105:5)</failure>
    </testcase>
    <testcase classname="认证API测试 › 权限验证" name="管理员访问管理接口" time="0">
      <failure>Error: thrown: &quot;Exceeded timeout of 30000 ms for a hook.
Add a timeout value to this test to increase the timeout, if this is a long-running test. See https://jestjs.io/docs/api#testname-fn-timeout.&quot;
    at Object.beforeAll (/Users/mysoft/Code/AI Coding/party-management-system/api-tests/setup.js:361:1)
    at Runtime._execModule (/Users/mysoft/Code/AI Coding/party-management-system/api-tests/node_modules/jest-runtime/build/index.js:1439:24)
    at Runtime._loadModule (/Users/mysoft/Code/AI Coding/party-management-system/api-tests/node_modules/jest-runtime/build/index.js:1022:12)
    at Runtime.requireModule (/Users/mysoft/Code/AI Coding/party-management-system/api-tests/node_modules/jest-runtime/build/index.js:882:12)
    at jestAdapter (/Users/mysoft/Code/AI Coding/party-management-system/api-tests/node_modules/jest-circus/build/legacy-code-todo-rewrite/jestAdapter.js:70:15)
    at runTestInternal (/Users/mysoft/Code/AI Coding/party-management-system/api-tests/node_modules/jest-runner/build/runTest.js:367:16)
    at runTest (/Users/mysoft/Code/AI Coding/party-management-system/api-tests/node_modules/jest-runner/build/runTest.js:444:34)</failure>
      <failure>AggregateError: 
    at AxiosError.Object.&lt;anonymous&gt;.AxiosError.from (/Users/mysoft/Code/AI Coding/party-management-system/api-tests/node_modules/axios/lib/core/AxiosError.js:92:14)
    at RedirectableRequest.handleRequestError (/Users/mysoft/Code/AI Coding/party-management-system/api-tests/node_modules/axios/lib/adapters/http.js:620:25)
    at RedirectableRequest.emit (node:events:519:35)
    at ClientRequest.eventHandlers.&lt;computed&gt; (/Users/mysoft/Code/AI Coding/party-management-system/api-tests/node_modules/follow-redirects/index.js:49:24)
    at ClientRequest.emit (node:events:507:28)
    at emitErrorEvent (node:_http_client:104:11)
    at Socket.socketErrorListener (node:_http_client:518:5)
    at Socket.emit (node:events:507:28)
    at emitErrorNT (node:internal/streams/destroy:170:8)
    at emitErrorCloseNT (node:internal/streams/destroy:129:3)
    at processTicksAndRejections (node:internal/process/task_queues:90:21)
    at Axios.request (/Users/mysoft/Code/AI Coding/party-management-system/api-tests/node_modules/axios/lib/core/Axios.js:45:41)
    at processTicksAndRejections (node:internal/process/task_queues:105:5)
    at Object.loginAsAdmin (/Users/mysoft/Code/AI Coding/party-management-system/api-tests/setup.js:39:24)
    at Object.&lt;anonymous&gt; (/Users/mysoft/Code/AI Coding/party-management-system/api-tests/auth.test.js:266:20)</failure>
    </testcase>
    <testcase classname="认证API测试 › 权限验证" name="普通用户访问管理接口应失败" time="0">
      <failure>Error: thrown: &quot;Exceeded timeout of 30000 ms for a hook.
Add a timeout value to this test to increase the timeout, if this is a long-running test. See https://jestjs.io/docs/api#testname-fn-timeout.&quot;
    at Object.beforeAll (/Users/mysoft/Code/AI Coding/party-management-system/api-tests/setup.js:361:1)
    at Runtime._execModule (/Users/mysoft/Code/AI Coding/party-management-system/api-tests/node_modules/jest-runtime/build/index.js:1439:24)
    at Runtime._loadModule (/Users/mysoft/Code/AI Coding/party-management-system/api-tests/node_modules/jest-runtime/build/index.js:1022:12)
    at Runtime.requireModule (/Users/mysoft/Code/AI Coding/party-management-system/api-tests/node_modules/jest-runtime/build/index.js:882:12)
    at jestAdapter (/Users/mysoft/Code/AI Coding/party-management-system/api-tests/node_modules/jest-circus/build/legacy-code-todo-rewrite/jestAdapter.js:70:15)
    at runTestInternal (/Users/mysoft/Code/AI Coding/party-management-system/api-tests/node_modules/jest-runner/build/runTest.js:367:16)
    at runTest (/Users/mysoft/Code/AI Coding/party-management-system/api-tests/node_modules/jest-runner/build/runTest.js:444:34)</failure>
      <failure>AggregateError: 
    at AxiosError.Object.&lt;anonymous&gt;.AxiosError.from (/Users/mysoft/Code/AI Coding/party-management-system/api-tests/node_modules/axios/lib/core/AxiosError.js:92:14)
    at RedirectableRequest.handleRequestError (/Users/mysoft/Code/AI Coding/party-management-system/api-tests/node_modules/axios/lib/adapters/http.js:620:25)
    at RedirectableRequest.emit (node:events:519:35)
    at ClientRequest.eventHandlers.&lt;computed&gt; (/Users/mysoft/Code/AI Coding/party-management-system/api-tests/node_modules/follow-redirects/index.js:49:24)
    at ClientRequest.emit (node:events:507:28)
    at emitErrorEvent (node:_http_client:104:11)
    at Socket.socketErrorListener (node:_http_client:518:5)
    at Socket.emit (node:events:507:28)
    at emitErrorNT (node:internal/streams/destroy:170:8)
    at emitErrorCloseNT (node:internal/streams/destroy:129:3)
    at processTicksAndRejections (node:internal/process/task_queues:90:21)
    at Axios.request (/Users/mysoft/Code/AI Coding/party-management-system/api-tests/node_modules/axios/lib/core/Axios.js:45:41)
    at processTicksAndRejections (node:internal/process/task_queues:105:5)
    at Object.loginAsAdmin (/Users/mysoft/Code/AI Coding/party-management-system/api-tests/setup.js:39:24)
    at Object.&lt;anonymous&gt; (/Users/mysoft/Code/AI Coding/party-management-system/api-tests/auth.test.js:266:20)</failure>
    </testcase>
    <testcase classname="认证API测试 › 权限验证" name="普通用户访问自己的资源" time="0">
      <failure>Error: thrown: &quot;Exceeded timeout of 30000 ms for a hook.
Add a timeout value to this test to increase the timeout, if this is a long-running test. See https://jestjs.io/docs/api#testname-fn-timeout.&quot;
    at Object.beforeAll (/Users/mysoft/Code/AI Coding/party-management-system/api-tests/setup.js:361:1)
    at Runtime._execModule (/Users/mysoft/Code/AI Coding/party-management-system/api-tests/node_modules/jest-runtime/build/index.js:1439:24)
    at Runtime._loadModule (/Users/mysoft/Code/AI Coding/party-management-system/api-tests/node_modules/jest-runtime/build/index.js:1022:12)
    at Runtime.requireModule (/Users/mysoft/Code/AI Coding/party-management-system/api-tests/node_modules/jest-runtime/build/index.js:882:12)
    at jestAdapter (/Users/mysoft/Code/AI Coding/party-management-system/api-tests/node_modules/jest-circus/build/legacy-code-todo-rewrite/jestAdapter.js:70:15)
    at runTestInternal (/Users/mysoft/Code/AI Coding/party-management-system/api-tests/node_modules/jest-runner/build/runTest.js:367:16)
    at runTest (/Users/mysoft/Code/AI Coding/party-management-system/api-tests/node_modules/jest-runner/build/runTest.js:444:34)</failure>
      <failure>AggregateError: 
    at AxiosError.Object.&lt;anonymous&gt;.AxiosError.from (/Users/mysoft/Code/AI Coding/party-management-system/api-tests/node_modules/axios/lib/core/AxiosError.js:92:14)
    at RedirectableRequest.handleRequestError (/Users/mysoft/Code/AI Coding/party-management-system/api-tests/node_modules/axios/lib/adapters/http.js:620:25)
    at RedirectableRequest.emit (node:events:519:35)
    at ClientRequest.eventHandlers.&lt;computed&gt; (/Users/mysoft/Code/AI Coding/party-management-system/api-tests/node_modules/follow-redirects/index.js:49:24)
    at ClientRequest.emit (node:events:507:28)
    at emitErrorEvent (node:_http_client:104:11)
    at Socket.socketErrorListener (node:_http_client:518:5)
    at Socket.emit (node:events:507:28)
    at emitErrorNT (node:internal/streams/destroy:170:8)
    at emitErrorCloseNT (node:internal/streams/destroy:129:3)
    at processTicksAndRejections (node:internal/process/task_queues:90:21)
    at Axios.request (/Users/mysoft/Code/AI Coding/party-management-system/api-tests/node_modules/axios/lib/core/Axios.js:45:41)
    at processTicksAndRejections (node:internal/process/task_queues:105:5)
    at Object.loginAsAdmin (/Users/mysoft/Code/AI Coding/party-management-system/api-tests/setup.js:39:24)
    at Object.&lt;anonymous&gt; (/Users/mysoft/Code/AI Coding/party-management-system/api-tests/auth.test.js:266:20)</failure>
    </testcase>
    <testcase classname="认证API测试 › 登出功能" name="正常登出" time="0">
      <failure>Error: thrown: &quot;Exceeded timeout of 30000 ms for a hook.
Add a timeout value to this test to increase the timeout, if this is a long-running test. See https://jestjs.io/docs/api#testname-fn-timeout.&quot;
    at Object.beforeAll (/Users/mysoft/Code/AI Coding/party-management-system/api-tests/setup.js:361:1)
    at Runtime._execModule (/Users/mysoft/Code/AI Coding/party-management-system/api-tests/node_modules/jest-runtime/build/index.js:1439:24)
    at Runtime._loadModule (/Users/mysoft/Code/AI Coding/party-management-system/api-tests/node_modules/jest-runtime/build/index.js:1022:12)
    at Runtime.requireModule (/Users/mysoft/Code/AI Coding/party-management-system/api-tests/node_modules/jest-runtime/build/index.js:882:12)
    at jestAdapter (/Users/mysoft/Code/AI Coding/party-management-system/api-tests/node_modules/jest-circus/build/legacy-code-todo-rewrite/jestAdapter.js:70:15)
    at runTestInternal (/Users/mysoft/Code/AI Coding/party-management-system/api-tests/node_modules/jest-runner/build/runTest.js:367:16)
    at runTest (/Users/mysoft/Code/AI Coding/party-management-system/api-tests/node_modules/jest-runner/build/runTest.js:444:34)</failure>
      <failure>TypeError: Cannot read properties of undefined (reading &apos;data&apos;)
    at Object.data (/Users/mysoft/Code/AI Coding/party-management-system/api-tests/auth.test.js:309:38)
    at processTicksAndRejections (node:internal/process/task_queues:105:5)</failure>
    </testcase>
    <testcase classname="认证API测试 › 登出功能" name="无token登出应失败" time="0">
      <failure>Error: thrown: &quot;Exceeded timeout of 30000 ms for a hook.
Add a timeout value to this test to increase the timeout, if this is a long-running test. See https://jestjs.io/docs/api#testname-fn-timeout.&quot;
    at Object.beforeAll (/Users/mysoft/Code/AI Coding/party-management-system/api-tests/setup.js:361:1)
    at Runtime._execModule (/Users/mysoft/Code/AI Coding/party-management-system/api-tests/node_modules/jest-runtime/build/index.js:1439:24)
    at Runtime._loadModule (/Users/mysoft/Code/AI Coding/party-management-system/api-tests/node_modules/jest-runtime/build/index.js:1022:12)
    at Runtime.requireModule (/Users/mysoft/Code/AI Coding/party-management-system/api-tests/node_modules/jest-runtime/build/index.js:882:12)
    at jestAdapter (/Users/mysoft/Code/AI Coding/party-management-system/api-tests/node_modules/jest-circus/build/legacy-code-todo-rewrite/jestAdapter.js:70:15)
    at runTestInternal (/Users/mysoft/Code/AI Coding/party-management-system/api-tests/node_modules/jest-runner/build/runTest.js:367:16)
    at runTest (/Users/mysoft/Code/AI Coding/party-management-system/api-tests/node_modules/jest-runner/build/runTest.js:444:34)</failure>
      <failure>TypeError: Cannot read properties of undefined (reading &apos;data&apos;)
    at Object.data (/Users/mysoft/Code/AI Coding/party-management-system/api-tests/auth.test.js:309:38)
    at processTicksAndRejections (node:internal/process/task_queues:105:5)</failure>
    </testcase>
    <testcase classname="认证API测试 › 安全测试" name="SQL注入防护" time="0">
      <failure>Error: thrown: &quot;Exceeded timeout of 30000 ms for a hook.
Add a timeout value to this test to increase the timeout, if this is a long-running test. See https://jestjs.io/docs/api#testname-fn-timeout.&quot;
    at Object.beforeAll (/Users/mysoft/Code/AI Coding/party-management-system/api-tests/setup.js:361:1)
    at Runtime._execModule (/Users/mysoft/Code/AI Coding/party-management-system/api-tests/node_modules/jest-runtime/build/index.js:1439:24)
    at Runtime._loadModule (/Users/mysoft/Code/AI Coding/party-management-system/api-tests/node_modules/jest-runtime/build/index.js:1022:12)
    at Runtime.requireModule (/Users/mysoft/Code/AI Coding/party-management-system/api-tests/node_modules/jest-runtime/build/index.js:882:12)
    at jestAdapter (/Users/mysoft/Code/AI Coding/party-management-system/api-tests/node_modules/jest-circus/build/legacy-code-todo-rewrite/jestAdapter.js:70:15)
    at runTestInternal (/Users/mysoft/Code/AI Coding/party-management-system/api-tests/node_modules/jest-runner/build/runTest.js:367:16)
    at runTest (/Users/mysoft/Code/AI Coding/party-management-system/api-tests/node_modules/jest-runner/build/runTest.js:444:34)</failure>
    </testcase>
    <testcase classname="认证API测试 › 安全测试" name="XSS防护" time="0">
      <failure>Error: thrown: &quot;Exceeded timeout of 30000 ms for a hook.
Add a timeout value to this test to increase the timeout, if this is a long-running test. See https://jestjs.io/docs/api#testname-fn-timeout.&quot;
    at Object.beforeAll (/Users/mysoft/Code/AI Coding/party-management-system/api-tests/setup.js:361:1)
    at Runtime._execModule (/Users/mysoft/Code/AI Coding/party-management-system/api-tests/node_modules/jest-runtime/build/index.js:1439:24)
    at Runtime._loadModule (/Users/mysoft/Code/AI Coding/party-management-system/api-tests/node_modules/jest-runtime/build/index.js:1022:12)
    at Runtime.requireModule (/Users/mysoft/Code/AI Coding/party-management-system/api-tests/node_modules/jest-runtime/build/index.js:882:12)
    at jestAdapter (/Users/mysoft/Code/AI Coding/party-management-system/api-tests/node_modules/jest-circus/build/legacy-code-todo-rewrite/jestAdapter.js:70:15)
    at runTestInternal (/Users/mysoft/Code/AI Coding/party-management-system/api-tests/node_modules/jest-runner/build/runTest.js:367:16)
    at runTest (/Users/mysoft/Code/AI Coding/party-management-system/api-tests/node_modules/jest-runner/build/runTest.js:444:34)</failure>
    </testcase>
    <testcase classname="认证API测试 › 安全测试" name="暴力破解防护" time="0">
      <failure>Error: thrown: &quot;Exceeded timeout of 30000 ms for a hook.
Add a timeout value to this test to increase the timeout, if this is a long-running test. See https://jestjs.io/docs/api#testname-fn-timeout.&quot;
    at Object.beforeAll (/Users/mysoft/Code/AI Coding/party-management-system/api-tests/setup.js:361:1)
    at Runtime._execModule (/Users/mysoft/Code/AI Coding/party-management-system/api-tests/node_modules/jest-runtime/build/index.js:1439:24)
    at Runtime._loadModule (/Users/mysoft/Code/AI Coding/party-management-system/api-tests/node_modules/jest-runtime/build/index.js:1022:12)
    at Runtime.requireModule (/Users/mysoft/Code/AI Coding/party-management-system/api-tests/node_modules/jest-runtime/build/index.js:882:12)
    at jestAdapter (/Users/mysoft/Code/AI Coding/party-management-system/api-tests/node_modules/jest-circus/build/legacy-code-todo-rewrite/jestAdapter.js:70:15)
    at runTestInternal (/Users/mysoft/Code/AI Coding/party-management-system/api-tests/node_modules/jest-runner/build/runTest.js:367:16)
    at runTest (/Users/mysoft/Code/AI Coding/party-management-system/api-tests/node_modules/jest-runner/build/runTest.js:444:34)</failure>
    </testcase>
    <testcase classname="认证API测试 › 性能测试" name="登录响应时间" time="0">
      <failure>Error: thrown: &quot;Exceeded timeout of 30000 ms for a hook.
Add a timeout value to this test to increase the timeout, if this is a long-running test. See https://jestjs.io/docs/api#testname-fn-timeout.&quot;
    at Object.beforeAll (/Users/mysoft/Code/AI Coding/party-management-system/api-tests/setup.js:361:1)
    at Runtime._execModule (/Users/mysoft/Code/AI Coding/party-management-system/api-tests/node_modules/jest-runtime/build/index.js:1439:24)
    at Runtime._loadModule (/Users/mysoft/Code/AI Coding/party-management-system/api-tests/node_modules/jest-runtime/build/index.js:1022:12)
    at Runtime.requireModule (/Users/mysoft/Code/AI Coding/party-management-system/api-tests/node_modules/jest-runtime/build/index.js:882:12)
    at jestAdapter (/Users/mysoft/Code/AI Coding/party-management-system/api-tests/node_modules/jest-circus/build/legacy-code-todo-rewrite/jestAdapter.js:70:15)
    at runTestInternal (/Users/mysoft/Code/AI Coding/party-management-system/api-tests/node_modules/jest-runner/build/runTest.js:367:16)
    at runTest (/Users/mysoft/Code/AI Coding/party-management-system/api-tests/node_modules/jest-runner/build/runTest.js:444:34)</failure>
    </testcase>
    <testcase classname="认证API测试 › 性能测试" name="并发登录" time="0">
      <failure>Error: thrown: &quot;Exceeded timeout of 30000 ms for a hook.
Add a timeout value to this test to increase the timeout, if this is a long-running test. See https://jestjs.io/docs/api#testname-fn-timeout.&quot;
    at Object.beforeAll (/Users/mysoft/Code/AI Coding/party-management-system/api-tests/setup.js:361:1)
    at Runtime._execModule (/Users/mysoft/Code/AI Coding/party-management-system/api-tests/node_modules/jest-runtime/build/index.js:1439:24)
    at Runtime._loadModule (/Users/mysoft/Code/AI Coding/party-management-system/api-tests/node_modules/jest-runtime/build/index.js:1022:12)
    at Runtime.requireModule (/Users/mysoft/Code/AI Coding/party-management-system/api-tests/node_modules/jest-runtime/build/index.js:882:12)
    at jestAdapter (/Users/mysoft/Code/AI Coding/party-management-system/api-tests/node_modules/jest-circus/build/legacy-code-todo-rewrite/jestAdapter.js:70:15)
    at runTestInternal (/Users/mysoft/Code/AI Coding/party-management-system/api-tests/node_modules/jest-runner/build/runTest.js:367:16)
    at runTest (/Users/mysoft/Code/AI Coding/party-management-system/api-tests/node_modules/jest-runner/build/runTest.js:444:34)</failure>
    </testcase>
  </testsuite>
</testsuites>