<?xml version="1.0" encoding="UTF-8" ?>
<testsuites name="vitest tests" tests="227" failures="225" errors="0" time="4.794">
    <testsuite name="tests/config.test.js" timestamp="2025-08-25T10:08:31.196Z" hostname="Mac-mini.local" tests="2" failures="0" errors="0" skipped="0" time="0.002">
        <testcase classname="tests/config.test.js" name="测试配置验证 &gt; 应该能够运行基本测试" time="0.001">
        </testcase>
        <testcase classname="tests/config.test.js" name="测试配置验证 &gt; 应该能够正确解析路径别名" time="0">
        </testcase>
    </testsuite>
    <testsuite name="tests/__tests__/helpers.test.js" timestamp="2025-08-25T10:08:31.197Z" hostname="Mac-mini.local" tests="33" failures="33" errors="0" skipped="0" time="0.03">
        <testcase classname="tests/__tests__/helpers.test.js" name="Data Factory &gt; user factory &gt; should create a valid user object" time="0.007">
            <failure message="Cannot find module &apos;@/tests/fixtures/dataFactory&apos;
Require stack:
- /Users/mysoft/Code/AI Coding/party-management-system/frontend/tests/__tests__/helpers.test.js" type="Error">
Error: Cannot find module &apos;@/tests/fixtures/dataFactory&apos;
Require stack:
- /Users/mysoft/Code/AI Coding/party-management-system/frontend/tests/__tests__/helpers.test.js
 ❯ TracingChannel.traceSync node:diagnostics_channel:322:14
 ❯ tests/__tests__/helpers.test.js:9:23
            </failure>
        </testcase>
        <testcase classname="tests/__tests__/helpers.test.js" name="Data Factory &gt; user factory &gt; should create user with custom attributes" time="0">
            <failure message="Cannot find module &apos;@/tests/fixtures/dataFactory&apos;
Require stack:
- /Users/mysoft/Code/AI Coding/party-management-system/frontend/tests/__tests__/helpers.test.js" type="Error">
Error: Cannot find module &apos;@/tests/fixtures/dataFactory&apos;
Require stack:
- /Users/mysoft/Code/AI Coding/party-management-system/frontend/tests/__tests__/helpers.test.js
 ❯ TracingChannel.traceSync node:diagnostics_channel:322:14
 ❯ tests/__tests__/helpers.test.js:9:23
            </failure>
        </testcase>
        <testcase classname="tests/__tests__/helpers.test.js" name="Data Factory &gt; user factory &gt; should create multiple users" time="0.001">
            <failure message="Cannot find module &apos;@/tests/fixtures/dataFactory&apos;
Require stack:
- /Users/mysoft/Code/AI Coding/party-management-system/frontend/tests/__tests__/helpers.test.js" type="Error">
Error: Cannot find module &apos;@/tests/fixtures/dataFactory&apos;
Require stack:
- /Users/mysoft/Code/AI Coding/party-management-system/frontend/tests/__tests__/helpers.test.js
 ❯ TracingChannel.traceSync node:diagnostics_channel:322:14
 ❯ tests/__tests__/helpers.test.js:9:23
            </failure>
        </testcase>
        <testcase classname="tests/__tests__/helpers.test.js" name="Data Factory &gt; activity factory &gt; should create a valid activity object" time="0">
            <failure message="Cannot find module &apos;@/tests/fixtures/dataFactory&apos;
Require stack:
- /Users/mysoft/Code/AI Coding/party-management-system/frontend/tests/__tests__/helpers.test.js" type="Error">
Error: Cannot find module &apos;@/tests/fixtures/dataFactory&apos;
Require stack:
- /Users/mysoft/Code/AI Coding/party-management-system/frontend/tests/__tests__/helpers.test.js
 ❯ TracingChannel.traceSync node:diagnostics_channel:322:14
 ❯ tests/__tests__/helpers.test.js:9:23
            </failure>
        </testcase>
        <testcase classname="tests/__tests__/helpers.test.js" name="Data Factory &gt; activity factory &gt; should create activity with custom status" time="0">
            <failure message="Cannot find module &apos;@/tests/fixtures/dataFactory&apos;
Require stack:
- /Users/mysoft/Code/AI Coding/party-management-system/frontend/tests/__tests__/helpers.test.js" type="Error">
Error: Cannot find module &apos;@/tests/fixtures/dataFactory&apos;
Require stack:
- /Users/mysoft/Code/AI Coding/party-management-system/frontend/tests/__tests__/helpers.test.js
 ❯ TracingChannel.traceSync node:diagnostics_channel:322:14
 ❯ tests/__tests__/helpers.test.js:9:23
            </failure>
        </testcase>
        <testcase classname="tests/__tests__/helpers.test.js" name="Data Factory &gt; activity factory &gt; should create multiple activities" time="0.001">
            <failure message="Cannot find module &apos;@/tests/fixtures/dataFactory&apos;
Require stack:
- /Users/mysoft/Code/AI Coding/party-management-system/frontend/tests/__tests__/helpers.test.js" type="Error">
Error: Cannot find module &apos;@/tests/fixtures/dataFactory&apos;
Require stack:
- /Users/mysoft/Code/AI Coding/party-management-system/frontend/tests/__tests__/helpers.test.js
 ❯ TracingChannel.traceSync node:diagnostics_channel:322:14
 ❯ tests/__tests__/helpers.test.js:9:23
            </failure>
        </testcase>
        <testcase classname="tests/__tests__/helpers.test.js" name="Data Factory &gt; organization factory &gt; should create a valid organization object" time="0">
            <failure message="Cannot find module &apos;@/tests/fixtures/dataFactory&apos;
Require stack:
- /Users/mysoft/Code/AI Coding/party-management-system/frontend/tests/__tests__/helpers.test.js" type="Error">
Error: Cannot find module &apos;@/tests/fixtures/dataFactory&apos;
Require stack:
- /Users/mysoft/Code/AI Coding/party-management-system/frontend/tests/__tests__/helpers.test.js
 ❯ TracingChannel.traceSync node:diagnostics_channel:322:14
 ❯ tests/__tests__/helpers.test.js:9:23
            </failure>
        </testcase>
        <testcase classname="tests/__tests__/helpers.test.js" name="Data Factory &gt; organization factory &gt; should create organization with custom attributes" time="0">
            <failure message="Cannot find module &apos;@/tests/fixtures/dataFactory&apos;
Require stack:
- /Users/mysoft/Code/AI Coding/party-management-system/frontend/tests/__tests__/helpers.test.js" type="Error">
Error: Cannot find module &apos;@/tests/fixtures/dataFactory&apos;
Require stack:
- /Users/mysoft/Code/AI Coding/party-management-system/frontend/tests/__tests__/helpers.test.js
 ❯ TracingChannel.traceSync node:diagnostics_channel:322:14
 ❯ tests/__tests__/helpers.test.js:9:23
            </failure>
        </testcase>
        <testcase classname="tests/__tests__/helpers.test.js" name="Data Factory &gt; fee payment factory &gt; should create a valid fee payment object" time="0">
            <failure message="Cannot find module &apos;@/tests/fixtures/dataFactory&apos;
Require stack:
- /Users/mysoft/Code/AI Coding/party-management-system/frontend/tests/__tests__/helpers.test.js" type="Error">
Error: Cannot find module &apos;@/tests/fixtures/dataFactory&apos;
Require stack:
- /Users/mysoft/Code/AI Coding/party-management-system/frontend/tests/__tests__/helpers.test.js
 ❯ TracingChannel.traceSync node:diagnostics_channel:322:14
 ❯ tests/__tests__/helpers.test.js:9:23
            </failure>
        </testcase>
        <testcase classname="tests/__tests__/helpers.test.js" name="Data Factory &gt; fee payment factory &gt; should create payment with custom status" time="0.001">
            <failure message="Cannot find module &apos;@/tests/fixtures/dataFactory&apos;
Require stack:
- /Users/mysoft/Code/AI Coding/party-management-system/frontend/tests/__tests__/helpers.test.js" type="Error">
Error: Cannot find module &apos;@/tests/fixtures/dataFactory&apos;
Require stack:
- /Users/mysoft/Code/AI Coding/party-management-system/frontend/tests/__tests__/helpers.test.js
 ❯ TracingChannel.traceSync node:diagnostics_channel:322:14
 ❯ tests/__tests__/helpers.test.js:9:23
            </failure>
        </testcase>
        <testcase classname="tests/__tests__/helpers.test.js" name="Data Factory &gt; operation log factory &gt; should create a valid operation log object" time="0">
            <failure message="Cannot find module &apos;@/tests/fixtures/dataFactory&apos;
Require stack:
- /Users/mysoft/Code/AI Coding/party-management-system/frontend/tests/__tests__/helpers.test.js" type="Error">
Error: Cannot find module &apos;@/tests/fixtures/dataFactory&apos;
Require stack:
- /Users/mysoft/Code/AI Coding/party-management-system/frontend/tests/__tests__/helpers.test.js
 ❯ TracingChannel.traceSync node:diagnostics_channel:322:14
 ❯ tests/__tests__/helpers.test.js:9:23
            </failure>
        </testcase>
        <testcase classname="tests/__tests__/helpers.test.js" name="Data Factory &gt; operation log factory &gt; should create log with custom operation type" time="0">
            <failure message="Cannot find module &apos;@/tests/fixtures/dataFactory&apos;
Require stack:
- /Users/mysoft/Code/AI Coding/party-management-system/frontend/tests/__tests__/helpers.test.js" type="Error">
Error: Cannot find module &apos;@/tests/fixtures/dataFactory&apos;
Require stack:
- /Users/mysoft/Code/AI Coding/party-management-system/frontend/tests/__tests__/helpers.test.js
 ❯ TracingChannel.traceSync node:diagnostics_channel:322:14
 ❯ tests/__tests__/helpers.test.js:9:23
            </failure>
        </testcase>
        <testcase classname="tests/__tests__/helpers.test.js" name="Test Helpers &gt; mock API responses &gt; should create mock success response" time="0.001">
            <failure message="Cannot find module &apos;@/tests/mocks/testHelpers&apos;
Require stack:
- /Users/mysoft/Code/AI Coding/party-management-system/frontend/tests/__tests__/helpers.test.js" type="Error">
Error: Cannot find module &apos;@/tests/mocks/testHelpers&apos;
Require stack:
- /Users/mysoft/Code/AI Coding/party-management-system/frontend/tests/__tests__/helpers.test.js
 ❯ TracingChannel.traceSync node:diagnostics_channel:322:14
 ❯ tests/__tests__/helpers.test.js:188:19
            </failure>
        </testcase>
        <testcase classname="tests/__tests__/helpers.test.js" name="Test Helpers &gt; mock API responses &gt; should create mock error response" time="0.001">
            <failure message="Cannot find module &apos;@/tests/mocks/testHelpers&apos;
Require stack:
- /Users/mysoft/Code/AI Coding/party-management-system/frontend/tests/__tests__/helpers.test.js" type="Error">
Error: Cannot find module &apos;@/tests/mocks/testHelpers&apos;
Require stack:
- /Users/mysoft/Code/AI Coding/party-management-system/frontend/tests/__tests__/helpers.test.js
 ❯ TracingChannel.traceSync node:diagnostics_channel:322:14
 ❯ tests/__tests__/helpers.test.js:188:19
            </failure>
        </testcase>
        <testcase classname="tests/__tests__/helpers.test.js" name="Test Helpers &gt; mock API responses &gt; should create mock paginated response" time="0">
            <failure message="Cannot find module &apos;@/tests/mocks/testHelpers&apos;
Require stack:
- /Users/mysoft/Code/AI Coding/party-management-system/frontend/tests/__tests__/helpers.test.js" type="Error">
Error: Cannot find module &apos;@/tests/mocks/testHelpers&apos;
Require stack:
- /Users/mysoft/Code/AI Coding/party-management-system/frontend/tests/__tests__/helpers.test.js
 ❯ TracingChannel.traceSync node:diagnostics_channel:322:14
 ❯ tests/__tests__/helpers.test.js:188:19
            </failure>
        </testcase>
        <testcase classname="tests/__tests__/helpers.test.js" name="Test Helpers &gt; mock form validation &gt; should mock successful form validation" time="0">
            <failure message="Cannot find module &apos;@/tests/mocks/testHelpers&apos;
Require stack:
- /Users/mysoft/Code/AI Coding/party-management-system/frontend/tests/__tests__/helpers.test.js" type="Error">
Error: Cannot find module &apos;@/tests/mocks/testHelpers&apos;
Require stack:
- /Users/mysoft/Code/AI Coding/party-management-system/frontend/tests/__tests__/helpers.test.js
 ❯ TracingChannel.traceSync node:diagnostics_channel:322:14
 ❯ tests/__tests__/helpers.test.js:188:19
            </failure>
        </testcase>
        <testcase classname="tests/__tests__/helpers.test.js" name="Test Helpers &gt; mock form validation &gt; should mock failed form validation" time="0.001">
            <failure message="Cannot find module &apos;@/tests/mocks/testHelpers&apos;
Require stack:
- /Users/mysoft/Code/AI Coding/party-management-system/frontend/tests/__tests__/helpers.test.js" type="Error">
Error: Cannot find module &apos;@/tests/mocks/testHelpers&apos;
Require stack:
- /Users/mysoft/Code/AI Coding/party-management-system/frontend/tests/__tests__/helpers.test.js
 ❯ TracingChannel.traceSync node:diagnostics_channel:322:14
 ❯ tests/__tests__/helpers.test.js:188:19
            </failure>
        </testcase>
        <testcase classname="tests/__tests__/helpers.test.js" name="Test Helpers &gt; mock router &gt; should create mock router with push method" time="0">
            <failure message="Cannot find module &apos;@/tests/mocks/testHelpers&apos;
Require stack:
- /Users/mysoft/Code/AI Coding/party-management-system/frontend/tests/__tests__/helpers.test.js" type="Error">
Error: Cannot find module &apos;@/tests/mocks/testHelpers&apos;
Require stack:
- /Users/mysoft/Code/AI Coding/party-management-system/frontend/tests/__tests__/helpers.test.js
 ❯ TracingChannel.traceSync node:diagnostics_channel:322:14
 ❯ tests/__tests__/helpers.test.js:188:19
            </failure>
        </testcase>
        <testcase classname="tests/__tests__/helpers.test.js" name="Test Helpers &gt; mock router &gt; should track router calls" time="0">
            <failure message="Cannot find module &apos;@/tests/mocks/testHelpers&apos;
Require stack:
- /Users/mysoft/Code/AI Coding/party-management-system/frontend/tests/__tests__/helpers.test.js" type="Error">
Error: Cannot find module &apos;@/tests/mocks/testHelpers&apos;
Require stack:
- /Users/mysoft/Code/AI Coding/party-management-system/frontend/tests/__tests__/helpers.test.js
 ❯ TracingChannel.traceSync node:diagnostics_channel:322:14
 ❯ tests/__tests__/helpers.test.js:188:19
            </failure>
        </testcase>
        <testcase classname="tests/__tests__/helpers.test.js" name="Test Helpers &gt; mock store &gt; should create mock store with state and actions" time="0.001">
            <failure message="Cannot find module &apos;@/tests/mocks/testHelpers&apos;
Require stack:
- /Users/mysoft/Code/AI Coding/party-management-system/frontend/tests/__tests__/helpers.test.js" type="Error">
Error: Cannot find module &apos;@/tests/mocks/testHelpers&apos;
Require stack:
- /Users/mysoft/Code/AI Coding/party-management-system/frontend/tests/__tests__/helpers.test.js
 ❯ TracingChannel.traceSync node:diagnostics_channel:322:14
 ❯ tests/__tests__/helpers.test.js:188:19
            </failure>
        </testcase>
        <testcase classname="tests/__tests__/helpers.test.js" name="Test Helpers &gt; mock store &gt; should handle store actions" time="0">
            <failure message="Cannot find module &apos;@/tests/mocks/testHelpers&apos;
Require stack:
- /Users/mysoft/Code/AI Coding/party-management-system/frontend/tests/__tests__/helpers.test.js" type="Error">
Error: Cannot find module &apos;@/tests/mocks/testHelpers&apos;
Require stack:
- /Users/mysoft/Code/AI Coding/party-management-system/frontend/tests/__tests__/helpers.test.js
 ❯ TracingChannel.traceSync node:diagnostics_channel:322:14
 ❯ tests/__tests__/helpers.test.js:188:19
            </failure>
        </testcase>
        <testcase classname="tests/__tests__/helpers.test.js" name="Test Helpers &gt; wait for component updates &gt; should wait for next tick" time="0">
            <failure message="Cannot find module &apos;@/tests/mocks/testHelpers&apos;
Require stack:
- /Users/mysoft/Code/AI Coding/party-management-system/frontend/tests/__tests__/helpers.test.js" type="Error">
Error: Cannot find module &apos;@/tests/mocks/testHelpers&apos;
Require stack:
- /Users/mysoft/Code/AI Coding/party-management-system/frontend/tests/__tests__/helpers.test.js
 ❯ TracingChannel.traceSync node:diagnostics_channel:322:14
 ❯ tests/__tests__/helpers.test.js:188:19
            </failure>
        </testcase>
        <testcase classname="tests/__tests__/helpers.test.js" name="Test Helpers &gt; wait for component updates &gt; should wait for condition to be true" time="0">
            <failure message="Cannot find module &apos;@/tests/mocks/testHelpers&apos;
Require stack:
- /Users/mysoft/Code/AI Coding/party-management-system/frontend/tests/__tests__/helpers.test.js" type="Error">
Error: Cannot find module &apos;@/tests/mocks/testHelpers&apos;
Require stack:
- /Users/mysoft/Code/AI Coding/party-management-system/frontend/tests/__tests__/helpers.test.js
 ❯ TracingChannel.traceSync node:diagnostics_channel:322:14
 ❯ tests/__tests__/helpers.test.js:188:19
            </failure>
        </testcase>
        <testcase classname="tests/__tests__/helpers.test.js" name="Test Helpers &gt; wait for component updates &gt; should timeout if condition is never true" time="0.008">
            <failure message="Cannot find module &apos;@/tests/mocks/testHelpers&apos;
Require stack:
- /Users/mysoft/Code/AI Coding/party-management-system/frontend/tests/__tests__/helpers.test.js" type="Error">
Error: Cannot find module &apos;@/tests/mocks/testHelpers&apos;
Require stack:
- /Users/mysoft/Code/AI Coding/party-management-system/frontend/tests/__tests__/helpers.test.js
 ❯ TracingChannel.traceSync node:diagnostics_channel:322:14
 ❯ tests/__tests__/helpers.test.js:188:19
            </failure>
        </testcase>
        <testcase classname="tests/__tests__/helpers.test.js" name="Test Helpers &gt; trigger events &gt; should trigger click event" time="0">
            <failure message="Cannot find module &apos;@/tests/mocks/testHelpers&apos;
Require stack:
- /Users/mysoft/Code/AI Coding/party-management-system/frontend/tests/__tests__/helpers.test.js" type="Error">
Error: Cannot find module &apos;@/tests/mocks/testHelpers&apos;
Require stack:
- /Users/mysoft/Code/AI Coding/party-management-system/frontend/tests/__tests__/helpers.test.js
 ❯ TracingChannel.traceSync node:diagnostics_channel:322:14
 ❯ tests/__tests__/helpers.test.js:188:19
            </failure>
        </testcase>
        <testcase classname="tests/__tests__/helpers.test.js" name="Test Helpers &gt; trigger events &gt; should trigger custom event" time="0">
            <failure message="Cannot find module &apos;@/tests/mocks/testHelpers&apos;
Require stack:
- /Users/mysoft/Code/AI Coding/party-management-system/frontend/tests/__tests__/helpers.test.js" type="Error">
Error: Cannot find module &apos;@/tests/mocks/testHelpers&apos;
Require stack:
- /Users/mysoft/Code/AI Coding/party-management-system/frontend/tests/__tests__/helpers.test.js
 ❯ TracingChannel.traceSync node:diagnostics_channel:322:14
 ❯ tests/__tests__/helpers.test.js:188:19
            </failure>
        </testcase>
        <testcase classname="tests/__tests__/helpers.test.js" name="Test Helpers &gt; trigger events &gt; should handle keyboard events" time="0.001">
            <failure message="Cannot find module &apos;@/tests/mocks/testHelpers&apos;
Require stack:
- /Users/mysoft/Code/AI Coding/party-management-system/frontend/tests/__tests__/helpers.test.js" type="Error">
Error: Cannot find module &apos;@/tests/mocks/testHelpers&apos;
Require stack:
- /Users/mysoft/Code/AI Coding/party-management-system/frontend/tests/__tests__/helpers.test.js
 ❯ TracingChannel.traceSync node:diagnostics_channel:322:14
 ❯ tests/__tests__/helpers.test.js:188:19
            </failure>
        </testcase>
        <testcase classname="tests/__tests__/helpers.test.js" name="Test Helpers &gt; find component by test id &gt; should find component by test id" time="0">
            <failure message="Cannot find module &apos;@/tests/mocks/testHelpers&apos;
Require stack:
- /Users/mysoft/Code/AI Coding/party-management-system/frontend/tests/__tests__/helpers.test.js" type="Error">
Error: Cannot find module &apos;@/tests/mocks/testHelpers&apos;
Require stack:
- /Users/mysoft/Code/AI Coding/party-management-system/frontend/tests/__tests__/helpers.test.js
 ❯ TracingChannel.traceSync node:diagnostics_channel:322:14
 ❯ tests/__tests__/helpers.test.js:188:19
            </failure>
        </testcase>
        <testcase classname="tests/__tests__/helpers.test.js" name="Test Helpers &gt; find component by test id &gt; should return null if component not found" time="0">
            <failure message="Cannot find module &apos;@/tests/mocks/testHelpers&apos;
Require stack:
- /Users/mysoft/Code/AI Coding/party-management-system/frontend/tests/__tests__/helpers.test.js" type="Error">
Error: Cannot find module &apos;@/tests/mocks/testHelpers&apos;
Require stack:
- /Users/mysoft/Code/AI Coding/party-management-system/frontend/tests/__tests__/helpers.test.js
 ❯ TracingChannel.traceSync node:diagnostics_channel:322:14
 ❯ tests/__tests__/helpers.test.js:188:19
            </failure>
        </testcase>
        <testcase classname="tests/__tests__/helpers.test.js" name="Test Helpers &gt; mock local storage &gt; should mock localStorage getItem" time="0">
            <failure message="Cannot find module &apos;@/tests/mocks/testHelpers&apos;
Require stack:
- /Users/mysoft/Code/AI Coding/party-management-system/frontend/tests/__tests__/helpers.test.js" type="Error">
Error: Cannot find module &apos;@/tests/mocks/testHelpers&apos;
Require stack:
- /Users/mysoft/Code/AI Coding/party-management-system/frontend/tests/__tests__/helpers.test.js
 ❯ TracingChannel.traceSync node:diagnostics_channel:322:14
 ❯ tests/__tests__/helpers.test.js:188:19
            </failure>
        </testcase>
        <testcase classname="tests/__tests__/helpers.test.js" name="Test Helpers &gt; mock local storage &gt; should mock localStorage setItem" time="0.001">
            <failure message="Cannot find module &apos;@/tests/mocks/testHelpers&apos;
Require stack:
- /Users/mysoft/Code/AI Coding/party-management-system/frontend/tests/__tests__/helpers.test.js" type="Error">
Error: Cannot find module &apos;@/tests/mocks/testHelpers&apos;
Require stack:
- /Users/mysoft/Code/AI Coding/party-management-system/frontend/tests/__tests__/helpers.test.js
 ❯ TracingChannel.traceSync node:diagnostics_channel:322:14
 ❯ tests/__tests__/helpers.test.js:188:19
            </failure>
        </testcase>
        <testcase classname="tests/__tests__/helpers.test.js" name="Test Helpers &gt; mock local storage &gt; should mock localStorage removeItem" time="0">
            <failure message="Cannot find module &apos;@/tests/mocks/testHelpers&apos;
Require stack:
- /Users/mysoft/Code/AI Coding/party-management-system/frontend/tests/__tests__/helpers.test.js" type="Error">
Error: Cannot find module &apos;@/tests/mocks/testHelpers&apos;
Require stack:
- /Users/mysoft/Code/AI Coding/party-management-system/frontend/tests/__tests__/helpers.test.js
 ❯ TracingChannel.traceSync node:diagnostics_channel:322:14
 ❯ tests/__tests__/helpers.test.js:188:19
            </failure>
        </testcase>
        <testcase classname="tests/__tests__/helpers.test.js" name="Test Helpers &gt; mock local storage &gt; should mock localStorage clear" time="0">
            <failure message="Cannot find module &apos;@/tests/mocks/testHelpers&apos;
Require stack:
- /Users/mysoft/Code/AI Coding/party-management-system/frontend/tests/__tests__/helpers.test.js" type="Error">
Error: Cannot find module &apos;@/tests/mocks/testHelpers&apos;
Require stack:
- /Users/mysoft/Code/AI Coding/party-management-system/frontend/tests/__tests__/helpers.test.js
 ❯ TracingChannel.traceSync node:diagnostics_channel:322:14
 ❯ tests/__tests__/helpers.test.js:188:19
            </failure>
        </testcase>
    </testsuite>
    <testsuite name="tests/stores/user.test.js" timestamp="2025-08-25T10:08:31.205Z" hostname="Mac-mini.local" tests="0" failures="0" errors="0" skipped="0" time="0">
    </testsuite>
    <testsuite name="tests/utils/index.test.js" timestamp="2025-08-25T10:08:31.205Z" hostname="Mac-mini.local" tests="32" failures="32" errors="0" skipped="0" time="0.034">
        <testcase classname="tests/utils/index.test.js" name="API Utils &gt; request interceptor &gt; should add authorization header when token exists" time="0.008">
            <failure message="Cannot find module &apos;@/utils/request&apos;
Require stack:
- /Users/mysoft/Code/AI Coding/party-management-system/frontend/tests/utils/index.test.js" type="Error">
Error: Cannot find module &apos;@/utils/request&apos;
Require stack:
- /Users/mysoft/Code/AI Coding/party-management-system/frontend/tests/utils/index.test.js
 ❯ TracingChannel.traceSync node:diagnostics_channel:322:14
 ❯ tests/utils/index.test.js:16:15
            </failure>
        </testcase>
        <testcase classname="tests/utils/index.test.js" name="API Utils &gt; request interceptor &gt; should not add authorization header when token does not exist" time="0">
            <failure message="Cannot find module &apos;@/utils/request&apos;
Require stack:
- /Users/mysoft/Code/AI Coding/party-management-system/frontend/tests/utils/index.test.js" type="Error">
Error: Cannot find module &apos;@/utils/request&apos;
Require stack:
- /Users/mysoft/Code/AI Coding/party-management-system/frontend/tests/utils/index.test.js
 ❯ TracingChannel.traceSync node:diagnostics_channel:322:14
 ❯ tests/utils/index.test.js:16:15
            </failure>
        </testcase>
        <testcase classname="tests/utils/index.test.js" name="API Utils &gt; response interceptor &gt; should return response data directly for successful responses" time="0.001">
            <failure message="Cannot find module &apos;@/utils/request&apos;
Require stack:
- /Users/mysoft/Code/AI Coding/party-management-system/frontend/tests/utils/index.test.js" type="Error">
Error: Cannot find module &apos;@/utils/request&apos;
Require stack:
- /Users/mysoft/Code/AI Coding/party-management-system/frontend/tests/utils/index.test.js
 ❯ TracingChannel.traceSync node:diagnostics_channel:322:14
 ❯ tests/utils/index.test.js:16:15
            </failure>
        </testcase>
        <testcase classname="tests/utils/index.test.js" name="API Utils &gt; response interceptor &gt; should handle error responses" time="0">
            <failure message="Cannot find module &apos;@/utils/request&apos;
Require stack:
- /Users/mysoft/Code/AI Coding/party-management-system/frontend/tests/utils/index.test.js" type="Error">
Error: Cannot find module &apos;@/utils/request&apos;
Require stack:
- /Users/mysoft/Code/AI Coding/party-management-system/frontend/tests/utils/index.test.js
 ❯ TracingChannel.traceSync node:diagnostics_channel:322:14
 ❯ tests/utils/index.test.js:16:15
            </failure>
        </testcase>
        <testcase classname="tests/utils/index.test.js" name="Auth Utils &gt; token management &gt; should save token to localStorage" time="0.001">
            <failure message="Cannot find module &apos;@/utils/auth&apos;
Require stack:
- /Users/mysoft/Code/AI Coding/party-management-system/frontend/tests/utils/index.test.js" type="Error">
Error: Cannot find module &apos;@/utils/auth&apos;
Require stack:
- /Users/mysoft/Code/AI Coding/party-management-system/frontend/tests/utils/index.test.js
 ❯ TracingChannel.traceSync node:diagnostics_channel:322:14
 ❯ tests/utils/index.test.js:82:17
            </failure>
        </testcase>
        <testcase classname="tests/utils/index.test.js" name="Auth Utils &gt; token management &gt; should get token from localStorage" time="0">
            <failure message="Cannot find module &apos;@/utils/auth&apos;
Require stack:
- /Users/mysoft/Code/AI Coding/party-management-system/frontend/tests/utils/index.test.js" type="Error">
Error: Cannot find module &apos;@/utils/auth&apos;
Require stack:
- /Users/mysoft/Code/AI Coding/party-management-system/frontend/tests/utils/index.test.js
 ❯ TracingChannel.traceSync node:diagnostics_channel:322:14
 ❯ tests/utils/index.test.js:82:17
            </failure>
        </testcase>
        <testcase classname="tests/utils/index.test.js" name="Auth Utils &gt; token management &gt; should remove token from localStorage" time="0.001">
            <failure message="Cannot find module &apos;@/utils/auth&apos;
Require stack:
- /Users/mysoft/Code/AI Coding/party-management-system/frontend/tests/utils/index.test.js" type="Error">
Error: Cannot find module &apos;@/utils/auth&apos;
Require stack:
- /Users/mysoft/Code/AI Coding/party-management-system/frontend/tests/utils/index.test.js
 ❯ TracingChannel.traceSync node:diagnostics_channel:322:14
 ❯ tests/utils/index.test.js:82:17
            </failure>
        </testcase>
        <testcase classname="tests/utils/index.test.js" name="Auth Utils &gt; token management &gt; should return null when token does not exist" time="0.001">
            <failure message="Cannot find module &apos;@/utils/auth&apos;
Require stack:
- /Users/mysoft/Code/AI Coding/party-management-system/frontend/tests/utils/index.test.js" type="Error">
Error: Cannot find module &apos;@/utils/auth&apos;
Require stack:
- /Users/mysoft/Code/AI Coding/party-management-system/frontend/tests/utils/index.test.js
 ❯ TracingChannel.traceSync node:diagnostics_channel:322:14
 ❯ tests/utils/index.test.js:82:17
            </failure>
        </testcase>
        <testcase classname="tests/utils/index.test.js" name="Auth Utils &gt; user authentication &gt; should check if user is authenticated" time="0">
            <failure message="Cannot find module &apos;@/utils/auth&apos;
Require stack:
- /Users/mysoft/Code/AI Coding/party-management-system/frontend/tests/utils/index.test.js" type="Error">
Error: Cannot find module &apos;@/utils/auth&apos;
Require stack:
- /Users/mysoft/Code/AI Coding/party-management-system/frontend/tests/utils/index.test.js
 ❯ TracingChannel.traceSync node:diagnostics_channel:322:14
 ❯ tests/utils/index.test.js:82:17
            </failure>
        </testcase>
        <testcase classname="tests/utils/index.test.js" name="Auth Utils &gt; user authentication &gt; should return false when token does not exist" time="0">
            <failure message="Cannot find module &apos;@/utils/auth&apos;
Require stack:
- /Users/mysoft/Code/AI Coding/party-management-system/frontend/tests/utils/index.test.js" type="Error">
Error: Cannot find module &apos;@/utils/auth&apos;
Require stack:
- /Users/mysoft/Code/AI Coding/party-management-system/frontend/tests/utils/index.test.js
 ❯ TracingChannel.traceSync node:diagnostics_channel:322:14
 ❯ tests/utils/index.test.js:82:17
            </failure>
        </testcase>
        <testcase classname="tests/utils/index.test.js" name="Auth Utils &gt; permission checking &gt; should check if user has specific permission" time="0">
            <failure message="Cannot find module &apos;@/utils/auth&apos;
Require stack:
- /Users/mysoft/Code/AI Coding/party-management-system/frontend/tests/utils/index.test.js" type="Error">
Error: Cannot find module &apos;@/utils/auth&apos;
Require stack:
- /Users/mysoft/Code/AI Coding/party-management-system/frontend/tests/utils/index.test.js
 ❯ TracingChannel.traceSync node:diagnostics_channel:322:14
 ❯ tests/utils/index.test.js:82:17
            </failure>
        </testcase>
        <testcase classname="tests/utils/index.test.js" name="Auth Utils &gt; permission checking &gt; should return false when user data does not exist" time="0">
            <failure message="Cannot find module &apos;@/utils/auth&apos;
Require stack:
- /Users/mysoft/Code/AI Coding/party-management-system/frontend/tests/utils/index.test.js" type="Error">
Error: Cannot find module &apos;@/utils/auth&apos;
Require stack:
- /Users/mysoft/Code/AI Coding/party-management-system/frontend/tests/utils/index.test.js
 ❯ TracingChannel.traceSync node:diagnostics_channel:322:14
 ❯ tests/utils/index.test.js:82:17
            </failure>
        </testcase>
        <testcase classname="tests/utils/index.test.js" name="Date Utils &gt; formatDate &gt; should format date correctly" time="0.001">
            <failure message="Cannot find module &apos;@/utils/date&apos;
Require stack:
- /Users/mysoft/Code/AI Coding/party-management-system/frontend/tests/utils/index.test.js" type="Error">
Error: Cannot find module &apos;@/utils/date&apos;
Require stack:
- /Users/mysoft/Code/AI Coding/party-management-system/frontend/tests/utils/index.test.js
 ❯ TracingChannel.traceSync node:diagnostics_channel:322:14
 ❯ tests/utils/index.test.js:147:17
            </failure>
        </testcase>
        <testcase classname="tests/utils/index.test.js" name="Date Utils &gt; formatDate &gt; should handle invalid date" time="0">
            <failure message="Cannot find module &apos;@/utils/date&apos;
Require stack:
- /Users/mysoft/Code/AI Coding/party-management-system/frontend/tests/utils/index.test.js" type="Error">
Error: Cannot find module &apos;@/utils/date&apos;
Require stack:
- /Users/mysoft/Code/AI Coding/party-management-system/frontend/tests/utils/index.test.js
 ❯ TracingChannel.traceSync node:diagnostics_channel:322:14
 ❯ tests/utils/index.test.js:147:17
            </failure>
        </testcase>
        <testcase classname="tests/utils/index.test.js" name="Date Utils &gt; formatDate &gt; should use default format when not provided" time="0">
            <failure message="Cannot find module &apos;@/utils/date&apos;
Require stack:
- /Users/mysoft/Code/AI Coding/party-management-system/frontend/tests/utils/index.test.js" type="Error">
Error: Cannot find module &apos;@/utils/date&apos;
Require stack:
- /Users/mysoft/Code/AI Coding/party-management-system/frontend/tests/utils/index.test.js
 ❯ TracingChannel.traceSync node:diagnostics_channel:322:14
 ❯ tests/utils/index.test.js:147:17
            </failure>
        </testcase>
        <testcase classname="tests/utils/index.test.js" name="Date Utils &gt; formatDateTime &gt; should format date and time correctly" time="0">
            <failure message="Cannot find module &apos;@/utils/date&apos;
Require stack:
- /Users/mysoft/Code/AI Coding/party-management-system/frontend/tests/utils/index.test.js" type="Error">
Error: Cannot find module &apos;@/utils/date&apos;
Require stack:
- /Users/mysoft/Code/AI Coding/party-management-system/frontend/tests/utils/index.test.js
 ❯ TracingChannel.traceSync node:diagnostics_channel:322:14
 ❯ tests/utils/index.test.js:147:17
            </failure>
        </testcase>
        <testcase classname="tests/utils/index.test.js" name="Date Utils &gt; getRelativeTime &gt; should return relative time for recent dates" time="0.001">
            <failure message="Cannot find module &apos;@/utils/date&apos;
Require stack:
- /Users/mysoft/Code/AI Coding/party-management-system/frontend/tests/utils/index.test.js" type="Error">
Error: Cannot find module &apos;@/utils/date&apos;
Require stack:
- /Users/mysoft/Code/AI Coding/party-management-system/frontend/tests/utils/index.test.js
 ❯ TracingChannel.traceSync node:diagnostics_channel:322:14
 ❯ tests/utils/index.test.js:147:17
            </failure>
        </testcase>
        <testcase classname="tests/utils/index.test.js" name="Date Utils &gt; getRelativeTime &gt; should return absolute date for old dates" time="0">
            <failure message="Cannot find module &apos;@/utils/date&apos;
Require stack:
- /Users/mysoft/Code/AI Coding/party-management-system/frontend/tests/utils/index.test.js" type="Error">
Error: Cannot find module &apos;@/utils/date&apos;
Require stack:
- /Users/mysoft/Code/AI Coding/party-management-system/frontend/tests/utils/index.test.js
 ❯ TracingChannel.traceSync node:diagnostics_channel:322:14
 ❯ tests/utils/index.test.js:147:17
            </failure>
        </testcase>
        <testcase classname="tests/utils/index.test.js" name="Date Utils &gt; isDateInRange &gt; should return true if date is within range" time="0.001">
            <failure message="Cannot find module &apos;@/utils/date&apos;
Require stack:
- /Users/mysoft/Code/AI Coding/party-management-system/frontend/tests/utils/index.test.js" type="Error">
Error: Cannot find module &apos;@/utils/date&apos;
Require stack:
- /Users/mysoft/Code/AI Coding/party-management-system/frontend/tests/utils/index.test.js
 ❯ TracingChannel.traceSync node:diagnostics_channel:322:14
 ❯ tests/utils/index.test.js:147:17
            </failure>
        </testcase>
        <testcase classname="tests/utils/index.test.js" name="Date Utils &gt; isDateInRange &gt; should return false if date is outside range" time="0">
            <failure message="Cannot find module &apos;@/utils/date&apos;
Require stack:
- /Users/mysoft/Code/AI Coding/party-management-system/frontend/tests/utils/index.test.js" type="Error">
Error: Cannot find module &apos;@/utils/date&apos;
Require stack:
- /Users/mysoft/Code/AI Coding/party-management-system/frontend/tests/utils/index.test.js
 ❯ TracingChannel.traceSync node:diagnostics_channel:322:14
 ❯ tests/utils/index.test.js:147:17
            </failure>
        </testcase>
        <testcase classname="tests/utils/index.test.js" name="Validation Utils &gt; validateEmail &gt; should return true for valid email addresses" time="0">
            <failure message="Cannot find module &apos;@/utils/validation&apos;
Require stack:
- /Users/mysoft/Code/AI Coding/party-management-system/frontend/tests/utils/index.test.js" type="Error">
Error: Cannot find module &apos;@/utils/validation&apos;
Require stack:
- /Users/mysoft/Code/AI Coding/party-management-system/frontend/tests/utils/index.test.js
 ❯ TracingChannel.traceSync node:diagnostics_channel:322:14
 ❯ tests/utils/index.test.js:219:23
            </failure>
        </testcase>
        <testcase classname="tests/utils/index.test.js" name="Validation Utils &gt; validateEmail &gt; should return false for invalid email addresses" time="0">
            <failure message="Cannot find module &apos;@/utils/validation&apos;
Require stack:
- /Users/mysoft/Code/AI Coding/party-management-system/frontend/tests/utils/index.test.js" type="Error">
Error: Cannot find module &apos;@/utils/validation&apos;
Require stack:
- /Users/mysoft/Code/AI Coding/party-management-system/frontend/tests/utils/index.test.js
 ❯ TracingChannel.traceSync node:diagnostics_channel:322:14
 ❯ tests/utils/index.test.js:219:23
            </failure>
        </testcase>
        <testcase classname="tests/utils/index.test.js" name="Validation Utils &gt; validatePhone &gt; should return true for valid phone numbers" time="0.001">
            <failure message="Cannot find module &apos;@/utils/validation&apos;
Require stack:
- /Users/mysoft/Code/AI Coding/party-management-system/frontend/tests/utils/index.test.js" type="Error">
Error: Cannot find module &apos;@/utils/validation&apos;
Require stack:
- /Users/mysoft/Code/AI Coding/party-management-system/frontend/tests/utils/index.test.js
 ❯ TracingChannel.traceSync node:diagnostics_channel:322:14
 ❯ tests/utils/index.test.js:219:23
            </failure>
        </testcase>
        <testcase classname="tests/utils/index.test.js" name="Validation Utils &gt; validatePhone &gt; should return false for invalid phone numbers" time="0">
            <failure message="Cannot find module &apos;@/utils/validation&apos;
Require stack:
- /Users/mysoft/Code/AI Coding/party-management-system/frontend/tests/utils/index.test.js" type="Error">
Error: Cannot find module &apos;@/utils/validation&apos;
Require stack:
- /Users/mysoft/Code/AI Coding/party-management-system/frontend/tests/utils/index.test.js
 ❯ TracingChannel.traceSync node:diagnostics_channel:322:14
 ❯ tests/utils/index.test.js:219:23
            </failure>
        </testcase>
        <testcase classname="tests/utils/index.test.js" name="Validation Utils &gt; validateIdCard &gt; should return true for valid ID card numbers" time="0">
            <failure message="Cannot find module &apos;@/utils/validation&apos;
Require stack:
- /Users/mysoft/Code/AI Coding/party-management-system/frontend/tests/utils/index.test.js" type="Error">
Error: Cannot find module &apos;@/utils/validation&apos;
Require stack:
- /Users/mysoft/Code/AI Coding/party-management-system/frontend/tests/utils/index.test.js
 ❯ TracingChannel.traceSync node:diagnostics_channel:322:14
 ❯ tests/utils/index.test.js:219:23
            </failure>
        </testcase>
        <testcase classname="tests/utils/index.test.js" name="Validation Utils &gt; validateIdCard &gt; should return false for invalid ID card numbers" time="0">
            <failure message="Cannot find module &apos;@/utils/validation&apos;
Require stack:
- /Users/mysoft/Code/AI Coding/party-management-system/frontend/tests/utils/index.test.js" type="Error">
Error: Cannot find module &apos;@/utils/validation&apos;
Require stack:
- /Users/mysoft/Code/AI Coding/party-management-system/frontend/tests/utils/index.test.js
 ❯ TracingChannel.traceSync node:diagnostics_channel:322:14
 ❯ tests/utils/index.test.js:219:23
            </failure>
        </testcase>
        <testcase classname="tests/utils/index.test.js" name="Validation Utils &gt; validateRequired &gt; should return true for non-empty values" time="0">
            <failure message="Cannot find module &apos;@/utils/validation&apos;
Require stack:
- /Users/mysoft/Code/AI Coding/party-management-system/frontend/tests/utils/index.test.js" type="Error">
Error: Cannot find module &apos;@/utils/validation&apos;
Require stack:
- /Users/mysoft/Code/AI Coding/party-management-system/frontend/tests/utils/index.test.js
 ❯ TracingChannel.traceSync node:diagnostics_channel:322:14
 ❯ tests/utils/index.test.js:219:23
            </failure>
        </testcase>
        <testcase classname="tests/utils/index.test.js" name="Validation Utils &gt; validateRequired &gt; should return false for empty values" time="0">
            <failure message="Cannot find module &apos;@/utils/validation&apos;
Require stack:
- /Users/mysoft/Code/AI Coding/party-management-system/frontend/tests/utils/index.test.js" type="Error">
Error: Cannot find module &apos;@/utils/validation&apos;
Require stack:
- /Users/mysoft/Code/AI Coding/party-management-system/frontend/tests/utils/index.test.js
 ❯ TracingChannel.traceSync node:diagnostics_channel:322:14
 ❯ tests/utils/index.test.js:219:23
            </failure>
        </testcase>
        <testcase classname="tests/utils/index.test.js" name="Validation Utils &gt; validateMinLength &gt; should return true for values meeting minimum length" time="0">
            <failure message="Cannot find module &apos;@/utils/validation&apos;
Require stack:
- /Users/mysoft/Code/AI Coding/party-management-system/frontend/tests/utils/index.test.js" type="Error">
Error: Cannot find module &apos;@/utils/validation&apos;
Require stack:
- /Users/mysoft/Code/AI Coding/party-management-system/frontend/tests/utils/index.test.js
 ❯ TracingChannel.traceSync node:diagnostics_channel:322:14
 ❯ tests/utils/index.test.js:219:23
            </failure>
        </testcase>
        <testcase classname="tests/utils/index.test.js" name="Validation Utils &gt; validateMinLength &gt; should return false for values not meeting minimum length" time="0.001">
            <failure message="Cannot find module &apos;@/utils/validation&apos;
Require stack:
- /Users/mysoft/Code/AI Coding/party-management-system/frontend/tests/utils/index.test.js" type="Error">
Error: Cannot find module &apos;@/utils/validation&apos;
Require stack:
- /Users/mysoft/Code/AI Coding/party-management-system/frontend/tests/utils/index.test.js
 ❯ TracingChannel.traceSync node:diagnostics_channel:322:14
 ❯ tests/utils/index.test.js:219:23
            </failure>
        </testcase>
        <testcase classname="tests/utils/index.test.js" name="Validation Utils &gt; validateMaxLength &gt; should return true for values within maximum length" time="0">
            <failure message="Cannot find module &apos;@/utils/validation&apos;
Require stack:
- /Users/mysoft/Code/AI Coding/party-management-system/frontend/tests/utils/index.test.js" type="Error">
Error: Cannot find module &apos;@/utils/validation&apos;
Require stack:
- /Users/mysoft/Code/AI Coding/party-management-system/frontend/tests/utils/index.test.js
 ❯ TracingChannel.traceSync node:diagnostics_channel:322:14
 ❯ tests/utils/index.test.js:219:23
            </failure>
        </testcase>
        <testcase classname="tests/utils/index.test.js" name="Validation Utils &gt; validateMaxLength &gt; should return false for values exceeding maximum length" time="0.001">
            <failure message="Cannot find module &apos;@/utils/validation&apos;
Require stack:
- /Users/mysoft/Code/AI Coding/party-management-system/frontend/tests/utils/index.test.js" type="Error">
Error: Cannot find module &apos;@/utils/validation&apos;
Require stack:
- /Users/mysoft/Code/AI Coding/party-management-system/frontend/tests/utils/index.test.js
 ❯ TracingChannel.traceSync node:diagnostics_channel:322:14
 ❯ tests/utils/index.test.js:219:23
            </failure>
        </testcase>
    </testsuite>
    <testsuite name="tests/views/Dashboard.test.js" timestamp="2025-08-25T10:08:31.211Z" hostname="Mac-mini.local" tests="0" failures="0" errors="0" skipped="0" time="0">
    </testsuite>
    <testsuite name="tests/views/Login.test.js" timestamp="2025-08-25T10:08:31.212Z" hostname="Mac-mini.local" tests="12" failures="12" errors="0" skipped="0" time="0.028">
        <testcase classname="tests/views/Login.test.js" name="Login &gt; renders login form correctly" time="0.016">
            <failure message="Cannot find module &apos;@/stores/user&apos;
Require stack:
- /Users/mysoft/Code/AI Coding/party-management-system/frontend/tests/views/Login.test.js" type="Error">
Error: Cannot find module &apos;@/stores/user&apos;
Require stack:
- /Users/mysoft/Code/AI Coding/party-management-system/frontend/tests/views/Login.test.js
 ❯ TracingChannel.traceSync node:diagnostics_channel:322:14
 ❯ tests/views/Login.test.js:50:30
            </failure>
        </testcase>
        <testcase classname="tests/views/Login.test.js" name="Login &gt; updates form data when typing" time="0.001">
            <failure message="Cannot find module &apos;@/stores/user&apos;
Require stack:
- /Users/mysoft/Code/AI Coding/party-management-system/frontend/tests/views/Login.test.js" type="Error">
Error: Cannot find module &apos;@/stores/user&apos;
Require stack:
- /Users/mysoft/Code/AI Coding/party-management-system/frontend/tests/views/Login.test.js
 ❯ TracingChannel.traceSync node:diagnostics_channel:322:14
 ❯ tests/views/Login.test.js:50:30
            </failure>
        </testcase>
        <testcase classname="tests/views/Login.test.js" name="Login &gt; validates required fields" time="0.001">
            <failure message="Cannot find module &apos;@/stores/user&apos;
Require stack:
- /Users/mysoft/Code/AI Coding/party-management-system/frontend/tests/views/Login.test.js" type="Error">
Error: Cannot find module &apos;@/stores/user&apos;
Require stack:
- /Users/mysoft/Code/AI Coding/party-management-system/frontend/tests/views/Login.test.js
 ❯ TracingChannel.traceSync node:diagnostics_channel:322:14
 ❯ tests/views/Login.test.js:50:30
            </failure>
        </testcase>
        <testcase classname="tests/views/Login.test.js" name="Login &gt; handles successful login" time="0.001">
            <failure message="Cannot find module &apos;@/stores/user&apos;
Require stack:
- /Users/mysoft/Code/AI Coding/party-management-system/frontend/tests/views/Login.test.js" type="Error">
Error: Cannot find module &apos;@/stores/user&apos;
Require stack:
- /Users/mysoft/Code/AI Coding/party-management-system/frontend/tests/views/Login.test.js
 ❯ TracingChannel.traceSync node:diagnostics_channel:322:14
 ❯ tests/views/Login.test.js:50:30
            </failure>
        </testcase>
        <testcase classname="tests/views/Login.test.js" name="Login &gt; handles login failure" time="0.002">
            <failure message="Cannot find module &apos;@/stores/user&apos;
Require stack:
- /Users/mysoft/Code/AI Coding/party-management-system/frontend/tests/views/Login.test.js" type="Error">
Error: Cannot find module &apos;@/stores/user&apos;
Require stack:
- /Users/mysoft/Code/AI Coding/party-management-system/frontend/tests/views/Login.test.js
 ❯ TracingChannel.traceSync node:diagnostics_channel:322:14
 ❯ tests/views/Login.test.js:50:30
            </failure>
        </testcase>
        <testcase classname="tests/views/Login.test.js" name="Login &gt; handles remember me functionality" time="0">
            <failure message="Cannot find module &apos;@/stores/user&apos;
Require stack:
- /Users/mysoft/Code/AI Coding/party-management-system/frontend/tests/views/Login.test.js" type="Error">
Error: Cannot find module &apos;@/stores/user&apos;
Require stack:
- /Users/mysoft/Code/AI Coding/party-management-system/frontend/tests/views/Login.test.js
 ❯ TracingChannel.traceSync node:diagnostics_channel:322:14
 ❯ tests/views/Login.test.js:50:30
            </failure>
        </testcase>
        <testcase classname="tests/views/Login.test.js" name="Login &gt; navigates to forgot password page" time="0">
            <failure message="Cannot find module &apos;@/stores/user&apos;
Require stack:
- /Users/mysoft/Code/AI Coding/party-management-system/frontend/tests/views/Login.test.js" type="Error">
Error: Cannot find module &apos;@/stores/user&apos;
Require stack:
- /Users/mysoft/Code/AI Coding/party-management-system/frontend/tests/views/Login.test.js
 ❯ TracingChannel.traceSync node:diagnostics_channel:322:14
 ❯ tests/views/Login.test.js:50:30
            </failure>
        </testcase>
        <testcase classname="tests/views/Login.test.js" name="Login &gt; disables submit button during login" time="0.001">
            <failure message="Cannot find module &apos;@/stores/user&apos;
Require stack:
- /Users/mysoft/Code/AI Coding/party-management-system/frontend/tests/views/Login.test.js" type="Error">
Error: Cannot find module &apos;@/stores/user&apos;
Require stack:
- /Users/mysoft/Code/AI Coding/party-management-system/frontend/tests/views/Login.test.js
 ❯ TracingChannel.traceSync node:diagnostics_channel:322:14
 ❯ tests/views/Login.test.js:50:30
            </failure>
        </testcase>
        <testcase classname="tests/views/Login.test.js" name="Login &gt; shows loading indicator during login" time="0">
            <failure message="Cannot find module &apos;@/stores/user&apos;
Require stack:
- /Users/mysoft/Code/AI Coding/party-management-system/frontend/tests/views/Login.test.js" type="Error">
Error: Cannot find module &apos;@/stores/user&apos;
Require stack:
- /Users/mysoft/Code/AI Coding/party-management-system/frontend/tests/views/Login.test.js
 ❯ TracingChannel.traceSync node:diagnostics_channel:322:14
 ❯ tests/views/Login.test.js:50:30
            </failure>
        </testcase>
        <testcase classname="tests/views/Login.test.js" name="Login &gt; redirects to home page if already authenticated" time="0">
            <failure message="Cannot find module &apos;@/stores/user&apos;
Require stack:
- /Users/mysoft/Code/AI Coding/party-management-system/frontend/tests/views/Login.test.js" type="Error">
Error: Cannot find module &apos;@/stores/user&apos;
Require stack:
- /Users/mysoft/Code/AI Coding/party-management-system/frontend/tests/views/Login.test.js
 ❯ TracingChannel.traceSync node:diagnostics_channel:322:14
 ❯ tests/views/Login.test.js:50:30
            </failure>
        </testcase>
        <testcase classname="tests/views/Login.test.js" name="Login &gt; handles network error" time="0.001">
            <failure message="Cannot find module &apos;@/stores/user&apos;
Require stack:
- /Users/mysoft/Code/AI Coding/party-management-system/frontend/tests/views/Login.test.js" type="Error">
Error: Cannot find module &apos;@/stores/user&apos;
Require stack:
- /Users/mysoft/Code/AI Coding/party-management-system/frontend/tests/views/Login.test.js
 ❯ TracingChannel.traceSync node:diagnostics_channel:322:14
 ❯ tests/views/Login.test.js:50:30
            </failure>
        </testcase>
        <testcase classname="tests/views/Login.test.js" name="Login &gt; handles Enter key to submit form" time="0">
            <failure message="Cannot find module &apos;@/stores/user&apos;
Require stack:
- /Users/mysoft/Code/AI Coding/party-management-system/frontend/tests/views/Login.test.js" type="Error">
Error: Cannot find module &apos;@/stores/user&apos;
Require stack:
- /Users/mysoft/Code/AI Coding/party-management-system/frontend/tests/views/Login.test.js
 ❯ TracingChannel.traceSync node:diagnostics_channel:322:14
 ❯ tests/views/Login.test.js:50:30
            </failure>
        </testcase>
    </testsuite>
    <testsuite name="tests/components/activity/CheckInDialog.test.js" timestamp="2025-08-25T10:08:31.214Z" hostname="Mac-mini.local" tests="24" failures="24" errors="0" skipped="0" time="0.027">
        <testcase classname="tests/components/activity/CheckInDialog.test.js" name="CheckInDialog &gt; renders correctly" time="0.008">
            <failure message="Cannot find module &apos;@/api/activity&apos;
Require stack:
- /Users/mysoft/Code/AI Coding/party-management-system/frontend/tests/components/activity/CheckInDialog.test.js" type="Error">
Error: Cannot find module &apos;@/api/activity&apos;
Require stack:
- /Users/mysoft/Code/AI Coding/party-management-system/frontend/tests/components/activity/CheckInDialog.test.js
 ❯ TracingChannel.traceSync node:diagnostics_channel:322:14
 ❯ tests/components/activity/CheckInDialog.test.js:73:41
            </failure>
        </testcase>
        <testcase classname="tests/components/activity/CheckInDialog.test.js" name="CheckInDialog &gt; loads participants when dialog opens" time="0">
            <failure message="Cannot find module &apos;@/api/activity&apos;
Require stack:
- /Users/mysoft/Code/AI Coding/party-management-system/frontend/tests/components/activity/CheckInDialog.test.js" type="Error">
Error: Cannot find module &apos;@/api/activity&apos;
Require stack:
- /Users/mysoft/Code/AI Coding/party-management-system/frontend/tests/components/activity/CheckInDialog.test.js
 ❯ TracingChannel.traceSync node:diagnostics_channel:322:14
 ❯ tests/components/activity/CheckInDialog.test.js:73:41
            </failure>
        </testcase>
        <testcase classname="tests/components/activity/CheckInDialog.test.js" name="CheckInDialog &gt; displays activity information" time="0.001">
            <failure message="Cannot find module &apos;@/api/activity&apos;
Require stack:
- /Users/mysoft/Code/AI Coding/party-management-system/frontend/tests/components/activity/CheckInDialog.test.js" type="Error">
Error: Cannot find module &apos;@/api/activity&apos;
Require stack:
- /Users/mysoft/Code/AI Coding/party-management-system/frontend/tests/components/activity/CheckInDialog.test.js
 ❯ TracingChannel.traceSync node:diagnostics_channel:322:14
 ❯ tests/components/activity/CheckInDialog.test.js:73:41
            </failure>
        </testcase>
        <testcase classname="tests/components/activity/CheckInDialog.test.js" name="CheckInDialog &gt; displays participants list" time="0.001">
            <failure message="Cannot find module &apos;@/api/activity&apos;
Require stack:
- /Users/mysoft/Code/AI Coding/party-management-system/frontend/tests/components/activity/CheckInDialog.test.js" type="Error">
Error: Cannot find module &apos;@/api/activity&apos;
Require stack:
- /Users/mysoft/Code/AI Coding/party-management-system/frontend/tests/components/activity/CheckInDialog.test.js
 ❯ TracingChannel.traceSync node:diagnostics_channel:322:14
 ❯ tests/components/activity/CheckInDialog.test.js:73:41
            </failure>
        </testcase>
        <testcase classname="tests/components/activity/CheckInDialog.test.js" name="CheckInDialog &gt; formats participant status correctly" time="0.001">
            <failure message="Cannot find module &apos;@/api/activity&apos;
Require stack:
- /Users/mysoft/Code/AI Coding/party-management-system/frontend/tests/components/activity/CheckInDialog.test.js" type="Error">
Error: Cannot find module &apos;@/api/activity&apos;
Require stack:
- /Users/mysoft/Code/AI Coding/party-management-system/frontend/tests/components/activity/CheckInDialog.test.js
 ❯ TracingChannel.traceSync node:diagnostics_channel:322:14
 ❯ tests/components/activity/CheckInDialog.test.js:73:41
            </failure>
        </testcase>
        <testcase classname="tests/components/activity/CheckInDialog.test.js" name="CheckInDialog &gt; handles individual check-in" time="0.001">
            <failure message="Cannot find module &apos;@/api/activity&apos;
Require stack:
- /Users/mysoft/Code/AI Coding/party-management-system/frontend/tests/components/activity/CheckInDialog.test.js" type="Error">
Error: Cannot find module &apos;@/api/activity&apos;
Require stack:
- /Users/mysoft/Code/AI Coding/party-management-system/frontend/tests/components/activity/CheckInDialog.test.js
 ❯ TracingChannel.traceSync node:diagnostics_channel:322:14
 ❯ tests/components/activity/CheckInDialog.test.js:73:41
            </failure>
        </testcase>
        <testcase classname="tests/components/activity/CheckInDialog.test.js" name="CheckInDialog &gt; handles batch check-in" time="0.001">
            <failure message="Cannot find module &apos;@/api/activity&apos;
Require stack:
- /Users/mysoft/Code/AI Coding/party-management-system/frontend/tests/components/activity/CheckInDialog.test.js" type="Error">
Error: Cannot find module &apos;@/api/activity&apos;
Require stack:
- /Users/mysoft/Code/AI Coding/party-management-system/frontend/tests/components/activity/CheckInDialog.test.js
 ❯ TracingChannel.traceSync node:diagnostics_channel:322:14
 ❯ tests/components/activity/CheckInDialog.test.js:73:41
            </failure>
        </testcase>
        <testcase classname="tests/components/activity/CheckInDialog.test.js" name="CheckInDialog &gt; disables check-in for already checked-in participants" time="0.001">
            <failure message="Cannot find module &apos;@/api/activity&apos;
Require stack:
- /Users/mysoft/Code/AI Coding/party-management-system/frontend/tests/components/activity/CheckInDialog.test.js" type="Error">
Error: Cannot find module &apos;@/api/activity&apos;
Require stack:
- /Users/mysoft/Code/AI Coding/party-management-system/frontend/tests/components/activity/CheckInDialog.test.js
 ❯ TracingChannel.traceSync node:diagnostics_channel:322:14
 ❯ tests/components/activity/CheckInDialog.test.js:73:41
            </failure>
        </testcase>
        <testcase classname="tests/components/activity/CheckInDialog.test.js" name="CheckInDialog &gt; filters participants by status" time="0">
            <failure message="Cannot find module &apos;@/api/activity&apos;
Require stack:
- /Users/mysoft/Code/AI Coding/party-management-system/frontend/tests/components/activity/CheckInDialog.test.js" type="Error">
Error: Cannot find module &apos;@/api/activity&apos;
Require stack:
- /Users/mysoft/Code/AI Coding/party-management-system/frontend/tests/components/activity/CheckInDialog.test.js
 ❯ TracingChannel.traceSync node:diagnostics_channel:322:14
 ❯ tests/components/activity/CheckInDialog.test.js:73:41
            </failure>
        </testcase>
        <testcase classname="tests/components/activity/CheckInDialog.test.js" name="CheckInDialog &gt; filters participants by search term" time="0.001">
            <failure message="Cannot find module &apos;@/api/activity&apos;
Require stack:
- /Users/mysoft/Code/AI Coding/party-management-system/frontend/tests/components/activity/CheckInDialog.test.js" type="Error">
Error: Cannot find module &apos;@/api/activity&apos;
Require stack:
- /Users/mysoft/Code/AI Coding/party-management-system/frontend/tests/components/activity/CheckInDialog.test.js
 ❯ TracingChannel.traceSync node:diagnostics_channel:322:14
 ❯ tests/components/activity/CheckInDialog.test.js:73:41
            </failure>
        </testcase>
        <testcase classname="tests/components/activity/CheckInDialog.test.js" name="CheckInDialog &gt; calculates check-in statistics" time="0.001">
            <failure message="Cannot find module &apos;@/api/activity&apos;
Require stack:
- /Users/mysoft/Code/AI Coding/party-management-system/frontend/tests/components/activity/CheckInDialog.test.js" type="Error">
Error: Cannot find module &apos;@/api/activity&apos;
Require stack:
- /Users/mysoft/Code/AI Coding/party-management-system/frontend/tests/components/activity/CheckInDialog.test.js
 ❯ TracingChannel.traceSync node:diagnostics_channel:322:14
 ❯ tests/components/activity/CheckInDialog.test.js:73:41
            </failure>
        </testcase>
        <testcase classname="tests/components/activity/CheckInDialog.test.js" name="CheckInDialog &gt; selects all participants with select all checkbox" time="0.001">
            <failure message="Cannot find module &apos;@/api/activity&apos;
Require stack:
- /Users/mysoft/Code/AI Coding/party-management-system/frontend/tests/components/activity/CheckInDialog.test.js" type="Error">
Error: Cannot find module &apos;@/api/activity&apos;
Require stack:
- /Users/mysoft/Code/AI Coding/party-management-system/frontend/tests/components/activity/CheckInDialog.test.js
 ❯ TracingChannel.traceSync node:diagnostics_channel:322:14
 ❯ tests/components/activity/CheckInDialog.test.js:73:41
            </failure>
        </testcase>
        <testcase classname="tests/components/activity/CheckInDialog.test.js" name="CheckInDialog &gt; unselects all participants when clicking select all again" time="0.001">
            <failure message="Cannot find module &apos;@/api/activity&apos;
Require stack:
- /Users/mysoft/Code/AI Coding/party-management-system/frontend/tests/components/activity/CheckInDialog.test.js" type="Error">
Error: Cannot find module &apos;@/api/activity&apos;
Require stack:
- /Users/mysoft/Code/AI Coding/party-management-system/frontend/tests/components/activity/CheckInDialog.test.js
 ❯ TracingChannel.traceSync node:diagnostics_channel:322:14
 ❯ tests/components/activity/CheckInDialog.test.js:73:41
            </failure>
        </testcase>
        <testcase classname="tests/components/activity/CheckInDialog.test.js" name="CheckInDialog &gt; disables batch check-in when no participants selected" time="0">
            <failure message="Cannot find module &apos;@/api/activity&apos;
Require stack:
- /Users/mysoft/Code/AI Coding/party-management-system/frontend/tests/components/activity/CheckInDialog.test.js" type="Error">
Error: Cannot find module &apos;@/api/activity&apos;
Require stack:
- /Users/mysoft/Code/AI Coding/party-management-system/frontend/tests/components/activity/CheckInDialog.test.js
 ❯ TracingChannel.traceSync node:diagnostics_channel:322:14
 ❯ tests/components/activity/CheckInDialog.test.js:73:41
            </failure>
        </testcase>
        <testcase classname="tests/components/activity/CheckInDialog.test.js" name="CheckInDialog &gt; enables batch check-in when participants are selected" time="0.001">
            <failure message="Cannot find module &apos;@/api/activity&apos;
Require stack:
- /Users/mysoft/Code/AI Coding/party-management-system/frontend/tests/components/activity/CheckInDialog.test.js" type="Error">
Error: Cannot find module &apos;@/api/activity&apos;
Require stack:
- /Users/mysoft/Code/AI Coding/party-management-system/frontend/tests/components/activity/CheckInDialog.test.js
 ❯ TracingChannel.traceSync node:diagnostics_channel:322:14
 ❯ tests/components/activity/CheckInDialog.test.js:73:41
            </failure>
        </testcase>
        <testcase classname="tests/components/activity/CheckInDialog.test.js" name="CheckInDialog &gt; emits update:visible event when dialog is closed" time="0">
            <failure message="Cannot find module &apos;@/api/activity&apos;
Require stack:
- /Users/mysoft/Code/AI Coding/party-management-system/frontend/tests/components/activity/CheckInDialog.test.js" type="Error">
Error: Cannot find module &apos;@/api/activity&apos;
Require stack:
- /Users/mysoft/Code/AI Coding/party-management-system/frontend/tests/components/activity/CheckInDialog.test.js
 ❯ TracingChannel.traceSync node:diagnostics_channel:322:14
 ❯ tests/components/activity/CheckInDialog.test.js:73:41
            </failure>
        </testcase>
        <testcase classname="tests/components/activity/CheckInDialog.test.js" name="CheckInDialog &gt; emits checked-in event when check-in is successful" time="0.001">
            <failure message="Cannot find module &apos;@/api/activity&apos;
Require stack:
- /Users/mysoft/Code/AI Coding/party-management-system/frontend/tests/components/activity/CheckInDialog.test.js" type="Error">
Error: Cannot find module &apos;@/api/activity&apos;
Require stack:
- /Users/mysoft/Code/AI Coding/party-management-system/frontend/tests/components/activity/CheckInDialog.test.js
 ❯ TracingChannel.traceSync node:diagnostics_channel:322:14
 ❯ tests/components/activity/CheckInDialog.test.js:73:41
            </failure>
        </testcase>
        <testcase classname="tests/components/activity/CheckInDialog.test.js" name="CheckInDialog &gt; handles API error during check-in" time="0.001">
            <failure message="Cannot find module &apos;@/api/activity&apos;
Require stack:
- /Users/mysoft/Code/AI Coding/party-management-system/frontend/tests/components/activity/CheckInDialog.test.js" type="Error">
Error: Cannot find module &apos;@/api/activity&apos;
Require stack:
- /Users/mysoft/Code/AI Coding/party-management-system/frontend/tests/components/activity/CheckInDialog.test.js
 ❯ TracingChannel.traceSync node:diagnostics_channel:322:14
 ❯ tests/components/activity/CheckInDialog.test.js:73:41
            </failure>
        </testcase>
        <testcase classname="tests/components/activity/CheckInDialog.test.js" name="CheckInDialog &gt; refreshes participant list after check-in" time="0">
            <failure message="Cannot find module &apos;@/api/activity&apos;
Require stack:
- /Users/mysoft/Code/AI Coding/party-management-system/frontend/tests/components/activity/CheckInDialog.test.js" type="Error">
Error: Cannot find module &apos;@/api/activity&apos;
Require stack:
- /Users/mysoft/Code/AI Coding/party-management-system/frontend/tests/components/activity/CheckInDialog.test.js
 ❯ TracingChannel.traceSync node:diagnostics_channel:322:14
 ❯ tests/components/activity/CheckInDialog.test.js:73:41
            </failure>
        </testcase>
        <testcase classname="tests/components/activity/CheckInDialog.test.js" name="CheckInDialog &gt; shows loading state during API calls" time="0.001">
            <failure message="Cannot find module &apos;@/api/activity&apos;
Require stack:
- /Users/mysoft/Code/AI Coding/party-management-system/frontend/tests/components/activity/CheckInDialog.test.js" type="Error">
Error: Cannot find module &apos;@/api/activity&apos;
Require stack:
- /Users/mysoft/Code/AI Coding/party-management-system/frontend/tests/components/activity/CheckInDialog.test.js
 ❯ TracingChannel.traceSync node:diagnostics_channel:322:14
 ❯ tests/components/activity/CheckInDialog.test.js:73:41
            </failure>
        </testcase>
        <testcase classname="tests/components/activity/CheckInDialog.test.js" name="CheckInDialog &gt; disables actions during loading" time="0.001">
            <failure message="Cannot find module &apos;@/api/activity&apos;
Require stack:
- /Users/mysoft/Code/AI Coding/party-management-system/frontend/tests/components/activity/CheckInDialog.test.js" type="Error">
Error: Cannot find module &apos;@/api/activity&apos;
Require stack:
- /Users/mysoft/Code/AI Coding/party-management-system/frontend/tests/components/activity/CheckInDialog.test.js
 ❯ TracingChannel.traceSync node:diagnostics_channel:322:14
 ❯ tests/components/activity/CheckInDialog.test.js:73:41
            </failure>
        </testcase>
        <testcase classname="tests/components/activity/CheckInDialog.test.js" name="CheckInDialog &gt; displays participant count information" time="0.001">
            <failure message="Cannot find module &apos;@/api/activity&apos;
Require stack:
- /Users/mysoft/Code/AI Coding/party-management-system/frontend/tests/components/activity/CheckInDialog.test.js" type="Error">
Error: Cannot find module &apos;@/api/activity&apos;
Require stack:
- /Users/mysoft/Code/AI Coding/party-management-system/frontend/tests/components/activity/CheckInDialog.test.js
 ❯ TracingChannel.traceSync node:diagnostics_channel:322:14
 ❯ tests/components/activity/CheckInDialog.test.js:73:41
            </failure>
        </testcase>
        <testcase classname="tests/components/activity/CheckInDialog.test.js" name="CheckInDialog &gt; formats sign-in time correctly" time="0">
            <failure message="Cannot find module &apos;@/api/activity&apos;
Require stack:
- /Users/mysoft/Code/AI Coding/party-management-system/frontend/tests/components/activity/CheckInDialog.test.js" type="Error">
Error: Cannot find module &apos;@/api/activity&apos;
Require stack:
- /Users/mysoft/Code/AI Coding/party-management-system/frontend/tests/components/activity/CheckInDialog.test.js
 ❯ TracingChannel.traceSync node:diagnostics_channel:322:14
 ❯ tests/components/activity/CheckInDialog.test.js:73:41
            </failure>
        </testcase>
        <testcase classname="tests/components/activity/CheckInDialog.test.js" name="CheckInDialog &gt; resets form when dialog closes" time="0.001">
            <failure message="Cannot find module &apos;@/api/activity&apos;
Require stack:
- /Users/mysoft/Code/AI Coding/party-management-system/frontend/tests/components/activity/CheckInDialog.test.js" type="Error">
Error: Cannot find module &apos;@/api/activity&apos;
Require stack:
- /Users/mysoft/Code/AI Coding/party-management-system/frontend/tests/components/activity/CheckInDialog.test.js
 ❯ TracingChannel.traceSync node:diagnostics_channel:322:14
 ❯ tests/components/activity/CheckInDialog.test.js:73:41
            </failure>
        </testcase>
    </testsuite>
    <testsuite name="tests/views/activity/ActivityManagement.test.js" timestamp="2025-08-25T10:08:31.219Z" hostname="Mac-mini.local" tests="24" failures="24" errors="0" skipped="0" time="0.055">
        <testcase classname="tests/views/activity/ActivityManagement.test.js" name="ActivityManagement &gt; renders correctly" time="0.023">
            <failure message="Cannot find module &apos;@/api/activity&apos;
Require stack:
- /Users/mysoft/Code/AI Coding/party-management-system/frontend/tests/views/activity/ActivityManagement.test.js" type="Error">
Error: Cannot find module &apos;@/api/activity&apos;
Require stack:
- /Users/mysoft/Code/AI Coding/party-management-system/frontend/tests/views/activity/ActivityManagement.test.js
 ❯ TracingChannel.traceSync node:diagnostics_channel:322:14
 ❯ tests/views/activity/ActivityManagement.test.js:126:56
            </failure>
        </testcase>
        <testcase classname="tests/views/activity/ActivityManagement.test.js" name="ActivityManagement &gt; loads activities on mount" time="0.006">
            <failure message="Cannot find module &apos;@/api/activity&apos;
Require stack:
- /Users/mysoft/Code/AI Coding/party-management-system/frontend/tests/views/activity/ActivityManagement.test.js" type="Error">
Error: Cannot find module &apos;@/api/activity&apos;
Require stack:
- /Users/mysoft/Code/AI Coding/party-management-system/frontend/tests/views/activity/ActivityManagement.test.js
 ❯ TracingChannel.traceSync node:diagnostics_channel:322:14
 ❯ tests/views/activity/ActivityManagement.test.js:126:56
            </failure>
        </testcase>
        <testcase classname="tests/views/activity/ActivityManagement.test.js" name="ActivityManagement &gt; loads users and organizations on mount" time="0.001">
            <failure message="Cannot find module &apos;@/api/activity&apos;
Require stack:
- /Users/mysoft/Code/AI Coding/party-management-system/frontend/tests/views/activity/ActivityManagement.test.js" type="Error">
Error: Cannot find module &apos;@/api/activity&apos;
Require stack:
- /Users/mysoft/Code/AI Coding/party-management-system/frontend/tests/views/activity/ActivityManagement.test.js
 ❯ TracingChannel.traceSync node:diagnostics_channel:322:14
 ❯ tests/views/activity/ActivityManagement.test.js:126:56
            </failure>
        </testcase>
        <testcase classname="tests/views/activity/ActivityManagement.test.js" name="ActivityManagement &gt; handles search functionality" time="0.001">
            <failure message="Cannot find module &apos;@/api/activity&apos;
Require stack:
- /Users/mysoft/Code/AI Coding/party-management-system/frontend/tests/views/activity/ActivityManagement.test.js" type="Error">
Error: Cannot find module &apos;@/api/activity&apos;
Require stack:
- /Users/mysoft/Code/AI Coding/party-management-system/frontend/tests/views/activity/ActivityManagement.test.js
 ❯ TracingChannel.traceSync node:diagnostics_channel:322:14
 ❯ tests/views/activity/ActivityManagement.test.js:126:56
            </failure>
        </testcase>
        <testcase classname="tests/views/activity/ActivityManagement.test.js" name="ActivityManagement &gt; handles reset search" time="0.001">
            <failure message="Cannot find module &apos;@/api/activity&apos;
Require stack:
- /Users/mysoft/Code/AI Coding/party-management-system/frontend/tests/views/activity/ActivityManagement.test.js" type="Error">
Error: Cannot find module &apos;@/api/activity&apos;
Require stack:
- /Users/mysoft/Code/AI Coding/party-management-system/frontend/tests/views/activity/ActivityManagement.test.js
 ❯ TracingChannel.traceSync node:diagnostics_channel:322:14
 ❯ tests/views/activity/ActivityManagement.test.js:126:56
            </failure>
        </testcase>
        <testcase classname="tests/views/activity/ActivityManagement.test.js" name="ActivityManagement &gt; opens add activity dialog" time="0">
            <failure message="Cannot find module &apos;@/api/activity&apos;
Require stack:
- /Users/mysoft/Code/AI Coding/party-management-system/frontend/tests/views/activity/ActivityManagement.test.js" type="Error">
Error: Cannot find module &apos;@/api/activity&apos;
Require stack:
- /Users/mysoft/Code/AI Coding/party-management-system/frontend/tests/views/activity/ActivityManagement.test.js
 ❯ TracingChannel.traceSync node:diagnostics_channel:322:14
 ❯ tests/views/activity/ActivityManagement.test.js:126:56
            </failure>
        </testcase>
        <testcase classname="tests/views/activity/ActivityManagement.test.js" name="ActivityManagement &gt; opens edit activity dialog" time="0.001">
            <failure message="Cannot find module &apos;@/api/activity&apos;
Require stack:
- /Users/mysoft/Code/AI Coding/party-management-system/frontend/tests/views/activity/ActivityManagement.test.js" type="Error">
Error: Cannot find module &apos;@/api/activity&apos;
Require stack:
- /Users/mysoft/Code/AI Coding/party-management-system/frontend/tests/views/activity/ActivityManagement.test.js
 ❯ TracingChannel.traceSync node:diagnostics_channel:322:14
 ❯ tests/views/activity/ActivityManagement.test.js:126:56
            </failure>
        </testcase>
        <testcase classname="tests/views/activity/ActivityManagement.test.js" name="ActivityManagement &gt; handles activity creation" time="0.001">
            <failure message="Cannot find module &apos;@/api/activity&apos;
Require stack:
- /Users/mysoft/Code/AI Coding/party-management-system/frontend/tests/views/activity/ActivityManagement.test.js" type="Error">
Error: Cannot find module &apos;@/api/activity&apos;
Require stack:
- /Users/mysoft/Code/AI Coding/party-management-system/frontend/tests/views/activity/ActivityManagement.test.js
 ❯ TracingChannel.traceSync node:diagnostics_channel:322:14
 ❯ tests/views/activity/ActivityManagement.test.js:126:56
            </failure>
        </testcase>
        <testcase classname="tests/views/activity/ActivityManagement.test.js" name="ActivityManagement &gt; handles activity update" time="0.001">
            <failure message="Cannot find module &apos;@/api/activity&apos;
Require stack:
- /Users/mysoft/Code/AI Coding/party-management-system/frontend/tests/views/activity/ActivityManagement.test.js" type="Error">
Error: Cannot find module &apos;@/api/activity&apos;
Require stack:
- /Users/mysoft/Code/AI Coding/party-management-system/frontend/tests/views/activity/ActivityManagement.test.js
 ❯ TracingChannel.traceSync node:diagnostics_channel:322:14
 ❯ tests/views/activity/ActivityManagement.test.js:126:56
            </failure>
        </testcase>
        <testcase classname="tests/views/activity/ActivityManagement.test.js" name="ActivityManagement &gt; handles activity deletion" time="0.001">
            <failure message="Cannot find module &apos;@/api/activity&apos;
Require stack:
- /Users/mysoft/Code/AI Coding/party-management-system/frontend/tests/views/activity/ActivityManagement.test.js" type="Error">
Error: Cannot find module &apos;@/api/activity&apos;
Require stack:
- /Users/mysoft/Code/AI Coding/party-management-system/frontend/tests/views/activity/ActivityManagement.test.js
 ❯ TracingChannel.traceSync node:diagnostics_channel:322:14
 ❯ tests/views/activity/ActivityManagement.test.js:126:56
            </failure>
        </testcase>
        <testcase classname="tests/views/activity/ActivityManagement.test.js" name="ActivityManagement &gt; handles batch deletion" time="0.001">
            <failure message="Cannot find module &apos;@/api/activity&apos;
Require stack:
- /Users/mysoft/Code/AI Coding/party-management-system/frontend/tests/views/activity/ActivityManagement.test.js" type="Error">
Error: Cannot find module &apos;@/api/activity&apos;
Require stack:
- /Users/mysoft/Code/AI Coding/party-management-system/frontend/tests/views/activity/ActivityManagement.test.js
 ❯ TracingChannel.traceSync node:diagnostics_channel:322:14
 ❯ tests/views/activity/ActivityManagement.test.js:126:56
            </failure>
        </testcase>
        <testcase classname="tests/views/activity/ActivityManagement.test.js" name="ActivityManagement &gt; opens participants dialog" time="0.001">
            <failure message="Cannot find module &apos;@/api/activity&apos;
Require stack:
- /Users/mysoft/Code/AI Coding/party-management-system/frontend/tests/views/activity/ActivityManagement.test.js" type="Error">
Error: Cannot find module &apos;@/api/activity&apos;
Require stack:
- /Users/mysoft/Code/AI Coding/party-management-system/frontend/tests/views/activity/ActivityManagement.test.js
 ❯ TracingChannel.traceSync node:diagnostics_channel:322:14
 ❯ tests/views/activity/ActivityManagement.test.js:126:56
            </failure>
        </testcase>
        <testcase classname="tests/views/activity/ActivityManagement.test.js" name="ActivityManagement &gt; handles activity sign up" time="0.001">
            <failure message="Cannot find module &apos;@/api/activity&apos;
Require stack:
- /Users/mysoft/Code/AI Coding/party-management-system/frontend/tests/views/activity/ActivityManagement.test.js" type="Error">
Error: Cannot find module &apos;@/api/activity&apos;
Require stack:
- /Users/mysoft/Code/AI Coding/party-management-system/frontend/tests/views/activity/ActivityManagement.test.js
 ❯ TracingChannel.traceSync node:diagnostics_channel:322:14
 ❯ tests/views/activity/ActivityManagement.test.js:126:56
            </failure>
        </testcase>
        <testcase classname="tests/views/activity/ActivityManagement.test.js" name="ActivityManagement &gt; handles activity check in" time="0.001">
            <failure message="Cannot find module &apos;@/api/activity&apos;
Require stack:
- /Users/mysoft/Code/AI Coding/party-management-system/frontend/tests/views/activity/ActivityManagement.test.js" type="Error">
Error: Cannot find module &apos;@/api/activity&apos;
Require stack:
- /Users/mysoft/Code/AI Coding/party-management-system/frontend/tests/views/activity/ActivityManagement.test.js
 ❯ TracingChannel.traceSync node:diagnostics_channel:322:14
 ❯ tests/views/activity/ActivityManagement.test.js:126:56
            </failure>
        </testcase>
        <testcase classname="tests/views/activity/ActivityManagement.test.js" name="ActivityManagement &gt; handles batch check in" time="0.001">
            <failure message="Cannot find module &apos;@/api/activity&apos;
Require stack:
- /Users/mysoft/Code/AI Coding/party-management-system/frontend/tests/views/activity/ActivityManagement.test.js" type="Error">
Error: Cannot find module &apos;@/api/activity&apos;
Require stack:
- /Users/mysoft/Code/AI Coding/party-management-system/frontend/tests/views/activity/ActivityManagement.test.js
 ❯ TracingChannel.traceSync node:diagnostics_channel:322:14
 ❯ tests/views/activity/ActivityManagement.test.js:126:56
            </failure>
        </testcase>
        <testcase classname="tests/views/activity/ActivityManagement.test.js" name="ActivityManagement &gt; handles pagination change" time="0.001">
            <failure message="Cannot find module &apos;@/api/activity&apos;
Require stack:
- /Users/mysoft/Code/AI Coding/party-management-system/frontend/tests/views/activity/ActivityManagement.test.js" type="Error">
Error: Cannot find module &apos;@/api/activity&apos;
Require stack:
- /Users/mysoft/Code/AI Coding/party-management-system/frontend/tests/views/activity/ActivityManagement.test.js
 ❯ TracingChannel.traceSync node:diagnostics_channel:322:14
 ❯ tests/views/activity/ActivityManagement.test.js:126:56
            </failure>
        </testcase>
        <testcase classname="tests/views/activity/ActivityManagement.test.js" name="ActivityManagement &gt; handles page size change" time="0">
            <failure message="Cannot find module &apos;@/api/activity&apos;
Require stack:
- /Users/mysoft/Code/AI Coding/party-management-system/frontend/tests/views/activity/ActivityManagement.test.js" type="Error">
Error: Cannot find module &apos;@/api/activity&apos;
Require stack:
- /Users/mysoft/Code/AI Coding/party-management-system/frontend/tests/views/activity/ActivityManagement.test.js
 ❯ TracingChannel.traceSync node:diagnostics_channel:322:14
 ❯ tests/views/activity/ActivityManagement.test.js:126:56
            </failure>
        </testcase>
        <testcase classname="tests/views/activity/ActivityManagement.test.js" name="ActivityManagement &gt; validates form before submission" time="0.001">
            <failure message="Cannot find module &apos;@/api/activity&apos;
Require stack:
- /Users/mysoft/Code/AI Coding/party-management-system/frontend/tests/views/activity/ActivityManagement.test.js" type="Error">
Error: Cannot find module &apos;@/api/activity&apos;
Require stack:
- /Users/mysoft/Code/AI Coding/party-management-system/frontend/tests/views/activity/ActivityManagement.test.js
 ❯ TracingChannel.traceSync node:diagnostics_channel:322:14
 ❯ tests/views/activity/ActivityManagement.test.js:126:56
            </failure>
        </testcase>
        <testcase classname="tests/views/activity/ActivityManagement.test.js" name="ActivityManagement &gt; formats activity status correctly" time="0">
            <failure message="Cannot find module &apos;@/api/activity&apos;
Require stack:
- /Users/mysoft/Code/AI Coding/party-management-system/frontend/tests/views/activity/ActivityManagement.test.js" type="Error">
Error: Cannot find module &apos;@/api/activity&apos;
Require stack:
- /Users/mysoft/Code/AI Coding/party-management-system/frontend/tests/views/activity/ActivityManagement.test.js
 ❯ TracingChannel.traceSync node:diagnostics_channel:322:14
 ❯ tests/views/activity/ActivityManagement.test.js:126:56
            </failure>
        </testcase>
        <testcase classname="tests/views/activity/ActivityManagement.test.js" name="ActivityManagement &gt; formats participant status correctly" time="0.002">
            <failure message="Cannot find module &apos;@/api/activity&apos;
Require stack:
- /Users/mysoft/Code/AI Coding/party-management-system/frontend/tests/views/activity/ActivityManagement.test.js" type="Error">
Error: Cannot find module &apos;@/api/activity&apos;
Require stack:
- /Users/mysoft/Code/AI Coding/party-management-system/frontend/tests/views/activity/ActivityManagement.test.js
 ❯ TracingChannel.traceSync node:diagnostics_channel:322:14
 ❯ tests/views/activity/ActivityManagement.test.js:126:56
            </failure>
        </testcase>
        <testcase classname="tests/views/activity/ActivityManagement.test.js" name="ActivityManagement &gt; calculates activity duration correctly" time="0.001">
            <failure message="Cannot find module &apos;@/api/activity&apos;
Require stack:
- /Users/mysoft/Code/AI Coding/party-management-system/frontend/tests/views/activity/ActivityManagement.test.js" type="Error">
Error: Cannot find module &apos;@/api/activity&apos;
Require stack:
- /Users/mysoft/Code/AI Coding/party-management-system/frontend/tests/views/activity/ActivityManagement.test.js
 ❯ TracingChannel.traceSync node:diagnostics_channel:322:14
 ❯ tests/views/activity/ActivityManagement.test.js:126:56
            </failure>
        </testcase>
        <testcase classname="tests/views/activity/ActivityManagement.test.js" name="ActivityManagement &gt; checks if activity is full" time="0">
            <failure message="Cannot find module &apos;@/api/activity&apos;
Require stack:
- /Users/mysoft/Code/AI Coding/party-management-system/frontend/tests/views/activity/ActivityManagement.test.js" type="Error">
Error: Cannot find module &apos;@/api/activity&apos;
Require stack:
- /Users/mysoft/Code/AI Coding/party-management-system/frontend/tests/views/activity/ActivityManagement.test.js
 ❯ TracingChannel.traceSync node:diagnostics_channel:322:14
 ❯ tests/views/activity/ActivityManagement.test.js:126:56
            </failure>
        </testcase>
        <testcase classname="tests/views/activity/ActivityManagement.test.js" name="ActivityManagement &gt; checks if activity can be signed up" time="0.001">
            <failure message="Cannot find module &apos;@/api/activity&apos;
Require stack:
- /Users/mysoft/Code/AI Coding/party-management-system/frontend/tests/views/activity/ActivityManagement.test.js" type="Error">
Error: Cannot find module &apos;@/api/activity&apos;
Require stack:
- /Users/mysoft/Code/AI Coding/party-management-system/frontend/tests/views/activity/ActivityManagement.test.js
 ❯ TracingChannel.traceSync node:diagnostics_channel:322:14
 ❯ tests/views/activity/ActivityManagement.test.js:126:56
            </failure>
        </testcase>
        <testcase classname="tests/views/activity/ActivityManagement.test.js" name="ActivityManagement &gt; checks if activity can be checked in" time="0.001">
            <failure message="Cannot find module &apos;@/api/activity&apos;
Require stack:
- /Users/mysoft/Code/AI Coding/party-management-system/frontend/tests/views/activity/ActivityManagement.test.js" type="Error">
Error: Cannot find module &apos;@/api/activity&apos;
Require stack:
- /Users/mysoft/Code/AI Coding/party-management-system/frontend/tests/views/activity/ActivityManagement.test.js
 ❯ TracingChannel.traceSync node:diagnostics_channel:322:14
 ❯ tests/views/activity/ActivityManagement.test.js:126:56
            </failure>
        </testcase>
    </testsuite>
    <testsuite name="tests/views/fee/FeeManagement.test.js" timestamp="2025-08-25T10:08:31.228Z" hostname="Mac-mini.local" tests="32" failures="32" errors="0" skipped="0" time="0.035">
        <testcase classname="tests/views/fee/FeeManagement.test.js" name="FeeManagement.vue &gt; 组件初始化 &gt; 应该正确渲染组件" time="0.018">
            <failure message="Cannot find module &apos;@/api/fee&apos;
Require stack:
- /Users/mysoft/Code/AI Coding/party-management-system/frontend/tests/views/fee/FeeManagement.test.js" type="Error">
Error: Cannot find module &apos;@/api/fee&apos;
Require stack:
- /Users/mysoft/Code/AI Coding/party-management-system/frontend/tests/views/fee/FeeManagement.test.js
 ❯ TracingChannel.traceSync node:diagnostics_channel:322:14
 ❯ tests/views/fee/FeeManagement.test.js:102:49
            </failure>
        </testcase>
        <testcase classname="tests/views/fee/FeeManagement.test.js" name="FeeManagement.vue &gt; 组件初始化 &gt; 应该在挂载时加载数据" time="0.003">
            <failure message="Cannot find module &apos;@/api/fee&apos;
Require stack:
- /Users/mysoft/Code/AI Coding/party-management-system/frontend/tests/views/fee/FeeManagement.test.js" type="Error">
Error: Cannot find module &apos;@/api/fee&apos;
Require stack:
- /Users/mysoft/Code/AI Coding/party-management-system/frontend/tests/views/fee/FeeManagement.test.js
 ❯ TracingChannel.traceSync node:diagnostics_channel:322:14
 ❯ tests/views/fee/FeeManagement.test.js:102:49
            </failure>
        </testcase>
        <testcase classname="tests/views/fee/FeeManagement.test.js" name="FeeManagement.vue &gt; 组件初始化 &gt; 应该正确设置初始数据" time="0">
            <failure message="Cannot find module &apos;@/api/fee&apos;
Require stack:
- /Users/mysoft/Code/AI Coding/party-management-system/frontend/tests/views/fee/FeeManagement.test.js" type="Error">
Error: Cannot find module &apos;@/api/fee&apos;
Require stack:
- /Users/mysoft/Code/AI Coding/party-management-system/frontend/tests/views/fee/FeeManagement.test.js
 ❯ TracingChannel.traceSync node:diagnostics_channel:322:14
 ❯ tests/views/fee/FeeManagement.test.js:102:49
            </failure>
        </testcase>
        <testcase classname="tests/views/fee/FeeManagement.test.js" name="FeeManagement.vue &gt; 党费标准管理 &gt; 应该能够显示党费标准列表" time="0.001">
            <failure message="Cannot find module &apos;@/api/fee&apos;
Require stack:
- /Users/mysoft/Code/AI Coding/party-management-system/frontend/tests/views/fee/FeeManagement.test.js" type="Error">
Error: Cannot find module &apos;@/api/fee&apos;
Require stack:
- /Users/mysoft/Code/AI Coding/party-management-system/frontend/tests/views/fee/FeeManagement.test.js
 ❯ TracingChannel.traceSync node:diagnostics_channel:322:14
 ❯ tests/views/fee/FeeManagement.test.js:102:49
            </failure>
        </testcase>
        <testcase classname="tests/views/fee/FeeManagement.test.js" name="FeeManagement.vue &gt; 党费标准管理 &gt; 应该能够打开新增标准对话框" time="0">
            <failure message="Cannot find module &apos;@/api/fee&apos;
Require stack:
- /Users/mysoft/Code/AI Coding/party-management-system/frontend/tests/views/fee/FeeManagement.test.js" type="Error">
Error: Cannot find module &apos;@/api/fee&apos;
Require stack:
- /Users/mysoft/Code/AI Coding/party-management-system/frontend/tests/views/fee/FeeManagement.test.js
 ❯ TracingChannel.traceSync node:diagnostics_channel:322:14
 ❯ tests/views/fee/FeeManagement.test.js:102:49
            </failure>
        </testcase>
        <testcase classname="tests/views/fee/FeeManagement.test.js" name="FeeManagement.vue &gt; 党费标准管理 &gt; 应该能够打开编辑标准对话框" time="0.001">
            <failure message="Cannot find module &apos;@/api/fee&apos;
Require stack:
- /Users/mysoft/Code/AI Coding/party-management-system/frontend/tests/views/fee/FeeManagement.test.js" type="Error">
Error: Cannot find module &apos;@/api/fee&apos;
Require stack:
- /Users/mysoft/Code/AI Coding/party-management-system/frontend/tests/views/fee/FeeManagement.test.js
 ❯ TracingChannel.traceSync node:diagnostics_channel:322:14
 ❯ tests/views/fee/FeeManagement.test.js:102:49
            </failure>
        </testcase>
        <testcase classname="tests/views/fee/FeeManagement.test.js" name="FeeManagement.vue &gt; 党费标准管理 &gt; 应该能够提交新增标准表单" time="0">
            <failure message="Cannot find module &apos;@/api/fee&apos;
Require stack:
- /Users/mysoft/Code/AI Coding/party-management-system/frontend/tests/views/fee/FeeManagement.test.js" type="Error">
Error: Cannot find module &apos;@/api/fee&apos;
Require stack:
- /Users/mysoft/Code/AI Coding/party-management-system/frontend/tests/views/fee/FeeManagement.test.js
 ❯ TracingChannel.traceSync node:diagnostics_channel:322:14
 ❯ tests/views/fee/FeeManagement.test.js:102:49
            </failure>
        </testcase>
        <testcase classname="tests/views/fee/FeeManagement.test.js" name="FeeManagement.vue &gt; 党费标准管理 &gt; 应该能够提交编辑标准表单" time="0">
            <failure message="Cannot find module &apos;@/api/fee&apos;
Require stack:
- /Users/mysoft/Code/AI Coding/party-management-system/frontend/tests/views/fee/FeeManagement.test.js" type="Error">
Error: Cannot find module &apos;@/api/fee&apos;
Require stack:
- /Users/mysoft/Code/AI Coding/party-management-system/frontend/tests/views/fee/FeeManagement.test.js
 ❯ TracingChannel.traceSync node:diagnostics_channel:322:14
 ❯ tests/views/fee/FeeManagement.test.js:102:49
            </failure>
        </testcase>
        <testcase classname="tests/views/fee/FeeManagement.test.js" name="FeeManagement.vue &gt; 党费标准管理 &gt; 应该能够删除党费标准" time="0.001">
            <failure message="Cannot find module &apos;@/api/fee&apos;
Require stack:
- /Users/mysoft/Code/AI Coding/party-management-system/frontend/tests/views/fee/FeeManagement.test.js" type="Error">
Error: Cannot find module &apos;@/api/fee&apos;
Require stack:
- /Users/mysoft/Code/AI Coding/party-management-system/frontend/tests/views/fee/FeeManagement.test.js
 ❯ TracingChannel.traceSync node:diagnostics_channel:322:14
 ❯ tests/views/fee/FeeManagement.test.js:102:49
            </failure>
        </testcase>
        <testcase classname="tests/views/fee/FeeManagement.test.js" name="FeeManagement.vue &gt; 党费标准管理 &gt; 应该验证标准表单数据" time="0">
            <failure message="Cannot find module &apos;@/api/fee&apos;
Require stack:
- /Users/mysoft/Code/AI Coding/party-management-system/frontend/tests/views/fee/FeeManagement.test.js" type="Error">
Error: Cannot find module &apos;@/api/fee&apos;
Require stack:
- /Users/mysoft/Code/AI Coding/party-management-system/frontend/tests/views/fee/FeeManagement.test.js
 ❯ TracingChannel.traceSync node:diagnostics_channel:322:14
 ❯ tests/views/fee/FeeManagement.test.js:102:49
            </failure>
        </testcase>
        <testcase classname="tests/views/fee/FeeManagement.test.js" name="FeeManagement.vue &gt; 党费缴费记录管理 &gt; 应该能够显示缴费记录列表" time="0.001">
            <failure message="Cannot find module &apos;@/api/fee&apos;
Require stack:
- /Users/mysoft/Code/AI Coding/party-management-system/frontend/tests/views/fee/FeeManagement.test.js" type="Error">
Error: Cannot find module &apos;@/api/fee&apos;
Require stack:
- /Users/mysoft/Code/AI Coding/party-management-system/frontend/tests/views/fee/FeeManagement.test.js
 ❯ TracingChannel.traceSync node:diagnostics_channel:322:14
 ❯ tests/views/fee/FeeManagement.test.js:102:49
            </failure>
        </testcase>
        <testcase classname="tests/views/fee/FeeManagement.test.js" name="FeeManagement.vue &gt; 党费缴费记录管理 &gt; 应该能够打开新增缴费记录对话框" time="0.001">
            <failure message="Cannot find module &apos;@/api/fee&apos;
Require stack:
- /Users/mysoft/Code/AI Coding/party-management-system/frontend/tests/views/fee/FeeManagement.test.js" type="Error">
Error: Cannot find module &apos;@/api/fee&apos;
Require stack:
- /Users/mysoft/Code/AI Coding/party-management-system/frontend/tests/views/fee/FeeManagement.test.js
 ❯ TracingChannel.traceSync node:diagnostics_channel:322:14
 ❯ tests/views/fee/FeeManagement.test.js:102:49
            </failure>
        </testcase>
        <testcase classname="tests/views/fee/FeeManagement.test.js" name="FeeManagement.vue &gt; 党费缴费记录管理 &gt; 应该能够打开编辑缴费记录对话框" time="0">
            <failure message="Cannot find module &apos;@/api/fee&apos;
Require stack:
- /Users/mysoft/Code/AI Coding/party-management-system/frontend/tests/views/fee/FeeManagement.test.js" type="Error">
Error: Cannot find module &apos;@/api/fee&apos;
Require stack:
- /Users/mysoft/Code/AI Coding/party-management-system/frontend/tests/views/fee/FeeManagement.test.js
 ❯ TracingChannel.traceSync node:diagnostics_channel:322:14
 ❯ tests/views/fee/FeeManagement.test.js:102:49
            </failure>
        </testcase>
        <testcase classname="tests/views/fee/FeeManagement.test.js" name="FeeManagement.vue &gt; 党费缴费记录管理 &gt; 应该能够提交新增缴费记录表单" time="0.001">
            <failure message="Cannot find module &apos;@/api/fee&apos;
Require stack:
- /Users/mysoft/Code/AI Coding/party-management-system/frontend/tests/views/fee/FeeManagement.test.js" type="Error">
Error: Cannot find module &apos;@/api/fee&apos;
Require stack:
- /Users/mysoft/Code/AI Coding/party-management-system/frontend/tests/views/fee/FeeManagement.test.js
 ❯ TracingChannel.traceSync node:diagnostics_channel:322:14
 ❯ tests/views/fee/FeeManagement.test.js:102:49
            </failure>
        </testcase>
        <testcase classname="tests/views/fee/FeeManagement.test.js" name="FeeManagement.vue &gt; 党费缴费记录管理 &gt; 应该能够删除缴费记录" time="0">
            <failure message="Cannot find module &apos;@/api/fee&apos;
Require stack:
- /Users/mysoft/Code/AI Coding/party-management-system/frontend/tests/views/fee/FeeManagement.test.js" type="Error">
Error: Cannot find module &apos;@/api/fee&apos;
Require stack:
- /Users/mysoft/Code/AI Coding/party-management-system/frontend/tests/views/fee/FeeManagement.test.js
 ❯ TracingChannel.traceSync node:diagnostics_channel:322:14
 ❯ tests/views/fee/FeeManagement.test.js:102:49
            </failure>
        </testcase>
        <testcase classname="tests/views/fee/FeeManagement.test.js" name="FeeManagement.vue &gt; 党费缴费记录管理 &gt; 应该验证缴费记录表单数据" time="0.001">
            <failure message="Cannot find module &apos;@/api/fee&apos;
Require stack:
- /Users/mysoft/Code/AI Coding/party-management-system/frontend/tests/views/fee/FeeManagement.test.js" type="Error">
Error: Cannot find module &apos;@/api/fee&apos;
Require stack:
- /Users/mysoft/Code/AI Coding/party-management-system/frontend/tests/views/fee/FeeManagement.test.js
 ❯ TracingChannel.traceSync node:diagnostics_channel:322:14
 ❯ tests/views/fee/FeeManagement.test.js:102:49
            </failure>
        </testcase>
        <testcase classname="tests/views/fee/FeeManagement.test.js" name="FeeManagement.vue &gt; 数据筛选和搜索 &gt; 应该能够根据状态筛选党费标准" time="0">
            <failure message="Cannot find module &apos;@/api/fee&apos;
Require stack:
- /Users/mysoft/Code/AI Coding/party-management-system/frontend/tests/views/fee/FeeManagement.test.js" type="Error">
Error: Cannot find module &apos;@/api/fee&apos;
Require stack:
- /Users/mysoft/Code/AI Coding/party-management-system/frontend/tests/views/fee/FeeManagement.test.js
 ❯ TracingChannel.traceSync node:diagnostics_channel:322:14
 ❯ tests/views/fee/FeeManagement.test.js:102:49
            </failure>
        </testcase>
        <testcase classname="tests/views/fee/FeeManagement.test.js" name="FeeManagement.vue &gt; 数据筛选和搜索 &gt; 应该能够根据关键词搜索党费标准" time="0">
            <failure message="Cannot find module &apos;@/api/fee&apos;
Require stack:
- /Users/mysoft/Code/AI Coding/party-management-system/frontend/tests/views/fee/FeeManagement.test.js" type="Error">
Error: Cannot find module &apos;@/api/fee&apos;
Require stack:
- /Users/mysoft/Code/AI Coding/party-management-system/frontend/tests/views/fee/FeeManagement.test.js
 ❯ TracingChannel.traceSync node:diagnostics_channel:322:14
 ❯ tests/views/fee/FeeManagement.test.js:102:49
            </failure>
        </testcase>
        <testcase classname="tests/views/fee/FeeManagement.test.js" name="FeeManagement.vue &gt; 数据筛选和搜索 &gt; 应该能够根据状态筛选缴费记录" time="0.001">
            <failure message="Cannot find module &apos;@/api/fee&apos;
Require stack:
- /Users/mysoft/Code/AI Coding/party-management-system/frontend/tests/views/fee/FeeManagement.test.js" type="Error">
Error: Cannot find module &apos;@/api/fee&apos;
Require stack:
- /Users/mysoft/Code/AI Coding/party-management-system/frontend/tests/views/fee/FeeManagement.test.js
 ❯ TracingChannel.traceSync node:diagnostics_channel:322:14
 ❯ tests/views/fee/FeeManagement.test.js:102:49
            </failure>
        </testcase>
        <testcase classname="tests/views/fee/FeeManagement.test.js" name="FeeManagement.vue &gt; 数据筛选和搜索 &gt; 应该能够根据日期范围筛选缴费记录" time="0">
            <failure message="Cannot find module &apos;@/api/fee&apos;
Require stack:
- /Users/mysoft/Code/AI Coding/party-management-system/frontend/tests/views/fee/FeeManagement.test.js" type="Error">
Error: Cannot find module &apos;@/api/fee&apos;
Require stack:
- /Users/mysoft/Code/AI Coding/party-management-system/frontend/tests/views/fee/FeeManagement.test.js
 ❯ TracingChannel.traceSync node:diagnostics_channel:322:14
 ❯ tests/views/fee/FeeManagement.test.js:102:49
            </failure>
        </testcase>
        <testcase classname="tests/views/fee/FeeManagement.test.js" name="FeeManagement.vue &gt; 数据导出功能 &gt; 应该能够导出党费标准数据" time="0">
            <failure message="Cannot find module &apos;@/api/fee&apos;
Require stack:
- /Users/mysoft/Code/AI Coding/party-management-system/frontend/tests/views/fee/FeeManagement.test.js" type="Error">
Error: Cannot find module &apos;@/api/fee&apos;
Require stack:
- /Users/mysoft/Code/AI Coding/party-management-system/frontend/tests/views/fee/FeeManagement.test.js
 ❯ TracingChannel.traceSync node:diagnostics_channel:322:14
 ❯ tests/views/fee/FeeManagement.test.js:102:49
            </failure>
        </testcase>
        <testcase classname="tests/views/fee/FeeManagement.test.js" name="FeeManagement.vue &gt; 数据导出功能 &gt; 应该能够导出缴费记录数据" time="0.001">
            <failure message="Cannot find module &apos;@/api/fee&apos;
Require stack:
- /Users/mysoft/Code/AI Coding/party-management-system/frontend/tests/views/fee/FeeManagement.test.js" type="Error">
Error: Cannot find module &apos;@/api/fee&apos;
Require stack:
- /Users/mysoft/Code/AI Coding/party-management-system/frontend/tests/views/fee/FeeManagement.test.js
 ❯ TracingChannel.traceSync node:diagnostics_channel:322:14
 ❯ tests/views/fee/FeeManagement.test.js:102:49
            </failure>
        </testcase>
        <testcase classname="tests/views/fee/FeeManagement.test.js" name="FeeManagement.vue &gt; 统计数据 &gt; 应该正确计算统计数据" time="0">
            <failure message="Cannot find module &apos;@/api/fee&apos;
Require stack:
- /Users/mysoft/Code/AI Coding/party-management-system/frontend/tests/views/fee/FeeManagement.test.js" type="Error">
Error: Cannot find module &apos;@/api/fee&apos;
Require stack:
- /Users/mysoft/Code/AI Coding/party-management-system/frontend/tests/views/fee/FeeManagement.test.js
 ❯ TracingChannel.traceSync node:diagnostics_channel:322:14
 ❯ tests/views/fee/FeeManagement.test.js:102:49
            </failure>
        </testcase>
        <testcase classname="tests/views/fee/FeeManagement.test.js" name="FeeManagement.vue &gt; 统计数据 &gt; 应该正确计算月度趋势数据" time="0">
            <failure message="Cannot find module &apos;@/api/fee&apos;
Require stack:
- /Users/mysoft/Code/AI Coding/party-management-system/frontend/tests/views/fee/FeeManagement.test.js" type="Error">
Error: Cannot find module &apos;@/api/fee&apos;
Require stack:
- /Users/mysoft/Code/AI Coding/party-management-system/frontend/tests/views/fee/FeeManagement.test.js
 ❯ TracingChannel.traceSync node:diagnostics_channel:322:14
 ❯ tests/views/fee/FeeManagement.test.js:102:49
            </failure>
        </testcase>
        <testcase classname="tests/views/fee/FeeManagement.test.js" name="FeeManagement.vue &gt; 错误处理 &gt; 应该处理加载数据失败的情况" time="0">
            <failure message="Cannot find module &apos;@/api/fee&apos;
Require stack:
- /Users/mysoft/Code/AI Coding/party-management-system/frontend/tests/views/fee/FeeManagement.test.js" type="Error">
Error: Cannot find module &apos;@/api/fee&apos;
Require stack:
- /Users/mysoft/Code/AI Coding/party-management-system/frontend/tests/views/fee/FeeManagement.test.js
 ❯ TracingChannel.traceSync node:diagnostics_channel:322:14
 ❯ tests/views/fee/FeeManagement.test.js:102:49
            </failure>
        </testcase>
        <testcase classname="tests/views/fee/FeeManagement.test.js" name="FeeManagement.vue &gt; 错误处理 &gt; 应该处理创建数据失败的情况" time="0">
            <failure message="Cannot find module &apos;@/api/fee&apos;
Require stack:
- /Users/mysoft/Code/AI Coding/party-management-system/frontend/tests/views/fee/FeeManagement.test.js" type="Error">
Error: Cannot find module &apos;@/api/fee&apos;
Require stack:
- /Users/mysoft/Code/AI Coding/party-management-system/frontend/tests/views/fee/FeeManagement.test.js
 ❯ TracingChannel.traceSync node:diagnostics_channel:322:14
 ❯ tests/views/fee/FeeManagement.test.js:102:49
            </failure>
        </testcase>
        <testcase classname="tests/views/fee/FeeManagement.test.js" name="FeeManagement.vue &gt; 错误处理 &gt; 应该处理删除数据失败的情况" time="0">
            <failure message="Cannot find module &apos;@/api/fee&apos;
Require stack:
- /Users/mysoft/Code/AI Coding/party-management-system/frontend/tests/views/fee/FeeManagement.test.js" type="Error">
Error: Cannot find module &apos;@/api/fee&apos;
Require stack:
- /Users/mysoft/Code/AI Coding/party-management-system/frontend/tests/views/fee/FeeManagement.test.js
 ❯ TracingChannel.traceSync node:diagnostics_channel:322:14
 ❯ tests/views/fee/FeeManagement.test.js:102:49
            </failure>
        </testcase>
        <testcase classname="tests/views/fee/FeeManagement.test.js" name="FeeManagement.vue &gt; 表单验证 &gt; 应该验证必填字段" time="0">
            <failure message="Cannot find module &apos;@/api/fee&apos;
Require stack:
- /Users/mysoft/Code/AI Coding/party-management-system/frontend/tests/views/fee/FeeManagement.test.js" type="Error">
Error: Cannot find module &apos;@/api/fee&apos;
Require stack:
- /Users/mysoft/Code/AI Coding/party-management-system/frontend/tests/views/fee/FeeManagement.test.js
 ❯ TracingChannel.traceSync node:diagnostics_channel:322:14
 ❯ tests/views/fee/FeeManagement.test.js:102:49
            </failure>
        </testcase>
        <testcase classname="tests/views/fee/FeeManagement.test.js" name="FeeManagement.vue &gt; 表单验证 &gt; 应该验证数值字段的格式" time="0.001">
            <failure message="Cannot find module &apos;@/api/fee&apos;
Require stack:
- /Users/mysoft/Code/AI Coding/party-management-system/frontend/tests/views/fee/FeeManagement.test.js" type="Error">
Error: Cannot find module &apos;@/api/fee&apos;
Require stack:
- /Users/mysoft/Code/AI Coding/party-management-system/frontend/tests/views/fee/FeeManagement.test.js
 ❯ TracingChannel.traceSync node:diagnostics_channel:322:14
 ❯ tests/views/fee/FeeManagement.test.js:102:49
            </failure>
        </testcase>
        <testcase classname="tests/views/fee/FeeManagement.test.js" name="FeeManagement.vue &gt; 表单验证 &gt; 应该验证日期字段的格式" time="0">
            <failure message="Cannot find module &apos;@/api/fee&apos;
Require stack:
- /Users/mysoft/Code/AI Coding/party-management-system/frontend/tests/views/fee/FeeManagement.test.js" type="Error">
Error: Cannot find module &apos;@/api/fee&apos;
Require stack:
- /Users/mysoft/Code/AI Coding/party-management-system/frontend/tests/views/fee/FeeManagement.test.js
 ❯ TracingChannel.traceSync node:diagnostics_channel:322:14
 ❯ tests/views/fee/FeeManagement.test.js:102:49
            </failure>
        </testcase>
        <testcase classname="tests/views/fee/FeeManagement.test.js" name="FeeManagement.vue &gt; 分页功能 &gt; 应该正确处理分页参数" time="0.001">
            <failure message="Cannot find module &apos;@/api/fee&apos;
Require stack:
- /Users/mysoft/Code/AI Coding/party-management-system/frontend/tests/views/fee/FeeManagement.test.js" type="Error">
Error: Cannot find module &apos;@/api/fee&apos;
Require stack:
- /Users/mysoft/Code/AI Coding/party-management-system/frontend/tests/views/fee/FeeManagement.test.js
 ❯ TracingChannel.traceSync node:diagnostics_channel:322:14
 ❯ tests/views/fee/FeeManagement.test.js:102:49
            </failure>
        </testcase>
        <testcase classname="tests/views/fee/FeeManagement.test.js" name="FeeManagement.vue &gt; 分页功能 &gt; 应该正确处理页面大小变化" time="0">
            <failure message="Cannot find module &apos;@/api/fee&apos;
Require stack:
- /Users/mysoft/Code/AI Coding/party-management-system/frontend/tests/views/fee/FeeManagement.test.js" type="Error">
Error: Cannot find module &apos;@/api/fee&apos;
Require stack:
- /Users/mysoft/Code/AI Coding/party-management-system/frontend/tests/views/fee/FeeManagement.test.js
 ❯ TracingChannel.traceSync node:diagnostics_channel:322:14
 ❯ tests/views/fee/FeeManagement.test.js:102:49
            </failure>
        </testcase>
    </testsuite>
    <testsuite name="tests/views/profile/Profile.test.js" timestamp="2025-08-25T10:08:31.234Z" hostname="Mac-mini.local" tests="0" failures="0" errors="0" skipped="0" time="0">
    </testsuite>
    <testsuite name="tests/views/system/OperationLog.test.js" timestamp="2025-08-25T10:08:31.234Z" hostname="Mac-mini.local" tests="0" failures="0" errors="0" skipped="0" time="0">
    </testsuite>
    <testsuite name="tests/views/system/SystemSettings.test.js" timestamp="2025-08-25T10:08:31.234Z" hostname="Mac-mini.local" tests="0" failures="0" errors="0" skipped="0" time="0">
    </testsuite>
    <testsuite name="tests/views/statistics/Statistics.test.js" timestamp="2025-08-25T10:08:31.234Z" hostname="Mac-mini.local" tests="45" failures="45" errors="0" skipped="0" time="0.025">
        <testcase classname="tests/views/statistics/Statistics.test.js" name="Statistics.vue &gt; 组件初始化 &gt; 应该正确渲染组件" time="0.011">
            <failure message="Cannot find module &apos;@/api/statistics&apos;
Require stack:
- /Users/mysoft/Code/AI Coding/party-management-system/frontend/tests/views/statistics/Statistics.test.js" type="Error">
Error: Cannot find module &apos;@/api/statistics&apos;
Require stack:
- /Users/mysoft/Code/AI Coding/party-management-system/frontend/tests/views/statistics/Statistics.test.js
 ❯ TracingChannel.traceSync node:diagnostics_channel:322:14
 ❯ tests/views/statistics/Statistics.test.js:105:9
            </failure>
        </testcase>
        <testcase classname="tests/views/statistics/Statistics.test.js" name="Statistics.vue &gt; 组件初始化 &gt; 应该在挂载时加载数据" time="0">
            <failure message="Cannot find module &apos;@/api/statistics&apos;
Require stack:
- /Users/mysoft/Code/AI Coding/party-management-system/frontend/tests/views/statistics/Statistics.test.js" type="Error">
Error: Cannot find module &apos;@/api/statistics&apos;
Require stack:
- /Users/mysoft/Code/AI Coding/party-management-system/frontend/tests/views/statistics/Statistics.test.js
 ❯ TracingChannel.traceSync node:diagnostics_channel:322:14
 ❯ tests/views/statistics/Statistics.test.js:105:9
            </failure>
        </testcase>
        <testcase classname="tests/views/statistics/Statistics.test.js" name="Statistics.vue &gt; 组件初始化 &gt; 应该正确设置初始数据" time="0.001">
            <failure message="Cannot find module &apos;@/api/statistics&apos;
Require stack:
- /Users/mysoft/Code/AI Coding/party-management-system/frontend/tests/views/statistics/Statistics.test.js" type="Error">
Error: Cannot find module &apos;@/api/statistics&apos;
Require stack:
- /Users/mysoft/Code/AI Coding/party-management-system/frontend/tests/views/statistics/Statistics.test.js
 ❯ TracingChannel.traceSync node:diagnostics_channel:322:14
 ❯ tests/views/statistics/Statistics.test.js:105:9
            </failure>
        </testcase>
        <testcase classname="tests/views/statistics/Statistics.test.js" name="Statistics.vue &gt; 总体概览统计 &gt; 应该能够加载总体统计数据" time="0">
            <failure message="Cannot find module &apos;@/api/statistics&apos;
Require stack:
- /Users/mysoft/Code/AI Coding/party-management-system/frontend/tests/views/statistics/Statistics.test.js" type="Error">
Error: Cannot find module &apos;@/api/statistics&apos;
Require stack:
- /Users/mysoft/Code/AI Coding/party-management-system/frontend/tests/views/statistics/Statistics.test.js
 ❯ TracingChannel.traceSync node:diagnostics_channel:322:14
 ❯ tests/views/statistics/Statistics.test.js:105:9
            </failure>
        </testcase>
        <testcase classname="tests/views/statistics/Statistics.test.js" name="Statistics.vue &gt; 总体概览统计 &gt; 应该正确计算统计指标" time="0">
            <failure message="Cannot find module &apos;@/api/statistics&apos;
Require stack:
- /Users/mysoft/Code/AI Coding/party-management-system/frontend/tests/views/statistics/Statistics.test.js" type="Error">
Error: Cannot find module &apos;@/api/statistics&apos;
Require stack:
- /Users/mysoft/Code/AI Coding/party-management-system/frontend/tests/views/statistics/Statistics.test.js
 ❯ TracingChannel.traceSync node:diagnostics_channel:322:14
 ❯ tests/views/statistics/Statistics.test.js:105:9
            </failure>
        </testcase>
        <testcase classname="tests/views/statistics/Statistics.test.js" name="Statistics.vue &gt; 总体概览统计 &gt; 应该能够刷新总体数据" time="0.001">
            <failure message="Cannot find module &apos;@/api/statistics&apos;
Require stack:
- /Users/mysoft/Code/AI Coding/party-management-system/frontend/tests/views/statistics/Statistics.test.js" type="Error">
Error: Cannot find module &apos;@/api/statistics&apos;
Require stack:
- /Users/mysoft/Code/AI Coding/party-management-system/frontend/tests/views/statistics/Statistics.test.js
 ❯ TracingChannel.traceSync node:diagnostics_channel:322:14
 ❯ tests/views/statistics/Statistics.test.js:105:9
            </failure>
        </testcase>
        <testcase classname="tests/views/statistics/Statistics.test.js" name="Statistics.vue &gt; 组织统计 &gt; 应该能够加载组织统计数据" time="0.001">
            <failure message="Cannot find module &apos;@/api/statistics&apos;
Require stack:
- /Users/mysoft/Code/AI Coding/party-management-system/frontend/tests/views/statistics/Statistics.test.js" type="Error">
Error: Cannot find module &apos;@/api/statistics&apos;
Require stack:
- /Users/mysoft/Code/AI Coding/party-management-system/frontend/tests/views/statistics/Statistics.test.js
 ❯ TracingChannel.traceSync node:diagnostics_channel:322:14
 ❯ tests/views/statistics/Statistics.test.js:105:9
            </failure>
        </testcase>
        <testcase classname="tests/views/statistics/Statistics.test.js" name="Statistics.vue &gt; 组织统计 &gt; 应该能够按成员数量排序组织" time="0">
            <failure message="Cannot find module &apos;@/api/statistics&apos;
Require stack:
- /Users/mysoft/Code/AI Coding/party-management-system/frontend/tests/views/statistics/Statistics.test.js" type="Error">
Error: Cannot find module &apos;@/api/statistics&apos;
Require stack:
- /Users/mysoft/Code/AI Coding/party-management-system/frontend/tests/views/statistics/Statistics.test.js
 ❯ TracingChannel.traceSync node:diagnostics_channel:322:14
 ❯ tests/views/statistics/Statistics.test.js:105:9
            </failure>
        </testcase>
        <testcase classname="tests/views/statistics/Statistics.test.js" name="Statistics.vue &gt; 组织统计 &gt; 应该能够按党费收缴率排序组织" time="0">
            <failure message="Cannot find module &apos;@/api/statistics&apos;
Require stack:
- /Users/mysoft/Code/AI Coding/party-management-system/frontend/tests/views/statistics/Statistics.test.js" type="Error">
Error: Cannot find module &apos;@/api/statistics&apos;
Require stack:
- /Users/mysoft/Code/AI Coding/party-management-system/frontend/tests/views/statistics/Statistics.test.js
 ❯ TracingChannel.traceSync node:diagnostics_channel:322:14
 ❯ tests/views/statistics/Statistics.test.js:105:9
            </failure>
        </testcase>
        <testcase classname="tests/views/statistics/Statistics.test.js" name="Statistics.vue &gt; 组织统计 &gt; 应该能够筛选组织数据" time="0">
            <failure message="Cannot find module &apos;@/api/statistics&apos;
Require stack:
- /Users/mysoft/Code/AI Coding/party-management-system/frontend/tests/views/statistics/Statistics.test.js" type="Error">
Error: Cannot find module &apos;@/api/statistics&apos;
Require stack:
- /Users/mysoft/Code/AI Coding/party-management-system/frontend/tests/views/statistics/Statistics.test.js
 ❯ TracingChannel.traceSync node:diagnostics_channel:322:14
 ❯ tests/views/statistics/Statistics.test.js:105:9
            </failure>
        </testcase>
        <testcase classname="tests/views/statistics/Statistics.test.js" name="Statistics.vue &gt; 成员活动统计 &gt; 应该能够加载成员活动数据" time="0">
            <failure message="Cannot find module &apos;@/api/statistics&apos;
Require stack:
- /Users/mysoft/Code/AI Coding/party-management-system/frontend/tests/views/statistics/Statistics.test.js" type="Error">
Error: Cannot find module &apos;@/api/statistics&apos;
Require stack:
- /Users/mysoft/Code/AI Coding/party-management-system/frontend/tests/views/statistics/Statistics.test.js
 ❯ TracingChannel.traceSync node:diagnostics_channel:322:14
 ❯ tests/views/statistics/Statistics.test.js:105:9
            </failure>
        </testcase>
        <testcase classname="tests/views/statistics/Statistics.test.js" name="Statistics.vue &gt; 成员活动统计 &gt; 应该能够初始化成员趋势图表" time="0">
            <failure message="Cannot find module &apos;@/api/statistics&apos;
Require stack:
- /Users/mysoft/Code/AI Coding/party-management-system/frontend/tests/views/statistics/Statistics.test.js" type="Error">
Error: Cannot find module &apos;@/api/statistics&apos;
Require stack:
- /Users/mysoft/Code/AI Coding/party-management-system/frontend/tests/views/statistics/Statistics.test.js
 ❯ TracingChannel.traceSync node:diagnostics_channel:322:14
 ❯ tests/views/statistics/Statistics.test.js:105:9
            </failure>
        </testcase>
        <testcase classname="tests/views/statistics/Statistics.test.js" name="Statistics.vue &gt; 成员活动统计 &gt; 应该能够初始化活动参与图表" time="0.001">
            <failure message="Cannot find module &apos;@/api/statistics&apos;
Require stack:
- /Users/mysoft/Code/AI Coding/party-management-system/frontend/tests/views/statistics/Statistics.test.js" type="Error">
Error: Cannot find module &apos;@/api/statistics&apos;
Require stack:
- /Users/mysoft/Code/AI Coding/party-management-system/frontend/tests/views/statistics/Statistics.test.js
 ❯ TracingChannel.traceSync node:diagnostics_channel:322:14
 ❯ tests/views/statistics/Statistics.test.js:105:9
            </failure>
        </testcase>
        <testcase classname="tests/views/statistics/Statistics.test.js" name="Statistics.vue &gt; 成员活动统计 &gt; 应该能够计算活动参与率" time="0">
            <failure message="Cannot find module &apos;@/api/statistics&apos;
Require stack:
- /Users/mysoft/Code/AI Coding/party-management-system/frontend/tests/views/statistics/Statistics.test.js" type="Error">
Error: Cannot find module &apos;@/api/statistics&apos;
Require stack:
- /Users/mysoft/Code/AI Coding/party-management-system/frontend/tests/views/statistics/Statistics.test.js
 ❯ TracingChannel.traceSync node:diagnostics_channel:322:14
 ❯ tests/views/statistics/Statistics.test.js:105:9
            </failure>
        </testcase>
        <testcase classname="tests/views/statistics/Statistics.test.js" name="Statistics.vue &gt; 党费分析统计 &gt; 应该能够加载党费分析数据" time="0">
            <failure message="Cannot find module &apos;@/api/statistics&apos;
Require stack:
- /Users/mysoft/Code/AI Coding/party-management-system/frontend/tests/views/statistics/Statistics.test.js" type="Error">
Error: Cannot find module &apos;@/api/statistics&apos;
Require stack:
- /Users/mysoft/Code/AI Coding/party-management-system/frontend/tests/views/statistics/Statistics.test.js
 ❯ TracingChannel.traceSync node:diagnostics_channel:322:14
 ❯ tests/views/statistics/Statistics.test.js:105:9
            </failure>
        </testcase>
        <testcase classname="tests/views/statistics/Statistics.test.js" name="Statistics.vue &gt; 党费分析统计 &gt; 应该能够初始化党费趋势图表" time="0">
            <failure message="Cannot find module &apos;@/api/statistics&apos;
Require stack:
- /Users/mysoft/Code/AI Coding/party-management-system/frontend/tests/views/statistics/Statistics.test.js" type="Error">
Error: Cannot find module &apos;@/api/statistics&apos;
Require stack:
- /Users/mysoft/Code/AI Coding/party-management-system/frontend/tests/views/statistics/Statistics.test.js
 ❯ TracingChannel.traceSync node:diagnostics_channel:322:14
 ❯ tests/views/statistics/Statistics.test.js:105:9
            </failure>
        </testcase>
        <testcase classname="tests/views/statistics/Statistics.test.js" name="Statistics.vue &gt; 党费分析统计 &gt; 应该能够初始化支付方式图表" time="0.001">
            <failure message="Cannot find module &apos;@/api/statistics&apos;
Require stack:
- /Users/mysoft/Code/AI Coding/party-management-system/frontend/tests/views/statistics/Statistics.test.js" type="Error">
Error: Cannot find module &apos;@/api/statistics&apos;
Require stack:
- /Users/mysoft/Code/AI Coding/party-management-system/frontend/tests/views/statistics/Statistics.test.js
 ❯ TracingChannel.traceSync node:diagnostics_channel:322:14
 ❯ tests/views/statistics/Statistics.test.js:105:9
            </failure>
        </testcase>
        <testcase classname="tests/views/statistics/Statistics.test.js" name="Statistics.vue &gt; 党费分析统计 &gt; 应该能够计算平均月缴费金额" time="0">
            <failure message="Cannot find module &apos;@/api/statistics&apos;
Require stack:
- /Users/mysoft/Code/AI Coding/party-management-system/frontend/tests/views/statistics/Statistics.test.js" type="Error">
Error: Cannot find module &apos;@/api/statistics&apos;
Require stack:
- /Users/mysoft/Code/AI Coding/party-management-system/frontend/tests/views/statistics/Statistics.test.js
 ❯ TracingChannel.traceSync node:diagnostics_channel:322:14
 ❯ tests/views/statistics/Statistics.test.js:105:9
            </failure>
        </testcase>
        <testcase classname="tests/views/statistics/Statistics.test.js" name="Statistics.vue &gt; 党费分析统计 &gt; 应该能够获取最佳收缴组织" time="0">
            <failure message="Cannot find module &apos;@/api/statistics&apos;
Require stack:
- /Users/mysoft/Code/AI Coding/party-management-system/frontend/tests/views/statistics/Statistics.test.js" type="Error">
Error: Cannot find module &apos;@/api/statistics&apos;
Require stack:
- /Users/mysoft/Code/AI Coding/party-management-system/frontend/tests/views/statistics/Statistics.test.js
 ❯ TracingChannel.traceSync node:diagnostics_channel:322:14
 ❯ tests/views/statistics/Statistics.test.js:105:9
            </failure>
        </testcase>
        <testcase classname="tests/views/statistics/Statistics.test.js" name="Statistics.vue &gt; 图表管理 &gt; 应该能够初始化所有图表" time="0">
            <failure message="Cannot find module &apos;@/api/statistics&apos;
Require stack:
- /Users/mysoft/Code/AI Coding/party-management-system/frontend/tests/views/statistics/Statistics.test.js" type="Error">
Error: Cannot find module &apos;@/api/statistics&apos;
Require stack:
- /Users/mysoft/Code/AI Coding/party-management-system/frontend/tests/views/statistics/Statistics.test.js
 ❯ TracingChannel.traceSync node:diagnostics_channel:322:14
 ❯ tests/views/statistics/Statistics.test.js:105:9
            </failure>
        </testcase>
        <testcase classname="tests/views/statistics/Statistics.test.js" name="Statistics.vue &gt; 图表管理 &gt; 应该能够调整图表大小" time="0.001">
            <failure message="Cannot find module &apos;@/api/statistics&apos;
Require stack:
- /Users/mysoft/Code/AI Coding/party-management-system/frontend/tests/views/statistics/Statistics.test.js" type="Error">
Error: Cannot find module &apos;@/api/statistics&apos;
Require stack:
- /Users/mysoft/Code/AI Coding/party-management-system/frontend/tests/views/statistics/Statistics.test.js
 ❯ TracingChannel.traceSync node:diagnostics_channel:322:14
 ❯ tests/views/statistics/Statistics.test.js:105:9
            </failure>
        </testcase>
        <testcase classname="tests/views/statistics/Statistics.test.js" name="Statistics.vue &gt; 图表管理 &gt; 应该在组件销毁时清理图表" time="0">
            <failure message="Cannot find module &apos;@/api/statistics&apos;
Require stack:
- /Users/mysoft/Code/AI Coding/party-management-system/frontend/tests/views/statistics/Statistics.test.js" type="Error">
Error: Cannot find module &apos;@/api/statistics&apos;
Require stack:
- /Users/mysoft/Code/AI Coding/party-management-system/frontend/tests/views/statistics/Statistics.test.js
 ❯ TracingChannel.traceSync node:diagnostics_channel:322:14
 ❯ tests/views/statistics/Statistics.test.js:105:9
            </failure>
        </testcase>
        <testcase classname="tests/views/statistics/Statistics.test.js" name="Statistics.vue &gt; 图表管理 &gt; 应该能够切换图表主题" time="0">
            <failure message="Cannot find module &apos;@/api/statistics&apos;
Require stack:
- /Users/mysoft/Code/AI Coding/party-management-system/frontend/tests/views/statistics/Statistics.test.js" type="Error">
Error: Cannot find module &apos;@/api/statistics&apos;
Require stack:
- /Users/mysoft/Code/AI Coding/party-management-system/frontend/tests/views/statistics/Statistics.test.js
 ❯ TracingChannel.traceSync node:diagnostics_channel:322:14
 ❯ tests/views/statistics/Statistics.test.js:105:9
            </failure>
        </testcase>
        <testcase classname="tests/views/statistics/Statistics.test.js" name="Statistics.vue &gt; 数据导出功能 &gt; 应该能够导出总体统计报告" time="0">
            <failure message="Cannot find module &apos;@/api/statistics&apos;
Require stack:
- /Users/mysoft/Code/AI Coding/party-management-system/frontend/tests/views/statistics/Statistics.test.js" type="Error">
Error: Cannot find module &apos;@/api/statistics&apos;
Require stack:
- /Users/mysoft/Code/AI Coding/party-management-system/frontend/tests/views/statistics/Statistics.test.js
 ❯ TracingChannel.traceSync node:diagnostics_channel:322:14
 ❯ tests/views/statistics/Statistics.test.js:105:9
            </failure>
        </testcase>
        <testcase classname="tests/views/statistics/Statistics.test.js" name="Statistics.vue &gt; 数据导出功能 &gt; 应该能够导出组织统计报告" time="0">
            <failure message="Cannot find module &apos;@/api/statistics&apos;
Require stack:
- /Users/mysoft/Code/AI Coding/party-management-system/frontend/tests/views/statistics/Statistics.test.js" type="Error">
Error: Cannot find module &apos;@/api/statistics&apos;
Require stack:
- /Users/mysoft/Code/AI Coding/party-management-system/frontend/tests/views/statistics/Statistics.test.js
 ❯ TracingChannel.traceSync node:diagnostics_channel:322:14
 ❯ tests/views/statistics/Statistics.test.js:105:9
            </failure>
        </testcase>
        <testcase classname="tests/views/statistics/Statistics.test.js" name="Statistics.vue &gt; 数据导出功能 &gt; 应该能够导出党费分析报告" time="0.001">
            <failure message="Cannot find module &apos;@/api/statistics&apos;
Require stack:
- /Users/mysoft/Code/AI Coding/party-management-system/frontend/tests/views/statistics/Statistics.test.js" type="Error">
Error: Cannot find module &apos;@/api/statistics&apos;
Require stack:
- /Users/mysoft/Code/AI Coding/party-management-system/frontend/tests/views/statistics/Statistics.test.js
 ❯ TracingChannel.traceSync node:diagnostics_channel:322:14
 ❯ tests/views/statistics/Statistics.test.js:105:9
            </failure>
        </testcase>
        <testcase classname="tests/views/statistics/Statistics.test.js" name="Statistics.vue &gt; 数据导出功能 &gt; 应该能够导出完整统计报告" time="0">
            <failure message="Cannot find module &apos;@/api/statistics&apos;
Require stack:
- /Users/mysoft/Code/AI Coding/party-management-system/frontend/tests/views/statistics/Statistics.test.js" type="Error">
Error: Cannot find module &apos;@/api/statistics&apos;
Require stack:
- /Users/mysoft/Code/AI Coding/party-management-system/frontend/tests/views/statistics/Statistics.test.js
 ❯ TracingChannel.traceSync node:diagnostics_channel:322:14
 ❯ tests/views/statistics/Statistics.test.js:105:9
            </failure>
        </testcase>
        <testcase classname="tests/views/statistics/Statistics.test.js" name="Statistics.vue &gt; 数据筛选和时间范围 &gt; 应该能够设置时间范围" time="0">
            <failure message="Cannot find module &apos;@/api/statistics&apos;
Require stack:
- /Users/mysoft/Code/AI Coding/party-management-system/frontend/tests/views/statistics/Statistics.test.js" type="Error">
Error: Cannot find module &apos;@/api/statistics&apos;
Require stack:
- /Users/mysoft/Code/AI Coding/party-management-system/frontend/tests/views/statistics/Statistics.test.js
 ❯ TracingChannel.traceSync node:diagnostics_channel:322:14
 ❯ tests/views/statistics/Statistics.test.js:105:9
            </failure>
        </testcase>
        <testcase classname="tests/views/statistics/Statistics.test.js" name="Statistics.vue &gt; 数据筛选和时间范围 &gt; 应该能够根据时间范围重新加载数据" time="0">
            <failure message="Cannot find module &apos;@/api/statistics&apos;
Require stack:
- /Users/mysoft/Code/AI Coding/party-management-system/frontend/tests/views/statistics/Statistics.test.js" type="Error">
Error: Cannot find module &apos;@/api/statistics&apos;
Require stack:
- /Users/mysoft/Code/AI Coding/party-management-system/frontend/tests/views/statistics/Statistics.test.js
 ❯ TracingChannel.traceSync node:diagnostics_channel:322:14
 ❯ tests/views/statistics/Statistics.test.js:105:9
            </failure>
        </testcase>
        <testcase classname="tests/views/statistics/Statistics.test.js" name="Statistics.vue &gt; 数据筛选和时间范围 &gt; 应该能够快速选择预设时间范围" time="0">
            <failure message="Cannot find module &apos;@/api/statistics&apos;
Require stack:
- /Users/mysoft/Code/AI Coding/party-management-system/frontend/tests/views/statistics/Statistics.test.js" type="Error">
Error: Cannot find module &apos;@/api/statistics&apos;
Require stack:
- /Users/mysoft/Code/AI Coding/party-management-system/frontend/tests/views/statistics/Statistics.test.js
 ❯ TracingChannel.traceSync node:diagnostics_channel:322:14
 ❯ tests/views/statistics/Statistics.test.js:105:9
            </failure>
        </testcase>
        <testcase classname="tests/views/statistics/Statistics.test.js" name="Statistics.vue &gt; 数据筛选和时间范围 &gt; 应该能够重置时间范围" time="0.001">
            <failure message="Cannot find module &apos;@/api/statistics&apos;
Require stack:
- /Users/mysoft/Code/AI Coding/party-management-system/frontend/tests/views/statistics/Statistics.test.js" type="Error">
Error: Cannot find module &apos;@/api/statistics&apos;
Require stack:
- /Users/mysoft/Code/AI Coding/party-management-system/frontend/tests/views/statistics/Statistics.test.js
 ❯ TracingChannel.traceSync node:diagnostics_channel:322:14
 ❯ tests/views/statistics/Statistics.test.js:105:9
            </failure>
        </testcase>
        <testcase classname="tests/views/statistics/Statistics.test.js" name="Statistics.vue &gt; 实时数据更新 &gt; 应该能够启动自动刷新" time="0">
            <failure message="Cannot find module &apos;@/api/statistics&apos;
Require stack:
- /Users/mysoft/Code/AI Coding/party-management-system/frontend/tests/views/statistics/Statistics.test.js" type="Error">
Error: Cannot find module &apos;@/api/statistics&apos;
Require stack:
- /Users/mysoft/Code/AI Coding/party-management-system/frontend/tests/views/statistics/Statistics.test.js
 ❯ TracingChannel.traceSync node:diagnostics_channel:322:14
 ❯ tests/views/statistics/Statistics.test.js:105:9
            </failure>
        </testcase>
        <testcase classname="tests/views/statistics/Statistics.test.js" name="Statistics.vue &gt; 实时数据更新 &gt; 应该能够停止自动刷新" time="0">
            <failure message="Cannot find module &apos;@/api/statistics&apos;
Require stack:
- /Users/mysoft/Code/AI Coding/party-management-system/frontend/tests/views/statistics/Statistics.test.js" type="Error">
Error: Cannot find module &apos;@/api/statistics&apos;
Require stack:
- /Users/mysoft/Code/AI Coding/party-management-system/frontend/tests/views/statistics/Statistics.test.js
 ❯ TracingChannel.traceSync node:diagnostics_channel:322:14
 ❯ tests/views/statistics/Statistics.test.js:105:9
            </failure>
        </testcase>
        <testcase classname="tests/views/statistics/Statistics.test.js" name="Statistics.vue &gt; 实时数据更新 &gt; 应该能够设置刷新间隔" time="0">
            <failure message="Cannot find module &apos;@/api/statistics&apos;
Require stack:
- /Users/mysoft/Code/AI Coding/party-management-system/frontend/tests/views/statistics/Statistics.test.js" type="Error">
Error: Cannot find module &apos;@/api/statistics&apos;
Require stack:
- /Users/mysoft/Code/AI Coding/party-management-system/frontend/tests/views/statistics/Statistics.test.js
 ❯ TracingChannel.traceSync node:diagnostics_channel:322:14
 ❯ tests/views/statistics/Statistics.test.js:105:9
            </failure>
        </testcase>
        <testcase classname="tests/views/statistics/Statistics.test.js" name="Statistics.vue &gt; 错误处理 &gt; 应该处理加载总体数据失败的情况" time="0.001">
            <failure message="Cannot find module &apos;@/api/statistics&apos;
Require stack:
- /Users/mysoft/Code/AI Coding/party-management-system/frontend/tests/views/statistics/Statistics.test.js" type="Error">
Error: Cannot find module &apos;@/api/statistics&apos;
Require stack:
- /Users/mysoft/Code/AI Coding/party-management-system/frontend/tests/views/statistics/Statistics.test.js
 ❯ TracingChannel.traceSync node:diagnostics_channel:322:14
 ❯ tests/views/statistics/Statistics.test.js:105:9
            </failure>
        </testcase>
        <testcase classname="tests/views/statistics/Statistics.test.js" name="Statistics.vue &gt; 错误处理 &gt; 应该处理加载组织数据失败的情况" time="0">
            <failure message="Cannot find module &apos;@/api/statistics&apos;
Require stack:
- /Users/mysoft/Code/AI Coding/party-management-system/frontend/tests/views/statistics/Statistics.test.js" type="Error">
Error: Cannot find module &apos;@/api/statistics&apos;
Require stack:
- /Users/mysoft/Code/AI Coding/party-management-system/frontend/tests/views/statistics/Statistics.test.js
 ❯ TracingChannel.traceSync node:diagnostics_channel:322:14
 ❯ tests/views/statistics/Statistics.test.js:105:9
            </failure>
        </testcase>
        <testcase classname="tests/views/statistics/Statistics.test.js" name="Statistics.vue &gt; 错误处理 &gt; 应该处理导出报告失败的情况" time="0">
            <failure message="Cannot find module &apos;@/api/statistics&apos;
Require stack:
- /Users/mysoft/Code/AI Coding/party-management-system/frontend/tests/views/statistics/Statistics.test.js" type="Error">
Error: Cannot find module &apos;@/api/statistics&apos;
Require stack:
- /Users/mysoft/Code/AI Coding/party-management-system/frontend/tests/views/statistics/Statistics.test.js
 ❯ TracingChannel.traceSync node:diagnostics_channel:322:14
 ❯ tests/views/statistics/Statistics.test.js:105:9
            </failure>
        </testcase>
        <testcase classname="tests/views/statistics/Statistics.test.js" name="Statistics.vue &gt; 错误处理 &gt; 应该处理图表初始化失败的情况" time="0">
            <failure message="Cannot find module &apos;@/api/statistics&apos;
Require stack:
- /Users/mysoft/Code/AI Coding/party-management-system/frontend/tests/views/statistics/Statistics.test.js" type="Error">
Error: Cannot find module &apos;@/api/statistics&apos;
Require stack:
- /Users/mysoft/Code/AI Coding/party-management-system/frontend/tests/views/statistics/Statistics.test.js
 ❯ TracingChannel.traceSync node:diagnostics_channel:322:14
 ❯ tests/views/statistics/Statistics.test.js:105:9
            </failure>
        </testcase>
        <testcase classname="tests/views/statistics/Statistics.test.js" name="Statistics.vue &gt; 响应式设计 &gt; 应该能够检测屏幕尺寸变化" time="0.001">
            <failure message="Cannot find module &apos;@/api/statistics&apos;
Require stack:
- /Users/mysoft/Code/AI Coding/party-management-system/frontend/tests/views/statistics/Statistics.test.js" type="Error">
Error: Cannot find module &apos;@/api/statistics&apos;
Require stack:
- /Users/mysoft/Code/AI Coding/party-management-system/frontend/tests/views/statistics/Statistics.test.js
 ❯ TracingChannel.traceSync node:diagnostics_channel:322:14
 ❯ tests/views/statistics/Statistics.test.js:105:9
            </failure>
        </testcase>
        <testcase classname="tests/views/statistics/Statistics.test.js" name="Statistics.vue &gt; 响应式设计 &gt; 应该能够适配移动端显示" time="0">
            <failure message="Cannot find module &apos;@/api/statistics&apos;
Require stack:
- /Users/mysoft/Code/AI Coding/party-management-system/frontend/tests/views/statistics/Statistics.test.js" type="Error">
Error: Cannot find module &apos;@/api/statistics&apos;
Require stack:
- /Users/mysoft/Code/AI Coding/party-management-system/frontend/tests/views/statistics/Statistics.test.js
 ❯ TracingChannel.traceSync node:diagnostics_channel:322:14
 ❯ tests/views/statistics/Statistics.test.js:105:9
            </failure>
        </testcase>
        <testcase classname="tests/views/statistics/Statistics.test.js" name="Statistics.vue &gt; 数据缓存 &gt; 应该能够缓存统计数据" time="0">
            <failure message="Cannot find module &apos;@/api/statistics&apos;
Require stack:
- /Users/mysoft/Code/AI Coding/party-management-system/frontend/tests/views/statistics/Statistics.test.js" type="Error">
Error: Cannot find module &apos;@/api/statistics&apos;
Require stack:
- /Users/mysoft/Code/AI Coding/party-management-system/frontend/tests/views/statistics/Statistics.test.js
 ❯ TracingChannel.traceSync node:diagnostics_channel:322:14
 ❯ tests/views/statistics/Statistics.test.js:105:9
            </failure>
        </testcase>
        <testcase classname="tests/views/statistics/Statistics.test.js" name="Statistics.vue &gt; 数据缓存 &gt; 应该能够清除过期缓存" time="0">
            <failure message="Cannot find module &apos;@/api/statistics&apos;
Require stack:
- /Users/mysoft/Code/AI Coding/party-management-system/frontend/tests/views/statistics/Statistics.test.js" type="Error">
Error: Cannot find module &apos;@/api/statistics&apos;
Require stack:
- /Users/mysoft/Code/AI Coding/party-management-system/frontend/tests/views/statistics/Statistics.test.js
 ❯ TracingChannel.traceSync node:diagnostics_channel:322:14
 ❯ tests/views/statistics/Statistics.test.js:105:9
            </failure>
        </testcase>
        <testcase classname="tests/views/statistics/Statistics.test.js" name="Statistics.vue &gt; 数据缓存 &gt; 应该能够清除所有缓存" time="0">
            <failure message="Cannot find module &apos;@/api/statistics&apos;
Require stack:
- /Users/mysoft/Code/AI Coding/party-management-system/frontend/tests/views/statistics/Statistics.test.js" type="Error">
Error: Cannot find module &apos;@/api/statistics&apos;
Require stack:
- /Users/mysoft/Code/AI Coding/party-management-system/frontend/tests/views/statistics/Statistics.test.js
 ❯ TracingChannel.traceSync node:diagnostics_channel:322:14
 ❯ tests/views/statistics/Statistics.test.js:105:9
            </failure>
        </testcase>
        <testcase classname="tests/views/statistics/Statistics.test.js" name="Statistics.vue &gt; 性能优化 &gt; 应该能够防抖数据刷新" time="0.001">
            <failure message="Cannot find module &apos;@/api/statistics&apos;
Require stack:
- /Users/mysoft/Code/AI Coding/party-management-system/frontend/tests/views/statistics/Statistics.test.js" type="Error">
Error: Cannot find module &apos;@/api/statistics&apos;
Require stack:
- /Users/mysoft/Code/AI Coding/party-management-system/frontend/tests/views/statistics/Statistics.test.js
 ❯ TracingChannel.traceSync node:diagnostics_channel:322:14
 ❯ tests/views/statistics/Statistics.test.js:105:9
            </failure>
        </testcase>
        <testcase classname="tests/views/statistics/Statistics.test.js" name="Statistics.vue &gt; 性能优化 &gt; 应该能够节流图表更新" time="0">
            <failure message="Cannot find module &apos;@/api/statistics&apos;
Require stack:
- /Users/mysoft/Code/AI Coding/party-management-system/frontend/tests/views/statistics/Statistics.test.js" type="Error">
Error: Cannot find module &apos;@/api/statistics&apos;
Require stack:
- /Users/mysoft/Code/AI Coding/party-management-system/frontend/tests/views/statistics/Statistics.test.js
 ❯ TracingChannel.traceSync node:diagnostics_channel:322:14
 ❯ tests/views/statistics/Statistics.test.js:105:9
            </failure>
        </testcase>
    </testsuite>
    <testsuite name="tests/views/user/UserManagement.test.js" timestamp="2025-08-25T10:08:31.242Z" hostname="Mac-mini.local" tests="23" failures="23" errors="0" skipped="0" time="0.02">
        <testcase classname="tests/views/user/UserManagement.test.js" name="UserManagement &gt; renders correctly" time="0.009">
            <failure message="Cannot find module &apos;@/api/user&apos;
Require stack:
- /Users/mysoft/Code/AI Coding/party-management-system/frontend/tests/views/user/UserManagement.test.js" type="Error">
Error: Cannot find module &apos;@/api/user&apos;
Require stack:
- /Users/mysoft/Code/AI Coding/party-management-system/frontend/tests/views/user/UserManagement.test.js
 ❯ TracingChannel.traceSync node:diagnostics_channel:322:14
 ❯ tests/views/user/UserManagement.test.js:97:26
            </failure>
        </testcase>
        <testcase classname="tests/views/user/UserManagement.test.js" name="UserManagement &gt; loads users on mount" time="0.003">
            <failure message="Cannot find module &apos;@/api/user&apos;
Require stack:
- /Users/mysoft/Code/AI Coding/party-management-system/frontend/tests/views/user/UserManagement.test.js" type="Error">
Error: Cannot find module &apos;@/api/user&apos;
Require stack:
- /Users/mysoft/Code/AI Coding/party-management-system/frontend/tests/views/user/UserManagement.test.js
 ❯ TracingChannel.traceSync node:diagnostics_channel:322:14
 ❯ tests/views/user/UserManagement.test.js:97:26
            </failure>
        </testcase>
        <testcase classname="tests/views/user/UserManagement.test.js" name="UserManagement &gt; loads organizations on mount" time="0">
            <failure message="Cannot find module &apos;@/api/user&apos;
Require stack:
- /Users/mysoft/Code/AI Coding/party-management-system/frontend/tests/views/user/UserManagement.test.js" type="Error">
Error: Cannot find module &apos;@/api/user&apos;
Require stack:
- /Users/mysoft/Code/AI Coding/party-management-system/frontend/tests/views/user/UserManagement.test.js
 ❯ TracingChannel.traceSync node:diagnostics_channel:322:14
 ❯ tests/views/user/UserManagement.test.js:97:26
            </failure>
        </testcase>
        <testcase classname="tests/views/user/UserManagement.test.js" name="UserManagement &gt; handles search functionality" time="0">
            <failure message="Cannot find module &apos;@/api/user&apos;
Require stack:
- /Users/mysoft/Code/AI Coding/party-management-system/frontend/tests/views/user/UserManagement.test.js" type="Error">
Error: Cannot find module &apos;@/api/user&apos;
Require stack:
- /Users/mysoft/Code/AI Coding/party-management-system/frontend/tests/views/user/UserManagement.test.js
 ❯ TracingChannel.traceSync node:diagnostics_channel:322:14
 ❯ tests/views/user/UserManagement.test.js:97:26
            </failure>
        </testcase>
        <testcase classname="tests/views/user/UserManagement.test.js" name="UserManagement &gt; handles reset search" time="0.001">
            <failure message="Cannot find module &apos;@/api/user&apos;
Require stack:
- /Users/mysoft/Code/AI Coding/party-management-system/frontend/tests/views/user/UserManagement.test.js" type="Error">
Error: Cannot find module &apos;@/api/user&apos;
Require stack:
- /Users/mysoft/Code/AI Coding/party-management-system/frontend/tests/views/user/UserManagement.test.js
 ❯ TracingChannel.traceSync node:diagnostics_channel:322:14
 ❯ tests/views/user/UserManagement.test.js:97:26
            </failure>
        </testcase>
        <testcase classname="tests/views/user/UserManagement.test.js" name="UserManagement &gt; opens add user dialog" time="0">
            <failure message="Cannot find module &apos;@/api/user&apos;
Require stack:
- /Users/mysoft/Code/AI Coding/party-management-system/frontend/tests/views/user/UserManagement.test.js" type="Error">
Error: Cannot find module &apos;@/api/user&apos;
Require stack:
- /Users/mysoft/Code/AI Coding/party-management-system/frontend/tests/views/user/UserManagement.test.js
 ❯ TracingChannel.traceSync node:diagnostics_channel:322:14
 ❯ tests/views/user/UserManagement.test.js:97:26
            </failure>
        </testcase>
        <testcase classname="tests/views/user/UserManagement.test.js" name="UserManagement &gt; opens edit user dialog" time="0">
            <failure message="Cannot find module &apos;@/api/user&apos;
Require stack:
- /Users/mysoft/Code/AI Coding/party-management-system/frontend/tests/views/user/UserManagement.test.js" type="Error">
Error: Cannot find module &apos;@/api/user&apos;
Require stack:
- /Users/mysoft/Code/AI Coding/party-management-system/frontend/tests/views/user/UserManagement.test.js
 ❯ TracingChannel.traceSync node:diagnostics_channel:322:14
 ❯ tests/views/user/UserManagement.test.js:97:26
            </failure>
        </testcase>
        <testcase classname="tests/views/user/UserManagement.test.js" name="UserManagement &gt; handles user creation" time="0.001">
            <failure message="Cannot find module &apos;@/api/user&apos;
Require stack:
- /Users/mysoft/Code/AI Coding/party-management-system/frontend/tests/views/user/UserManagement.test.js" type="Error">
Error: Cannot find module &apos;@/api/user&apos;
Require stack:
- /Users/mysoft/Code/AI Coding/party-management-system/frontend/tests/views/user/UserManagement.test.js
 ❯ TracingChannel.traceSync node:diagnostics_channel:322:14
 ❯ tests/views/user/UserManagement.test.js:97:26
            </failure>
        </testcase>
        <testcase classname="tests/views/user/UserManagement.test.js" name="UserManagement &gt; handles user update" time="0">
            <failure message="Cannot find module &apos;@/api/user&apos;
Require stack:
- /Users/mysoft/Code/AI Coding/party-management-system/frontend/tests/views/user/UserManagement.test.js" type="Error">
Error: Cannot find module &apos;@/api/user&apos;
Require stack:
- /Users/mysoft/Code/AI Coding/party-management-system/frontend/tests/views/user/UserManagement.test.js
 ❯ TracingChannel.traceSync node:diagnostics_channel:322:14
 ❯ tests/views/user/UserManagement.test.js:97:26
            </failure>
        </testcase>
        <testcase classname="tests/views/user/UserManagement.test.js" name="UserManagement &gt; handles user deletion" time="0.001">
            <failure message="Cannot find module &apos;@/api/user&apos;
Require stack:
- /Users/mysoft/Code/AI Coding/party-management-system/frontend/tests/views/user/UserManagement.test.js" type="Error">
Error: Cannot find module &apos;@/api/user&apos;
Require stack:
- /Users/mysoft/Code/AI Coding/party-management-system/frontend/tests/views/user/UserManagement.test.js
 ❯ TracingChannel.traceSync node:diagnostics_channel:322:14
 ❯ tests/views/user/UserManagement.test.js:97:26
            </failure>
        </testcase>
        <testcase classname="tests/views/user/UserManagement.test.js" name="UserManagement &gt; handles batch deletion" time="0">
            <failure message="Cannot find module &apos;@/api/user&apos;
Require stack:
- /Users/mysoft/Code/AI Coding/party-management-system/frontend/tests/views/user/UserManagement.test.js" type="Error">
Error: Cannot find module &apos;@/api/user&apos;
Require stack:
- /Users/mysoft/Code/AI Coding/party-management-system/frontend/tests/views/user/UserManagement.test.js
 ❯ TracingChannel.traceSync node:diagnostics_channel:322:14
 ❯ tests/views/user/UserManagement.test.js:97:26
            </failure>
        </testcase>
        <testcase classname="tests/views/user/UserManagement.test.js" name="UserManagement &gt; handles user activation" time="0">
            <failure message="Cannot find module &apos;@/api/user&apos;
Require stack:
- /Users/mysoft/Code/AI Coding/party-management-system/frontend/tests/views/user/UserManagement.test.js" type="Error">
Error: Cannot find module &apos;@/api/user&apos;
Require stack:
- /Users/mysoft/Code/AI Coding/party-management-system/frontend/tests/views/user/UserManagement.test.js
 ❯ TracingChannel.traceSync node:diagnostics_channel:322:14
 ❯ tests/views/user/UserManagement.test.js:97:26
            </failure>
        </testcase>
        <testcase classname="tests/views/user/UserManagement.test.js" name="UserManagement &gt; handles user deactivation" time="0">
            <failure message="Cannot find module &apos;@/api/user&apos;
Require stack:
- /Users/mysoft/Code/AI Coding/party-management-system/frontend/tests/views/user/UserManagement.test.js" type="Error">
Error: Cannot find module &apos;@/api/user&apos;
Require stack:
- /Users/mysoft/Code/AI Coding/party-management-system/frontend/tests/views/user/UserManagement.test.js
 ❯ TracingChannel.traceSync node:diagnostics_channel:322:14
 ❯ tests/views/user/UserManagement.test.js:97:26
            </failure>
        </testcase>
        <testcase classname="tests/views/user/UserManagement.test.js" name="UserManagement &gt; handles password reset" time="0.001">
            <failure message="Cannot find module &apos;@/api/user&apos;
Require stack:
- /Users/mysoft/Code/AI Coding/party-management-system/frontend/tests/views/user/UserManagement.test.js" type="Error">
Error: Cannot find module &apos;@/api/user&apos;
Require stack:
- /Users/mysoft/Code/AI Coding/party-management-system/frontend/tests/views/user/UserManagement.test.js
 ❯ TracingChannel.traceSync node:diagnostics_channel:322:14
 ❯ tests/views/user/UserManagement.test.js:97:26
            </failure>
        </testcase>
        <testcase classname="tests/views/user/UserManagement.test.js" name="UserManagement &gt; handles pagination change" time="0">
            <failure message="Cannot find module &apos;@/api/user&apos;
Require stack:
- /Users/mysoft/Code/AI Coding/party-management-system/frontend/tests/views/user/UserManagement.test.js" type="Error">
Error: Cannot find module &apos;@/api/user&apos;
Require stack:
- /Users/mysoft/Code/AI Coding/party-management-system/frontend/tests/views/user/UserManagement.test.js
 ❯ TracingChannel.traceSync node:diagnostics_channel:322:14
 ❯ tests/views/user/UserManagement.test.js:97:26
            </failure>
        </testcase>
        <testcase classname="tests/views/user/UserManagement.test.js" name="UserManagement &gt; handles page size change" time="0">
            <failure message="Cannot find module &apos;@/api/user&apos;
Require stack:
- /Users/mysoft/Code/AI Coding/party-management-system/frontend/tests/views/user/UserManagement.test.js" type="Error">
Error: Cannot find module &apos;@/api/user&apos;
Require stack:
- /Users/mysoft/Code/AI Coding/party-management-system/frontend/tests/views/user/UserManagement.test.js
 ❯ TracingChannel.traceSync node:diagnostics_channel:322:14
 ❯ tests/views/user/UserManagement.test.js:97:26
            </failure>
        </testcase>
        <testcase classname="tests/views/user/UserManagement.test.js" name="UserManagement &gt; validates form before submission" time="0.001">
            <failure message="Cannot find module &apos;@/api/user&apos;
Require stack:
- /Users/mysoft/Code/AI Coding/party-management-system/frontend/tests/views/user/UserManagement.test.js" type="Error">
Error: Cannot find module &apos;@/api/user&apos;
Require stack:
- /Users/mysoft/Code/AI Coding/party-management-system/frontend/tests/views/user/UserManagement.test.js
 ❯ TracingChannel.traceSync node:diagnostics_channel:322:14
 ❯ tests/views/user/UserManagement.test.js:97:26
            </failure>
        </testcase>
        <testcase classname="tests/views/user/UserManagement.test.js" name="UserManagement &gt; formats user status correctly" time="0">
            <failure message="Cannot find module &apos;@/api/user&apos;
Require stack:
- /Users/mysoft/Code/AI Coding/party-management-system/frontend/tests/views/user/UserManagement.test.js" type="Error">
Error: Cannot find module &apos;@/api/user&apos;
Require stack:
- /Users/mysoft/Code/AI Coding/party-management-system/frontend/tests/views/user/UserManagement.test.js
 ❯ TracingChannel.traceSync node:diagnostics_channel:322:14
 ❯ tests/views/user/UserManagement.test.js:97:26
            </failure>
        </testcase>
        <testcase classname="tests/views/user/UserManagement.test.js" name="UserManagement &gt; formats party status correctly" time="0">
            <failure message="Cannot find module &apos;@/api/user&apos;
Require stack:
- /Users/mysoft/Code/AI Coding/party-management-system/frontend/tests/views/user/UserManagement.test.js" type="Error">
Error: Cannot find module &apos;@/api/user&apos;
Require stack:
- /Users/mysoft/Code/AI Coding/party-management-system/frontend/tests/views/user/UserManagement.test.js
 ❯ TracingChannel.traceSync node:diagnostics_channel:322:14
 ❯ tests/views/user/UserManagement.test.js:97:26
            </failure>
        </testcase>
        <testcase classname="tests/views/user/UserManagement.test.js" name="UserManagement &gt; formats gender correctly" time="0.001">
            <failure message="Cannot find module &apos;@/api/user&apos;
Require stack:
- /Users/mysoft/Code/AI Coding/party-management-system/frontend/tests/views/user/UserManagement.test.js" type="Error">
Error: Cannot find module &apos;@/api/user&apos;
Require stack:
- /Users/mysoft/Code/AI Coding/party-management-system/frontend/tests/views/user/UserManagement.test.js
 ❯ TracingChannel.traceSync node:diagnostics_channel:322:14
 ❯ tests/views/user/UserManagement.test.js:97:26
            </failure>
        </testcase>
        <testcase classname="tests/views/user/UserManagement.test.js" name="UserManagement &gt; calculates user statistics correctly" time="0">
            <failure message="Cannot find module &apos;@/api/user&apos;
Require stack:
- /Users/mysoft/Code/AI Coding/party-management-system/frontend/tests/views/user/UserManagement.test.js" type="Error">
Error: Cannot find module &apos;@/api/user&apos;
Require stack:
- /Users/mysoft/Code/AI Coding/party-management-system/frontend/tests/views/user/UserManagement.test.js
 ❯ TracingChannel.traceSync node:diagnostics_channel:322:14
 ❯ tests/views/user/UserManagement.test.js:97:26
            </failure>
        </testcase>
        <testcase classname="tests/views/user/UserManagement.test.js" name="UserManagement &gt; filters users by search criteria" time="0">
            <failure message="Cannot find module &apos;@/api/user&apos;
Require stack:
- /Users/mysoft/Code/AI Coding/party-management-system/frontend/tests/views/user/UserManagement.test.js" type="Error">
Error: Cannot find module &apos;@/api/user&apos;
Require stack:
- /Users/mysoft/Code/AI Coding/party-management-system/frontend/tests/views/user/UserManagement.test.js
 ❯ TracingChannel.traceSync node:diagnostics_channel:322:14
 ❯ tests/views/user/UserManagement.test.js:97:26
            </failure>
        </testcase>
        <testcase classname="tests/views/user/UserManagement.test.js" name="UserManagement &gt; exports user data correctly" time="0.001">
            <failure message="Cannot find module &apos;@/api/user&apos;
Require stack:
- /Users/mysoft/Code/AI Coding/party-management-system/frontend/tests/views/user/UserManagement.test.js" type="Error">
Error: Cannot find module &apos;@/api/user&apos;
Require stack:
- /Users/mysoft/Code/AI Coding/party-management-system/frontend/tests/views/user/UserManagement.test.js
 ❯ TracingChannel.traceSync node:diagnostics_channel:322:14
 ❯ tests/views/user/UserManagement.test.js:97:26
            </failure>
        </testcase>
    </testsuite>
</testsuites>
